Set parameter LicenseID to value 2606552
Set parameter NodeLimit to value 5000
Set parameter TimeLimit to value 900
Set parameter MIPGap to value 0.1
Set parameter LogFile to value "gurobi.log"
Set parameter Threads to value 12
Using license file /Users/facuspira/gurobi.lic

Gurobi Optimizer version 12.0.0 build v12.0.0rc1 (mac64[arm] - Darwin 24.2.0 24C101)
Copyright (c) 2024, Gurobi Optimization, LLC

Read LP format model from file /var/folders/_g/qmy1pwhn0n38nzvw5fd66fsw0000gn/T/57c917c29eba472fbcb19e7f4cedb8ec-pulp.lp
Reading time = 0.00 seconds
OBJ: 1294 rows, 1864 columns, 11334 nonzeros

Using Gurobi shared library /Library/gurobi1200/macos_universal2/lib/libgurobi120.dylib

CPU model: Apple M1
Thread count: 8 physical cores, 8 logical processors, using up to 12 threads

Warning: Thread count (12) is larger than processor count (8)
         Reduce the value of the Threads parameter to improve performance


Non-default parameters:
NodeLimit  5000
TimeLimit  900
MIPGap  0.1
Threads  12

Optimize a model with 1294 rows, 1864 columns and 11334 nonzeros
Model fingerprint: 0x6698c363
Variable types: 0 continuous, 1864 integer (1504 binary)
Coefficient statistics:
  Matrix range     [1e+00, 7e+01]
  Objective range  [3e-02, 2e+00]
  Bounds range     [1e+00, 1e+00]
  RHS range        [1e+00, 1e+02]
Presolve removed 595 rows and 257 columns
Presolve time: 0.01s
Presolved: 699 rows, 1607 columns, 7672 nonzeros
Variable types: 0 continuous, 1607 integer (1367 binary)

Root relaxation: objective 2.407109e+00, 539 iterations, 0.01 seconds (0.01 work units)

    Nodes    |    Current Node    |     Objective Bounds      |     Work
 Expl Unexpl |  Obj  Depth IntInf | Incumbent    BestBd   Gap | It/Node Time

     0     0    2.40711    0  321          -    2.40711      -     -    0s
H    0     0                      21.2564164    2.40711  88.7%     -    0s
     0     0    2.45473    0  360   21.25642    2.45473  88.5%     -    0s
     0     0    2.58171    0  360   21.25642    2.58171  87.9%     -    0s
H    0     0                      16.8567919    2.58171  84.7%     -    0s
     0     0    2.58171    0  373   16.85679    2.58171  84.7%     -    0s
     0     0    2.58171    0  382   16.85679    2.58171  84.7%     -    0s
     0     0    2.60934    0  434   16.85679    2.60934  84.5%     -    0s
     0     0    2.61047    0  428   16.85679    2.61047  84.5%     -    0s
H    0     0                      16.6915141    2.70286  83.8%     -    0s
     0     0    2.70286    0  465   16.69151    2.70286  83.8%     -    0s
     0     0    2.72258    0  458   16.69151    2.72258  83.7%     -    0s
     0     0    2.72738    0  474   16.69151    2.72738  83.7%     -    0s
     0     0    2.72807    0  480   16.69151    2.72807  83.7%     -    0s
     0     0    2.72838    0  481   16.69151    2.72838  83.7%     -    0s
     0     0    2.72852    0  480   16.69151    2.72852  83.7%     -    0s
     0     0    2.72853    0  486   16.69151    2.72853  83.7%     -    0s
     0     0    2.75301    0  488   16.69151    2.75301  83.5%     -    0s
     0     0    2.77188    0  523   16.69151    2.77188  83.4%     -    0s
     0     0    2.77459    0  528   16.69151    2.77459  83.4%     -    0s
     0     0    2.77525    0  536   16.69151    2.77525  83.4%     -    0s
     0     0    2.77552    0  540   16.69151    2.77552  83.4%     -    0s
     0     0    2.77562    0  546   16.69151    2.77562  83.4%     -    0s
     0     0    2.84005    0  558   16.69151    2.84005  83.0%     -    0s
     0     0    2.84709    0  584   16.69151    2.84709  82.9%     -    0s
     0     0    2.84864    0  584   16.69151    2.84864  82.9%     -    0s
     0     0    2.84962    0  593   16.69151    2.84962  82.9%     -    0s
     0     0    2.84981    0  604   16.69151    2.84981  82.9%     -    0s
     0     0    2.88856    0  598   16.69151    2.88856  82.7%     -    0s
     0     0    2.89497    0  608   16.69151    2.89497  82.7%     -    0s
     0     0    2.89526    0  604   16.69151    2.89526  82.7%     -    0s
     0     0    2.94840    0  623   16.69151    2.94840  82.3%     -    0s
     0     0    2.96111    0  644   16.69151    2.96111  82.3%     -    0s
     0     0    2.96359    0  630   16.69151    2.96359  82.2%     -    0s
     0     0    2.96462    0  636   16.69151    2.96462  82.2%     -    0s
     0     0    2.96476    0  641   16.69151    2.96476  82.2%     -    0s
     0     0    3.00616    0  647   16.69151    3.00616  82.0%     -    0s
     0     0    3.00874    0  652   16.69151    3.00874  82.0%     -    0s
     0     0    3.00895    0  660   16.69151    3.00895  82.0%     -    0s
     0     0    3.05464    0  666   16.69151    3.05464  81.7%     -    0s
     0     0    3.06249    0  667   16.69151    3.06249  81.7%     -    0s
     0     0    3.06429    0  674   16.69151    3.06429  81.6%     -    0s
     0     0    3.06468    0  673   16.69151    3.06468  81.6%     -    0s
     0     0    3.12861    0  678   16.69151    3.12861  81.3%     -    0s
     0     0    3.13872    0  690   16.69151    3.13872  81.2%     -    0s
     0     0    3.14106    0  697   16.69151    3.14106  81.2%     -    0s
     0     0    3.14144    0  700   16.69151    3.14144  81.2%     -    0s
     0     0    3.22209    0  679   16.69151    3.22209  80.7%     -    0s
     0     0    3.22782    0  679   16.69151    3.22782  80.7%     -    0s
     0     0    3.22937    0  690   16.69151    3.22937  80.7%     -    0s
     0     0    3.23050    0  699   16.69151    3.23050  80.6%     -    0s
     0     0    3.23086    0  703   16.69151    3.23086  80.6%     -    0s
     0     0    3.28239    0  691   16.69151    3.28239  80.3%     -    1s
     0     0    3.29083    0  699   16.69151    3.29083  80.3%     -    1s
     0     0    3.29314    0  700   16.69151    3.29314  80.3%     -    1s
     0     0    3.29444    0  702   16.69151    3.29444  80.3%     -    1s
     0     0    3.29480    0  706   16.69151    3.29480  80.3%     -    1s
     0     0    3.31646    0  696   16.69151    3.31646  80.1%     -    1s
     0     0    3.32470    0  707   16.69151    3.32470  80.1%     -    1s
H    0     0                      16.6105617    3.32704  80.0%     -    1s
     0     0    3.32704    0  715   16.61056    3.32704  80.0%     -    1s
     0     0    3.32825    0  715   16.61056    3.32825  80.0%     -    1s
     0     0    3.32858    0  722   16.61056    3.32858  80.0%     -    1s
     0     0    3.35227    0  702   16.61056    3.35227  79.8%     -    1s
H    0     0                      16.5101649    3.36095  79.6%     -    1s
     0     0    3.36095    0  712   16.51016    3.36095  79.6%     -    1s
     0     0    3.36414    0  726   16.51016    3.36414  79.6%     -    1s
     0     0    3.36477    0  728   16.51016    3.36477  79.6%     -    1s
     0     0    3.39870    0  710   16.51016    3.39870  79.4%     -    1s
     0     0    3.40290    0  717   16.51016    3.40290  79.4%     -    1s
     0     0    3.40392    0  727   16.51016    3.40392  79.4%     -    1s
H    0     0                      16.4684983    3.40479  79.3%     -    1s
     0     0    3.40479    0  720   16.46850    3.40479  79.3%     -    1s
H    0     0                      15.8871821    3.40479  78.6%     -    1s
     0     0    3.42477    0  727   15.88718    3.42477  78.4%     -    1s
     0     0    3.42919    0  745   15.88718    3.42919  78.4%     -    1s
     0     0    3.43035    0  742   15.88718    3.43035  78.4%     -    1s
     0     0    3.43067    0  757   15.88718    3.43067  78.4%     -    1s
     0     0    3.46201    0  734   15.88718    3.46201  78.2%     -    1s
     0     0    3.46669    0  737   15.88718    3.46669  78.2%     -    1s
     0     0    3.46834    0  742   15.88718    3.46834  78.2%     -    1s
     0     0    3.46911    0  741   15.88718    3.46911  78.2%     -    1s
     0     0    3.49657    0  738   15.88718    3.49657  78.0%     -    1s
     0     0    3.50595    0  748   15.88718    3.50595  77.9%     -    1s
     0     0    3.50899    0  770   15.88718    3.50899  77.9%     -    1s
     0     0    3.50968    0  769   15.88718    3.50968  77.9%     -    1s
     0     0    3.68406    0  727   15.88718    3.68406  76.8%     -    1s
     0     0    3.70227    0  741   15.88718    3.70227  76.7%     -    1s
     0     0    3.70635    0  756   15.88718    3.70635  76.7%     -    1s
     0     0    3.70706    0  755   15.88718    3.70706  76.7%     -    1s
     0     0    3.74100    0  756   15.88718    3.74100  76.5%     -    1s
     0     0    3.74764    0  751   15.88718    3.74764  76.4%     -    1s
     0     0    3.75027    0  758   15.88718    3.75027  76.4%     -    1s
     0     0    3.75047    0  768   15.88718    3.75047  76.4%     -    1s
     0     0    3.77766    0  764   15.88718    3.77766  76.2%     -    1s
     0     0    3.78040    0  768   15.88718    3.78040  76.2%     -    1s
     0     0    3.78150    0  775   15.88718    3.78150  76.2%     -    1s
     0     0    3.81180    0  764   15.88718    3.81180  76.0%     -    1s
     0     0    3.81776    0  760   15.88718    3.81776  76.0%     -    2s
     0     0    3.81877    0  768   15.88718    3.81877  76.0%     -    2s
     0     0    3.83571    0  768   15.88718    3.83571  75.9%     -    2s
     0     0    3.84361    0  778   15.88718    3.84361  75.8%     -    2s
     0     0    3.84517    0  779   15.88718    3.84517  75.8%     -    2s
     0     0    3.86327    0  762   15.88718    3.86327  75.7%     -    2s
     0     0    3.86940    0  773   15.88718    3.86940  75.6%     -    2s
H    0     0                      15.5111900    3.87146  75.0%     -    2s
     0     0    3.87146    0  785   15.51119    3.87146  75.0%     -    2s
     0     0    3.87254    0  789   15.51119    3.87254  75.0%     -    2s
     0     0    3.89352    0  749   15.51119    3.89352  74.9%     -    2s
     0     0    3.90184    0  780   15.51119    3.90184  74.8%     -    2s
     0     0    3.90413    0  784   15.51119    3.90413  74.8%     -    2s
     0     0    3.90459    0  785   15.51119    3.90459  74.8%     -    2s
     0     0    3.91846    0  765   15.51119    3.91846  74.7%     -    2s
     0     0    3.92440    0  779   15.51119    3.92440  74.7%     -    2s
     0     0    3.92551    0  778   15.51119    3.92551  74.7%     -    2s
     0     0    3.93758    0  779   15.51119    3.93758  74.6%     -    2s
     0     0    3.93942    0  794   15.51119    3.93942  74.6%     -    2s
     0     0    3.94013    0  797   15.51119    3.94013  74.6%     -    2s
     0     0    3.94458    0  796   15.51119    3.94458  74.6%     -    2s
     0     0    3.94464    0  790   15.51119    3.94464  74.6%     -    2s
     0     2    3.94464    0  788   15.51119    3.94464  74.6%     -    2s
H  165   165                      14.9975988    4.14916  72.3%   213    3s
H  228   220                      14.7989877    4.14916  72.0%   188    3s
   427   399    4.97994   19  676   14.79899    4.16556  71.9%   160    5s
  2104  1761    4.61412    9  921   14.79899    4.61412  68.8%  92.2   10s
H 2136  1692                      14.7447879    4.91795  66.6%  90.8   12s
H 2136  1606                      14.7316063    4.91795  66.6%  90.8   12s
  2155  1624    4.94533   19  954   14.73161    4.92939  66.5%   104   15s
H 2271  1636                      14.4232730    4.96944  65.5%   120   16s
H 2723  1773                      14.3895748    4.96944  65.5%   132   18s
  2886  1862    7.10336   44  742   14.38957    4.96944  65.5%   133   20s
  4112  2326    5.85609   28  783   14.38957    5.01127  65.2%   127   25s
H 4582  2434                      14.2586107    5.01127  64.9%   125   26s

Cutting planes:
  Gomory: 30
  Cover: 148
  Clique: 16
  MIR: 658
  StrongCG: 71
  Flow cover: 265
  GUB cover: 249
  Zero half: 162
  RLT: 4
  Relax-and-lift: 4

Explored 5019 nodes (654856 simplex iterations) in 27.46 seconds (42.42 work units)
Thread count was 12 (of 8 available processors)

Solution count 10: 14.2586 14.3896 14.4233 ... 15.5112

Node limit reached
Best objective 1.425861068442e+01, best bound 5.011268032153e+00, gap 64.8544%

Wrote result file '/var/folders/_g/qmy1pwhn0n38nzvw5fd66fsw0000gn/T/57c917c29eba472fbcb19e7f4cedb8ec-pulp.sol'

Status: Optimal
w_('cDiv',_'cDivv',_0) = 0.0
w_('cDiv',_'cDivv',_1) = 1.0
w_('cDiv',_'cDivv',_2) = 0.0
w_('cDiv',_'cDivv',_3) = 0.0
w_('cDiv',_'cDivv',_4) = 0.0
w_('cDiv',_'cDivv',_5) = 0.0
w_('cDiv',_'cDivv',_6) = 0.0
w_('cDiv',_'cDivv',_7) = 0.0
w_('cDiv',_'cDivv',_8) = 0.0
w_('cDiv',_'cV',_0) = 0.0
w_('cDiv',_'cV',_1) = 1.0
w_('cDiv',_'cV',_2) = 0.0
w_('cDiv',_'cV',_3) = 0.0
w_('cDiv',_'cV',_4) = 0.0
w_('cDiv',_'cV',_5) = 0.0
w_('cDiv',_'cV',_6) = 0.0
w_('cDiv',_'cV',_7) = 0.0
w_('cDiv',_'cV',_8) = 0.0
w_('cDiv',_'disLog',_0) = 0.0
w_('cDiv',_'disLog',_1) = 1.0
w_('cDiv',_'disLog',_2) = 0.0
w_('cDiv',_'disLog',_3) = 0.0
w_('cDiv',_'disLog',_4) = 0.0
w_('cDiv',_'disLog',_5) = 0.0
w_('cDiv',_'disLog',_6) = 0.0
w_('cDiv',_'disLog',_7) = 0.0
w_('cDiv',_'disLog',_8) = 0.0
w_('cDiv',_'f1',_0) = 0.0
w_('cDiv',_'f1',_1) = 0.0
w_('cDiv',_'f1',_2) = 0.0
w_('cDiv',_'f1',_3) = 0.0
w_('cDiv',_'f1',_4) = 0.0
w_('cDiv',_'f1',_5) = 1.0
w_('cDiv',_'f1',_6) = 0.0
w_('cDiv',_'f1',_7) = 0.0
w_('cDiv',_'f1',_8) = 0.0
w_('cDiv',_'f3',_0) = 0.0
w_('cDiv',_'f3',_1) = 0.0
w_('cDiv',_'f3',_2) = 0.0
w_('cDiv',_'f3',_3) = 0.0
w_('cDiv',_'f3',_4) = 0.0
w_('cDiv',_'f3',_5) = 1.0
w_('cDiv',_'f3',_6) = 0.0
w_('cDiv',_'f3',_7) = 0.0
w_('cDiv',_'f3',_8) = 0.0
w_('cDiv',_'fE1',_0) = 0.0
w_('cDiv',_'fE1',_1) = 0.0
w_('cDiv',_'fE1',_2) = 0.0
w_('cDiv',_'fE1',_3) = 0.0
w_('cDiv',_'fE1',_4) = 0.0
w_('cDiv',_'fE1',_5) = 0.0
w_('cDiv',_'fE1',_6) = 0.0
w_('cDiv',_'fE1',_7) = 1.0
w_('cDiv',_'fE1',_8) = 0.0
w_('cDiv',_'gal1',_0) = 0.0
w_('cDiv',_'gal1',_1) = 0.0
w_('cDiv',_'gal1',_2) = 0.0
w_('cDiv',_'gal1',_3) = 0.0
w_('cDiv',_'gal1',_4) = 0.0
w_('cDiv',_'gal1',_5) = 0.0
w_('cDiv',_'gal1',_6) = 0.0
w_('cDiv',_'gal1',_7) = 1.0
w_('cDiv',_'gal1',_8) = 0.0
w_('cDiv',_'gal2',_0) = 0.0
w_('cDiv',_'gal2',_1) = 0.0
w_('cDiv',_'gal2',_2) = 0.0
w_('cDiv',_'gal2',_3) = 0.0
w_('cDiv',_'gal2',_4) = 0.0
w_('cDiv',_'gal2',_5) = 0.0
w_('cDiv',_'gal2',_6) = 0.0
w_('cDiv',_'gal2',_7) = 1.0
w_('cDiv',_'gal2',_8) = 0.0
w_('cDiv',_'logica',_0) = 0.0
w_('cDiv',_'logica',_1) = 1.0
w_('cDiv',_'logica',_2) = 0.0
w_('cDiv',_'logica',_3) = 0.0
w_('cDiv',_'logica',_4) = 0.0
w_('cDiv',_'logica',_5) = 0.0
w_('cDiv',_'logica',_6) = 0.0
w_('cDiv',_'logica',_7) = 0.0
w_('cDiv',_'logica',_8) = 0.0
w_('cDiv',_'md1',_0) = 0.0
w_('cDiv',_'md1',_1) = 0.0
w_('cDiv',_'md1',_2) = 0.0
w_('cDiv',_'md1',_3) = 0.0
w_('cDiv',_'md1',_4) = 1.0
w_('cDiv',_'md1',_5) = 0.0
w_('cDiv',_'md1',_6) = 0.0
w_('cDiv',_'md1',_7) = 0.0
w_('cDiv',_'md1',_8) = 0.0
w_('cDiv',_'md2',_0) = 0.0
w_('cDiv',_'md2',_1) = 0.0
w_('cDiv',_'md2',_2) = 0.0
w_('cDiv',_'md2',_3) = 0.0
w_('cDiv',_'md2',_4) = 1.0
w_('cDiv',_'md2',_5) = 0.0
w_('cDiv',_'md2',_6) = 0.0
w_('cDiv',_'md2',_7) = 0.0
w_('cDiv',_'md2',_8) = 0.0
w_('cDiv',_'p1',_0) = 0.0
w_('cDiv',_'p1',_1) = 0.0
w_('cDiv',_'p1',_2) = 0.0
w_('cDiv',_'p1',_3) = 1.0
w_('cDiv',_'p1',_4) = 0.0
w_('cDiv',_'p1',_5) = 0.0
w_('cDiv',_'p1',_6) = 0.0
w_('cDiv',_'p1',_7) = 0.0
w_('cDiv',_'p1',_8) = 0.0
w_('cDiv',_'p2',_0) = 0.0
w_('cDiv',_'p2',_1) = 0.0
w_('cDiv',_'p2',_2) = 0.0
w_('cDiv',_'p2',_3) = 1.0
w_('cDiv',_'p2',_4) = 0.0
w_('cDiv',_'p2',_5) = 0.0
w_('cDiv',_'p2',_6) = 0.0
w_('cDiv',_'p2',_7) = 0.0
w_('cDiv',_'p2',_8) = 0.0
w_('cDiv',_'pye',_0) = 1.0
w_('cDiv',_'pye',_1) = 0.0
w_('cDiv',_'pye',_2) = 0.0
w_('cDiv',_'pye',_3) = 0.0
w_('cDiv',_'pye',_4) = 0.0
w_('cDiv',_'pye',_5) = 0.0
w_('cDiv',_'pye',_6) = 0.0
w_('cDiv',_'pye',_7) = 0.0
w_('cDiv',_'pye',_8) = 0.0
w_('cDiv',_'tallerine',_0) = 0.0
w_('cDiv',_'tallerine',_1) = 1.0
w_('cDiv',_'tallerine',_2) = 0.0
w_('cDiv',_'tallerine',_3) = 0.0
w_('cDiv',_'tallerine',_4) = 0.0
w_('cDiv',_'tallerine',_5) = 0.0
w_('cDiv',_'tallerine',_6) = 0.0
w_('cDiv',_'tallerine',_7) = 0.0
w_('cDiv',_'tallerine',_8) = 0.0
w_('cDivv',_'cV',_0) = 1.0
w_('cDivv',_'cV',_1) = 0.0
w_('cDivv',_'cV',_2) = 0.0
w_('cDivv',_'cV',_3) = 0.0
w_('cDivv',_'cV',_4) = 0.0
w_('cDivv',_'cV',_5) = 0.0
w_('cDivv',_'cV',_6) = 0.0
w_('cDivv',_'cV',_7) = 0.0
w_('cDivv',_'cV',_8) = 0.0
w_('cDivv',_'disLog',_0) = 0.0
w_('cDivv',_'disLog',_1) = 0.0
w_('cDivv',_'disLog',_2) = 1.0
w_('cDivv',_'disLog',_3) = 0.0
w_('cDivv',_'disLog',_4) = 0.0
w_('cDivv',_'disLog',_5) = 0.0
w_('cDivv',_'disLog',_6) = 0.0
w_('cDivv',_'disLog',_7) = 0.0
w_('cDivv',_'disLog',_8) = 0.0
w_('cDivv',_'f1',_0) = 0.0
w_('cDivv',_'f1',_1) = 0.0
w_('cDivv',_'f1',_2) = 0.0
w_('cDivv',_'f1',_3) = 0.0
w_('cDivv',_'f1',_4) = 0.0
w_('cDivv',_'f1',_5) = 0.0
w_('cDivv',_'f1',_6) = 1.0
w_('cDivv',_'f1',_7) = 0.0
w_('cDivv',_'f1',_8) = 0.0
w_('cDivv',_'f3',_0) = 0.0
w_('cDivv',_'f3',_1) = 0.0
w_('cDivv',_'f3',_2) = 0.0
w_('cDivv',_'f3',_3) = 0.0
w_('cDivv',_'f3',_4) = 0.0
w_('cDivv',_'f3',_5) = 0.0
w_('cDivv',_'f3',_6) = 1.0
w_('cDivv',_'f3',_7) = 0.0
w_('cDivv',_'f3',_8) = 0.0
w_('cDivv',_'fE1',_0) = 0.0
w_('cDivv',_'fE1',_1) = 0.0
w_('cDivv',_'fE1',_2) = 0.0
w_('cDivv',_'fE1',_3) = 0.0
w_('cDivv',_'fE1',_4) = 0.0
w_('cDivv',_'fE1',_5) = 0.0
w_('cDivv',_'fE1',_6) = 0.0
w_('cDivv',_'fE1',_7) = 0.0
w_('cDivv',_'fE1',_8) = 1.0
w_('cDivv',_'gal1',_0) = 0.0
w_('cDivv',_'gal1',_1) = 0.0
w_('cDivv',_'gal1',_2) = 0.0
w_('cDivv',_'gal1',_3) = 0.0
w_('cDivv',_'gal1',_4) = 0.0
w_('cDivv',_'gal1',_5) = 0.0
w_('cDivv',_'gal1',_6) = 0.0
w_('cDivv',_'gal1',_7) = 0.0
w_('cDivv',_'gal1',_8) = 1.0
w_('cDivv',_'gal2',_0) = 0.0
w_('cDivv',_'gal2',_1) = 0.0
w_('cDivv',_'gal2',_2) = 0.0
w_('cDivv',_'gal2',_3) = 0.0
w_('cDivv',_'gal2',_4) = 0.0
w_('cDivv',_'gal2',_5) = 0.0
w_('cDivv',_'gal2',_6) = 0.0
w_('cDivv',_'gal2',_7) = 0.0
w_('cDivv',_'gal2',_8) = 1.0
w_('cDivv',_'logica',_0) = 0.0
w_('cDivv',_'logica',_1) = 0.0
w_('cDivv',_'logica',_2) = 1.0
w_('cDivv',_'logica',_3) = 0.0
w_('cDivv',_'logica',_4) = 0.0
w_('cDivv',_'logica',_5) = 0.0
w_('cDivv',_'logica',_6) = 0.0
w_('cDivv',_'logica',_7) = 0.0
w_('cDivv',_'logica',_8) = 0.0
w_('cDivv',_'md1',_0) = 0.0
w_('cDivv',_'md1',_1) = 0.0
w_('cDivv',_'md1',_2) = 0.0
w_('cDivv',_'md1',_3) = 0.0
w_('cDivv',_'md1',_4) = 0.0
w_('cDivv',_'md1',_5) = 1.0
w_('cDivv',_'md1',_6) = 0.0
w_('cDivv',_'md1',_7) = 0.0
w_('cDivv',_'md1',_8) = 0.0
w_('cDivv',_'md2',_0) = 0.0
w_('cDivv',_'md2',_1) = 0.0
w_('cDivv',_'md2',_2) = 0.0
w_('cDivv',_'md2',_3) = 0.0
w_('cDivv',_'md2',_4) = 0.0
w_('cDivv',_'md2',_5) = 1.0
w_('cDivv',_'md2',_6) = 0.0
w_('cDivv',_'md2',_7) = 0.0
w_('cDivv',_'md2',_8) = 0.0
w_('cDivv',_'p1',_0) = 0.0
w_('cDivv',_'p1',_1) = 0.0
w_('cDivv',_'p1',_2) = 0.0
w_('cDivv',_'p1',_3) = 0.0
w_('cDivv',_'p1',_4) = 1.0
w_('cDivv',_'p1',_5) = 0.0
w_('cDivv',_'p1',_6) = 0.0
w_('cDivv',_'p1',_7) = 0.0
w_('cDivv',_'p1',_8) = 0.0
w_('cDivv',_'p2',_0) = 0.0
w_('cDivv',_'p2',_1) = 0.0
w_('cDivv',_'p2',_2) = 0.0
w_('cDivv',_'p2',_3) = 0.0
w_('cDivv',_'p2',_4) = 1.0
w_('cDivv',_'p2',_5) = 0.0
w_('cDivv',_'p2',_6) = 0.0
w_('cDivv',_'p2',_7) = 0.0
w_('cDivv',_'p2',_8) = 0.0
w_('cDivv',_'pye',_0) = 0.0
w_('cDivv',_'pye',_1) = 1.0
w_('cDivv',_'pye',_2) = 0.0
w_('cDivv',_'pye',_3) = 0.0
w_('cDivv',_'pye',_4) = 0.0
w_('cDivv',_'pye',_5) = 0.0
w_('cDivv',_'pye',_6) = 0.0
w_('cDivv',_'pye',_7) = 0.0
w_('cDivv',_'pye',_8) = 0.0
w_('cDivv',_'tallerine',_0) = 1.0
w_('cDivv',_'tallerine',_1) = 0.0
w_('cDivv',_'tallerine',_2) = 0.0
w_('cDivv',_'tallerine',_3) = 0.0
w_('cDivv',_'tallerine',_4) = 0.0
w_('cDivv',_'tallerine',_5) = 0.0
w_('cDivv',_'tallerine',_6) = 0.0
w_('cDivv',_'tallerine',_7) = 0.0
w_('cDivv',_'tallerine',_8) = 0.0
w_('cV',_'f3',_0) = 0.0
w_('cV',_'f3',_1) = 0.0
w_('cV',_'f3',_2) = 0.0
w_('cV',_'f3',_3) = 0.0
w_('cV',_'f3',_4) = 0.0
w_('cV',_'f3',_5) = 0.0
w_('cV',_'f3',_6) = 1.0
w_('cV',_'f3',_7) = 0.0
w_('cV',_'f3',_8) = 0.0
w_('cV',_'fE1',_0) = 0.0
w_('cV',_'fE1',_1) = 0.0
w_('cV',_'fE1',_2) = 0.0
w_('cV',_'fE1',_3) = 0.0
w_('cV',_'fE1',_4) = 0.0
w_('cV',_'fE1',_5) = 0.0
w_('cV',_'fE1',_6) = 0.0
w_('cV',_'fE1',_7) = 0.0
w_('cV',_'fE1',_8) = 1.0
w_('disLog',_'cV',_0) = 0.0
w_('disLog',_'cV',_1) = 0.0
w_('disLog',_'cV',_2) = 1.0
w_('disLog',_'cV',_3) = 0.0
w_('disLog',_'cV',_4) = 0.0
w_('disLog',_'cV',_5) = 0.0
w_('disLog',_'cV',_6) = 0.0
w_('disLog',_'cV',_7) = 0.0
w_('disLog',_'cV',_8) = 0.0
w_('disLog',_'f3',_0) = 0.0
w_('disLog',_'f3',_1) = 0.0
w_('disLog',_'f3',_2) = 0.0
w_('disLog',_'f3',_3) = 0.0
w_('disLog',_'f3',_4) = 1.0
w_('disLog',_'f3',_5) = 0.0
w_('disLog',_'f3',_6) = 0.0
w_('disLog',_'f3',_7) = 0.0
w_('disLog',_'f3',_8) = 0.0
w_('disLog',_'fE1',_0) = 0.0
w_('disLog',_'fE1',_1) = 0.0
w_('disLog',_'fE1',_2) = 0.0
w_('disLog',_'fE1',_3) = 0.0
w_('disLog',_'fE1',_4) = 0.0
w_('disLog',_'fE1',_5) = 0.0
w_('disLog',_'fE1',_6) = 1.0
w_('disLog',_'fE1',_7) = 0.0
w_('disLog',_'fE1',_8) = 0.0
w_('f1',_'cV',_0) = 0.0
w_('f1',_'cV',_1) = 0.0
w_('f1',_'cV',_2) = 0.0
w_('f1',_'cV',_3) = 0.0
w_('f1',_'cV',_4) = 0.0
w_('f1',_'cV',_5) = 0.0
w_('f1',_'cV',_6) = 1.0
w_('f1',_'cV',_7) = 0.0
w_('f1',_'cV',_8) = 0.0
w_('f1',_'disLog',_0) = 0.0
w_('f1',_'disLog',_1) = 0.0
w_('f1',_'disLog',_2) = 0.0
w_('f1',_'disLog',_3) = 0.0
w_('f1',_'disLog',_4) = 1.0
w_('f1',_'disLog',_5) = 0.0
w_('f1',_'disLog',_6) = 0.0
w_('f1',_'disLog',_7) = 0.0
w_('f1',_'disLog',_8) = 0.0
w_('f1',_'f3',_0) = 1.0
w_('f1',_'f3',_1) = 0.0
w_('f1',_'f3',_2) = 0.0
w_('f1',_'f3',_3) = 0.0
w_('f1',_'f3',_4) = 0.0
w_('f1',_'f3',_5) = 0.0
w_('f1',_'f3',_6) = 0.0
w_('f1',_'f3',_7) = 0.0
w_('f1',_'f3',_8) = 0.0
w_('f1',_'fE1',_0) = 0.0
w_('f1',_'fE1',_1) = 0.0
w_('f1',_'fE1',_2) = 1.0
w_('f1',_'fE1',_3) = 0.0
w_('f1',_'fE1',_4) = 0.0
w_('f1',_'fE1',_5) = 0.0
w_('f1',_'fE1',_6) = 0.0
w_('f1',_'fE1',_7) = 0.0
w_('f1',_'fE1',_8) = 0.0
w_('f1',_'logica',_0) = 0.0
w_('f1',_'logica',_1) = 0.0
w_('f1',_'logica',_2) = 0.0
w_('f1',_'logica',_3) = 0.0
w_('f1',_'logica',_4) = 1.0
w_('f1',_'logica',_5) = 0.0
w_('f1',_'logica',_6) = 0.0
w_('f1',_'logica',_7) = 0.0
w_('f1',_'logica',_8) = 0.0
w_('f1',_'p2',_0) = 0.0
w_('f1',_'p2',_1) = 0.0
w_('f1',_'p2',_2) = 1.0
w_('f1',_'p2',_3) = 0.0
w_('f1',_'p2',_4) = 0.0
w_('f1',_'p2',_5) = 0.0
w_('f1',_'p2',_6) = 0.0
w_('f1',_'p2',_7) = 0.0
w_('f1',_'p2',_8) = 0.0
w_('f1',_'tallerine',_0) = 0.0
w_('f1',_'tallerine',_1) = 0.0
w_('f1',_'tallerine',_2) = 0.0
w_('f1',_'tallerine',_3) = 0.0
w_('f1',_'tallerine',_4) = 0.0
w_('f1',_'tallerine',_5) = 0.0
w_('f1',_'tallerine',_6) = 1.0
w_('f1',_'tallerine',_7) = 0.0
w_('f1',_'tallerine',_8) = 0.0
w_('f3',_'fE1',_0) = 0.0
w_('f3',_'fE1',_1) = 0.0
w_('f3',_'fE1',_2) = 1.0
w_('f3',_'fE1',_3) = 0.0
w_('f3',_'fE1',_4) = 0.0
w_('f3',_'fE1',_5) = 0.0
w_('f3',_'fE1',_6) = 0.0
w_('f3',_'fE1',_7) = 0.0
w_('f3',_'fE1',_8) = 0.0
w_('gal1',_'cV',_0) = 0.0
w_('gal1',_'cV',_1) = 0.0
w_('gal1',_'cV',_2) = 0.0
w_('gal1',_'cV',_3) = 0.0
w_('gal1',_'cV',_4) = 0.0
w_('gal1',_'cV',_5) = 0.0
w_('gal1',_'cV',_6) = 0.0
w_('gal1',_'cV',_7) = 0.0
w_('gal1',_'cV',_8) = 1.0
w_('gal1',_'disLog',_0) = 0.0
w_('gal1',_'disLog',_1) = 0.0
w_('gal1',_'disLog',_2) = 0.0
w_('gal1',_'disLog',_3) = 0.0
w_('gal1',_'disLog',_4) = 0.0
w_('gal1',_'disLog',_5) = 0.0
w_('gal1',_'disLog',_6) = 1.0
w_('gal1',_'disLog',_7) = 0.0
w_('gal1',_'disLog',_8) = 0.0
w_('gal1',_'f1',_0) = 0.0
w_('gal1',_'f1',_1) = 0.0
w_('gal1',_'f1',_2) = 1.0
w_('gal1',_'f1',_3) = 0.0
w_('gal1',_'f1',_4) = 0.0
w_('gal1',_'f1',_5) = 0.0
w_('gal1',_'f1',_6) = 0.0
w_('gal1',_'f1',_7) = 0.0
w_('gal1',_'f1',_8) = 0.0
w_('gal1',_'f3',_0) = 0.0
w_('gal1',_'f3',_1) = 0.0
w_('gal1',_'f3',_2) = 1.0
w_('gal1',_'f3',_3) = 0.0
w_('gal1',_'f3',_4) = 0.0
w_('gal1',_'f3',_5) = 0.0
w_('gal1',_'f3',_6) = 0.0
w_('gal1',_'f3',_7) = 0.0
w_('gal1',_'f3',_8) = 0.0
w_('gal1',_'fE1',_0) = 1.0
w_('gal1',_'fE1',_1) = 0.0
w_('gal1',_'fE1',_2) = 0.0
w_('gal1',_'fE1',_3) = 0.0
w_('gal1',_'fE1',_4) = 0.0
w_('gal1',_'fE1',_5) = 0.0
w_('gal1',_'fE1',_6) = 0.0
w_('gal1',_'fE1',_7) = 0.0
w_('gal1',_'fE1',_8) = 0.0
w_('gal1',_'gal2',_0) = 1.0
w_('gal1',_'gal2',_1) = 0.0
w_('gal1',_'gal2',_2) = 0.0
w_('gal1',_'gal2',_3) = 0.0
w_('gal1',_'gal2',_4) = 0.0
w_('gal1',_'gal2',_5) = 0.0
w_('gal1',_'gal2',_6) = 0.0
w_('gal1',_'gal2',_7) = 0.0
w_('gal1',_'gal2',_8) = 0.0
w_('gal1',_'logica',_0) = 0.0
w_('gal1',_'logica',_1) = 0.0
w_('gal1',_'logica',_2) = 0.0
w_('gal1',_'logica',_3) = 0.0
w_('gal1',_'logica',_4) = 0.0
w_('gal1',_'logica',_5) = 0.0
w_('gal1',_'logica',_6) = 1.0
w_('gal1',_'logica',_7) = 0.0
w_('gal1',_'logica',_8) = 0.0
w_('gal1',_'md1',_0) = 0.0
w_('gal1',_'md1',_1) = 0.0
w_('gal1',_'md1',_2) = 0.0
w_('gal1',_'md1',_3) = 1.0
w_('gal1',_'md1',_4) = 0.0
w_('gal1',_'md1',_5) = 0.0
w_('gal1',_'md1',_6) = 0.0
w_('gal1',_'md1',_7) = 0.0
w_('gal1',_'md1',_8) = 0.0
w_('gal1',_'md2',_0) = 0.0
w_('gal1',_'md2',_1) = 0.0
w_('gal1',_'md2',_2) = 0.0
w_('gal1',_'md2',_3) = 1.0
w_('gal1',_'md2',_4) = 0.0
w_('gal1',_'md2',_5) = 0.0
w_('gal1',_'md2',_6) = 0.0
w_('gal1',_'md2',_7) = 0.0
w_('gal1',_'md2',_8) = 0.0
w_('gal1',_'p1',_0) = 0.0
w_('gal1',_'p1',_1) = 0.0
w_('gal1',_'p1',_2) = 0.0
w_('gal1',_'p1',_3) = 0.0
w_('gal1',_'p1',_4) = 1.0
w_('gal1',_'p1',_5) = 0.0
w_('gal1',_'p1',_6) = 0.0
w_('gal1',_'p1',_7) = 0.0
w_('gal1',_'p1',_8) = 0.0
w_('gal1',_'p2',_0) = 0.0
w_('gal1',_'p2',_1) = 0.0
w_('gal1',_'p2',_2) = 0.0
w_('gal1',_'p2',_3) = 0.0
w_('gal1',_'p2',_4) = 1.0
w_('gal1',_'p2',_5) = 0.0
w_('gal1',_'p2',_6) = 0.0
w_('gal1',_'p2',_7) = 0.0
w_('gal1',_'p2',_8) = 0.0
w_('gal1',_'pye',_0) = 0.0
w_('gal1',_'pye',_1) = 0.0
w_('gal1',_'pye',_2) = 0.0
w_('gal1',_'pye',_3) = 0.0
w_('gal1',_'pye',_4) = 0.0
w_('gal1',_'pye',_5) = 0.0
w_('gal1',_'pye',_6) = 0.0
w_('gal1',_'pye',_7) = 1.0
w_('gal1',_'pye',_8) = 0.0
w_('gal1',_'tallerine',_0) = 0.0
w_('gal1',_'tallerine',_1) = 0.0
w_('gal1',_'tallerine',_2) = 0.0
w_('gal1',_'tallerine',_3) = 0.0
w_('gal1',_'tallerine',_4) = 0.0
w_('gal1',_'tallerine',_5) = 0.0
w_('gal1',_'tallerine',_6) = 0.0
w_('gal1',_'tallerine',_7) = 0.0
w_('gal1',_'tallerine',_8) = 1.0
w_('gal2',_'cV',_0) = 0.0
w_('gal2',_'cV',_1) = 0.0
w_('gal2',_'cV',_2) = 0.0
w_('gal2',_'cV',_3) = 0.0
w_('gal2',_'cV',_4) = 0.0
w_('gal2',_'cV',_5) = 0.0
w_('gal2',_'cV',_6) = 0.0
w_('gal2',_'cV',_7) = 0.0
w_('gal2',_'cV',_8) = 1.0
w_('gal2',_'disLog',_0) = 0.0
w_('gal2',_'disLog',_1) = 0.0
w_('gal2',_'disLog',_2) = 0.0
w_('gal2',_'disLog',_3) = 0.0
w_('gal2',_'disLog',_4) = 0.0
w_('gal2',_'disLog',_5) = 0.0
w_('gal2',_'disLog',_6) = 1.0
w_('gal2',_'disLog',_7) = 0.0
w_('gal2',_'disLog',_8) = 0.0
w_('gal2',_'f1',_0) = 0.0
w_('gal2',_'f1',_1) = 0.0
w_('gal2',_'f1',_2) = 1.0
w_('gal2',_'f1',_3) = 0.0
w_('gal2',_'f1',_4) = 0.0
w_('gal2',_'f1',_5) = 0.0
w_('gal2',_'f1',_6) = 0.0
w_('gal2',_'f1',_7) = 0.0
w_('gal2',_'f1',_8) = 0.0
w_('gal2',_'f3',_0) = 0.0
w_('gal2',_'f3',_1) = 0.0
w_('gal2',_'f3',_2) = 1.0
w_('gal2',_'f3',_3) = 0.0
w_('gal2',_'f3',_4) = 0.0
w_('gal2',_'f3',_5) = 0.0
w_('gal2',_'f3',_6) = 0.0
w_('gal2',_'f3',_7) = 0.0
w_('gal2',_'f3',_8) = 0.0
w_('gal2',_'fE1',_0) = 1.0
w_('gal2',_'fE1',_1) = 0.0
w_('gal2',_'fE1',_2) = 0.0
w_('gal2',_'fE1',_3) = 0.0
w_('gal2',_'fE1',_4) = 0.0
w_('gal2',_'fE1',_5) = 0.0
w_('gal2',_'fE1',_6) = 0.0
w_('gal2',_'fE1',_7) = 0.0
w_('gal2',_'fE1',_8) = 0.0
w_('gal2',_'logica',_0) = 0.0
w_('gal2',_'logica',_1) = 0.0
w_('gal2',_'logica',_2) = 0.0
w_('gal2',_'logica',_3) = 0.0
w_('gal2',_'logica',_4) = 0.0
w_('gal2',_'logica',_5) = 0.0
w_('gal2',_'logica',_6) = 1.0
w_('gal2',_'logica',_7) = 0.0
w_('gal2',_'logica',_8) = 0.0
w_('gal2',_'md1',_0) = 0.0
w_('gal2',_'md1',_1) = 0.0
w_('gal2',_'md1',_2) = 0.0
w_('gal2',_'md1',_3) = 1.0
w_('gal2',_'md1',_4) = 0.0
w_('gal2',_'md1',_5) = 0.0
w_('gal2',_'md1',_6) = 0.0
w_('gal2',_'md1',_7) = 0.0
w_('gal2',_'md1',_8) = 0.0
w_('gal2',_'md2',_0) = 0.0
w_('gal2',_'md2',_1) = 0.0
w_('gal2',_'md2',_2) = 0.0
w_('gal2',_'md2',_3) = 1.0
w_('gal2',_'md2',_4) = 0.0
w_('gal2',_'md2',_5) = 0.0
w_('gal2',_'md2',_6) = 0.0
w_('gal2',_'md2',_7) = 0.0
w_('gal2',_'md2',_8) = 0.0
w_('gal2',_'p1',_0) = 0.0
w_('gal2',_'p1',_1) = 0.0
w_('gal2',_'p1',_2) = 0.0
w_('gal2',_'p1',_3) = 0.0
w_('gal2',_'p1',_4) = 1.0
w_('gal2',_'p1',_5) = 0.0
w_('gal2',_'p1',_6) = 0.0
w_('gal2',_'p1',_7) = 0.0
w_('gal2',_'p1',_8) = 0.0
w_('gal2',_'p2',_0) = 0.0
w_('gal2',_'p2',_1) = 0.0
w_('gal2',_'p2',_2) = 0.0
w_('gal2',_'p2',_3) = 0.0
w_('gal2',_'p2',_4) = 1.0
w_('gal2',_'p2',_5) = 0.0
w_('gal2',_'p2',_6) = 0.0
w_('gal2',_'p2',_7) = 0.0
w_('gal2',_'p2',_8) = 0.0
w_('gal2',_'pye',_0) = 0.0
w_('gal2',_'pye',_1) = 0.0
w_('gal2',_'pye',_2) = 0.0
w_('gal2',_'pye',_3) = 0.0
w_('gal2',_'pye',_4) = 0.0
w_('gal2',_'pye',_5) = 0.0
w_('gal2',_'pye',_6) = 0.0
w_('gal2',_'pye',_7) = 1.0
w_('gal2',_'pye',_8) = 0.0
w_('gal2',_'tallerine',_0) = 0.0
w_('gal2',_'tallerine',_1) = 0.0
w_('gal2',_'tallerine',_2) = 0.0
w_('gal2',_'tallerine',_3) = 0.0
w_('gal2',_'tallerine',_4) = 0.0
w_('gal2',_'tallerine',_5) = 0.0
w_('gal2',_'tallerine',_6) = 0.0
w_('gal2',_'tallerine',_7) = 0.0
w_('gal2',_'tallerine',_8) = 1.0
w_('logica',_'cV',_0) = 0.0
w_('logica',_'cV',_1) = 0.0
w_('logica',_'cV',_2) = 1.0
w_('logica',_'cV',_3) = 0.0
w_('logica',_'cV',_4) = 0.0
w_('logica',_'cV',_5) = 0.0
w_('logica',_'cV',_6) = 0.0
w_('logica',_'cV',_7) = 0.0
w_('logica',_'cV',_8) = 0.0
w_('logica',_'disLog',_0) = 1.0
w_('logica',_'disLog',_1) = 0.0
w_('logica',_'disLog',_2) = 0.0
w_('logica',_'disLog',_3) = 0.0
w_('logica',_'disLog',_4) = 0.0
w_('logica',_'disLog',_5) = 0.0
w_('logica',_'disLog',_6) = 0.0
w_('logica',_'disLog',_7) = 0.0
w_('logica',_'disLog',_8) = 0.0
w_('logica',_'f3',_0) = 0.0
w_('logica',_'f3',_1) = 0.0
w_('logica',_'f3',_2) = 0.0
w_('logica',_'f3',_3) = 0.0
w_('logica',_'f3',_4) = 1.0
w_('logica',_'f3',_5) = 0.0
w_('logica',_'f3',_6) = 0.0
w_('logica',_'f3',_7) = 0.0
w_('logica',_'f3',_8) = 0.0
w_('logica',_'fE1',_0) = 0.0
w_('logica',_'fE1',_1) = 0.0
w_('logica',_'fE1',_2) = 0.0
w_('logica',_'fE1',_3) = 0.0
w_('logica',_'fE1',_4) = 0.0
w_('logica',_'fE1',_5) = 0.0
w_('logica',_'fE1',_6) = 1.0
w_('logica',_'fE1',_7) = 0.0
w_('logica',_'fE1',_8) = 0.0
w_('logica',_'tallerine',_0) = 0.0
w_('logica',_'tallerine',_1) = 0.0
w_('logica',_'tallerine',_2) = 1.0
w_('logica',_'tallerine',_3) = 0.0
w_('logica',_'tallerine',_4) = 0.0
w_('logica',_'tallerine',_5) = 0.0
w_('logica',_'tallerine',_6) = 0.0
w_('logica',_'tallerine',_7) = 0.0
w_('logica',_'tallerine',_8) = 0.0
w_('md1',_'cV',_0) = 0.0
w_('md1',_'cV',_1) = 0.0
w_('md1',_'cV',_2) = 0.0
w_('md1',_'cV',_3) = 0.0
w_('md1',_'cV',_4) = 0.0
w_('md1',_'cV',_5) = 1.0
w_('md1',_'cV',_6) = 0.0
w_('md1',_'cV',_7) = 0.0
w_('md1',_'cV',_8) = 0.0
w_('md1',_'disLog',_0) = 0.0
w_('md1',_'disLog',_1) = 0.0
w_('md1',_'disLog',_2) = 0.0
w_('md1',_'disLog',_3) = 1.0
w_('md1',_'disLog',_4) = 0.0
w_('md1',_'disLog',_5) = 0.0
w_('md1',_'disLog',_6) = 0.0
w_('md1',_'disLog',_7) = 0.0
w_('md1',_'disLog',_8) = 0.0
w_('md1',_'f1',_0) = 0.0
w_('md1',_'f1',_1) = 1.0
w_('md1',_'f1',_2) = 0.0
w_('md1',_'f1',_3) = 0.0
w_('md1',_'f1',_4) = 0.0
w_('md1',_'f1',_5) = 0.0
w_('md1',_'f1',_6) = 0.0
w_('md1',_'f1',_7) = 0.0
w_('md1',_'f1',_8) = 0.0
w_('md1',_'f3',_0) = 0.0
w_('md1',_'f3',_1) = 1.0
w_('md1',_'f3',_2) = 0.0
w_('md1',_'f3',_3) = 0.0
w_('md1',_'f3',_4) = 0.0
w_('md1',_'f3',_5) = 0.0
w_('md1',_'f3',_6) = 0.0
w_('md1',_'f3',_7) = 0.0
w_('md1',_'f3',_8) = 0.0
w_('md1',_'fE1',_0) = 0.0
w_('md1',_'fE1',_1) = 0.0
w_('md1',_'fE1',_2) = 0.0
w_('md1',_'fE1',_3) = 1.0
w_('md1',_'fE1',_4) = 0.0
w_('md1',_'fE1',_5) = 0.0
w_('md1',_'fE1',_6) = 0.0
w_('md1',_'fE1',_7) = 0.0
w_('md1',_'fE1',_8) = 0.0
w_('md1',_'logica',_0) = 0.0
w_('md1',_'logica',_1) = 0.0
w_('md1',_'logica',_2) = 0.0
w_('md1',_'logica',_3) = 1.0
w_('md1',_'logica',_4) = 0.0
w_('md1',_'logica',_5) = 0.0
w_('md1',_'logica',_6) = 0.0
w_('md1',_'logica',_7) = 0.0
w_('md1',_'logica',_8) = 0.0
w_('md1',_'md2',_0) = 1.0
w_('md1',_'md2',_1) = 0.0
w_('md1',_'md2',_2) = 0.0
w_('md1',_'md2',_3) = 0.0
w_('md1',_'md2',_4) = 0.0
w_('md1',_'md2',_5) = 0.0
w_('md1',_'md2',_6) = 0.0
w_('md1',_'md2',_7) = 0.0
w_('md1',_'md2',_8) = 0.0
w_('md1',_'p1',_0) = 0.0
w_('md1',_'p1',_1) = 1.0
w_('md1',_'p1',_2) = 0.0
w_('md1',_'p1',_3) = 0.0
w_('md1',_'p1',_4) = 0.0
w_('md1',_'p1',_5) = 0.0
w_('md1',_'p1',_6) = 0.0
w_('md1',_'p1',_7) = 0.0
w_('md1',_'p1',_8) = 0.0
w_('md1',_'p2',_0) = 0.0
w_('md1',_'p2',_1) = 1.0
w_('md1',_'p2',_2) = 0.0
w_('md1',_'p2',_3) = 0.0
w_('md1',_'p2',_4) = 0.0
w_('md1',_'p2',_5) = 0.0
w_('md1',_'p2',_6) = 0.0
w_('md1',_'p2',_7) = 0.0
w_('md1',_'p2',_8) = 0.0
w_('md1',_'pye',_0) = 0.0
w_('md1',_'pye',_1) = 0.0
w_('md1',_'pye',_2) = 0.0
w_('md1',_'pye',_3) = 0.0
w_('md1',_'pye',_4) = 1.0
w_('md1',_'pye',_5) = 0.0
w_('md1',_'pye',_6) = 0.0
w_('md1',_'pye',_7) = 0.0
w_('md1',_'pye',_8) = 0.0
w_('md1',_'tallerine',_0) = 0.0
w_('md1',_'tallerine',_1) = 0.0
w_('md1',_'tallerine',_2) = 0.0
w_('md1',_'tallerine',_3) = 0.0
w_('md1',_'tallerine',_4) = 0.0
w_('md1',_'tallerine',_5) = 1.0
w_('md1',_'tallerine',_6) = 0.0
w_('md1',_'tallerine',_7) = 0.0
w_('md1',_'tallerine',_8) = 0.0
w_('md2',_'cV',_0) = 0.0
w_('md2',_'cV',_1) = 0.0
w_('md2',_'cV',_2) = 0.0
w_('md2',_'cV',_3) = 0.0
w_('md2',_'cV',_4) = 0.0
w_('md2',_'cV',_5) = 1.0
w_('md2',_'cV',_6) = 0.0
w_('md2',_'cV',_7) = 0.0
w_('md2',_'cV',_8) = 0.0
w_('md2',_'disLog',_0) = 0.0
w_('md2',_'disLog',_1) = 0.0
w_('md2',_'disLog',_2) = 0.0
w_('md2',_'disLog',_3) = 1.0
w_('md2',_'disLog',_4) = 0.0
w_('md2',_'disLog',_5) = 0.0
w_('md2',_'disLog',_6) = 0.0
w_('md2',_'disLog',_7) = 0.0
w_('md2',_'disLog',_8) = 0.0
w_('md2',_'f1',_0) = 0.0
w_('md2',_'f1',_1) = 1.0
w_('md2',_'f1',_2) = 0.0
w_('md2',_'f1',_3) = 0.0
w_('md2',_'f1',_4) = 0.0
w_('md2',_'f1',_5) = 0.0
w_('md2',_'f1',_6) = 0.0
w_('md2',_'f1',_7) = 0.0
w_('md2',_'f1',_8) = 0.0
w_('md2',_'f3',_0) = 0.0
w_('md2',_'f3',_1) = 1.0
w_('md2',_'f3',_2) = 0.0
w_('md2',_'f3',_3) = 0.0
w_('md2',_'f3',_4) = 0.0
w_('md2',_'f3',_5) = 0.0
w_('md2',_'f3',_6) = 0.0
w_('md2',_'f3',_7) = 0.0
w_('md2',_'f3',_8) = 0.0
w_('md2',_'fE1',_0) = 0.0
w_('md2',_'fE1',_1) = 0.0
w_('md2',_'fE1',_2) = 0.0
w_('md2',_'fE1',_3) = 1.0
w_('md2',_'fE1',_4) = 0.0
w_('md2',_'fE1',_5) = 0.0
w_('md2',_'fE1',_6) = 0.0
w_('md2',_'fE1',_7) = 0.0
w_('md2',_'fE1',_8) = 0.0
w_('md2',_'logica',_0) = 0.0
w_('md2',_'logica',_1) = 0.0
w_('md2',_'logica',_2) = 0.0
w_('md2',_'logica',_3) = 1.0
w_('md2',_'logica',_4) = 0.0
w_('md2',_'logica',_5) = 0.0
w_('md2',_'logica',_6) = 0.0
w_('md2',_'logica',_7) = 0.0
w_('md2',_'logica',_8) = 0.0
w_('md2',_'p1',_0) = 0.0
w_('md2',_'p1',_1) = 1.0
w_('md2',_'p1',_2) = 0.0
w_('md2',_'p1',_3) = 0.0
w_('md2',_'p1',_4) = 0.0
w_('md2',_'p1',_5) = 0.0
w_('md2',_'p1',_6) = 0.0
w_('md2',_'p1',_7) = 0.0
w_('md2',_'p1',_8) = 0.0
w_('md2',_'p2',_0) = 0.0
w_('md2',_'p2',_1) = 1.0
w_('md2',_'p2',_2) = 0.0
w_('md2',_'p2',_3) = 0.0
w_('md2',_'p2',_4) = 0.0
w_('md2',_'p2',_5) = 0.0
w_('md2',_'p2',_6) = 0.0
w_('md2',_'p2',_7) = 0.0
w_('md2',_'p2',_8) = 0.0
w_('md2',_'pye',_0) = 0.0
w_('md2',_'pye',_1) = 0.0
w_('md2',_'pye',_2) = 0.0
w_('md2',_'pye',_3) = 0.0
w_('md2',_'pye',_4) = 1.0
w_('md2',_'pye',_5) = 0.0
w_('md2',_'pye',_6) = 0.0
w_('md2',_'pye',_7) = 0.0
w_('md2',_'pye',_8) = 0.0
w_('md2',_'tallerine',_0) = 0.0
w_('md2',_'tallerine',_1) = 0.0
w_('md2',_'tallerine',_2) = 0.0
w_('md2',_'tallerine',_3) = 0.0
w_('md2',_'tallerine',_4) = 0.0
w_('md2',_'tallerine',_5) = 1.0
w_('md2',_'tallerine',_6) = 0.0
w_('md2',_'tallerine',_7) = 0.0
w_('md2',_'tallerine',_8) = 0.0
w_('p1',_'cV',_0) = 0.0
w_('p1',_'cV',_1) = 0.0
w_('p1',_'cV',_2) = 0.0
w_('p1',_'cV',_3) = 0.0
w_('p1',_'cV',_4) = 1.0
w_('p1',_'cV',_5) = 0.0
w_('p1',_'cV',_6) = 0.0
w_('p1',_'cV',_7) = 0.0
w_('p1',_'cV',_8) = 0.0
w_('p1',_'disLog',_0) = 0.0
w_('p1',_'disLog',_1) = 0.0
w_('p1',_'disLog',_2) = 1.0
w_('p1',_'disLog',_3) = 0.0
w_('p1',_'disLog',_4) = 0.0
w_('p1',_'disLog',_5) = 0.0
w_('p1',_'disLog',_6) = 0.0
w_('p1',_'disLog',_7) = 0.0
w_('p1',_'disLog',_8) = 0.0
w_('p1',_'f1',_0) = 0.0
w_('p1',_'f1',_1) = 0.0
w_('p1',_'f1',_2) = 1.0
w_('p1',_'f1',_3) = 0.0
w_('p1',_'f1',_4) = 0.0
w_('p1',_'f1',_5) = 0.0
w_('p1',_'f1',_6) = 0.0
w_('p1',_'f1',_7) = 0.0
w_('p1',_'f1',_8) = 0.0
w_('p1',_'f3',_0) = 0.0
w_('p1',_'f3',_1) = 0.0
w_('p1',_'f3',_2) = 1.0
w_('p1',_'f3',_3) = 0.0
w_('p1',_'f3',_4) = 0.0
w_('p1',_'f3',_5) = 0.0
w_('p1',_'f3',_6) = 0.0
w_('p1',_'f3',_7) = 0.0
w_('p1',_'f3',_8) = 0.0
w_('p1',_'fE1',_0) = 0.0
w_('p1',_'fE1',_1) = 0.0
w_('p1',_'fE1',_2) = 0.0
w_('p1',_'fE1',_3) = 0.0
w_('p1',_'fE1',_4) = 1.0
w_('p1',_'fE1',_5) = 0.0
w_('p1',_'fE1',_6) = 0.0
w_('p1',_'fE1',_7) = 0.0
w_('p1',_'fE1',_8) = 0.0
w_('p1',_'logica',_0) = 0.0
w_('p1',_'logica',_1) = 0.0
w_('p1',_'logica',_2) = 1.0
w_('p1',_'logica',_3) = 0.0
w_('p1',_'logica',_4) = 0.0
w_('p1',_'logica',_5) = 0.0
w_('p1',_'logica',_6) = 0.0
w_('p1',_'logica',_7) = 0.0
w_('p1',_'logica',_8) = 0.0
w_('p1',_'p2',_0) = 1.0
w_('p1',_'p2',_1) = 0.0
w_('p1',_'p2',_2) = 0.0
w_('p1',_'p2',_3) = 0.0
w_('p1',_'p2',_4) = 0.0
w_('p1',_'p2',_5) = 0.0
w_('p1',_'p2',_6) = 0.0
w_('p1',_'p2',_7) = 0.0
w_('p1',_'p2',_8) = 0.0
w_('p1',_'tallerine',_0) = 0.0
w_('p1',_'tallerine',_1) = 0.0
w_('p1',_'tallerine',_2) = 0.0
w_('p1',_'tallerine',_3) = 0.0
w_('p1',_'tallerine',_4) = 1.0
w_('p1',_'tallerine',_5) = 0.0
w_('p1',_'tallerine',_6) = 0.0
w_('p1',_'tallerine',_7) = 0.0
w_('p1',_'tallerine',_8) = 0.0
w_('p2',_'cV',_0) = 0.0
w_('p2',_'cV',_1) = 0.0
w_('p2',_'cV',_2) = 0.0
w_('p2',_'cV',_3) = 0.0
w_('p2',_'cV',_4) = 1.0
w_('p2',_'cV',_5) = 0.0
w_('p2',_'cV',_6) = 0.0
w_('p2',_'cV',_7) = 0.0
w_('p2',_'cV',_8) = 0.0
w_('p2',_'disLog',_0) = 0.0
w_('p2',_'disLog',_1) = 0.0
w_('p2',_'disLog',_2) = 1.0
w_('p2',_'disLog',_3) = 0.0
w_('p2',_'disLog',_4) = 0.0
w_('p2',_'disLog',_5) = 0.0
w_('p2',_'disLog',_6) = 0.0
w_('p2',_'disLog',_7) = 0.0
w_('p2',_'disLog',_8) = 0.0
w_('p2',_'f3',_0) = 0.0
w_('p2',_'f3',_1) = 0.0
w_('p2',_'f3',_2) = 1.0
w_('p2',_'f3',_3) = 0.0
w_('p2',_'f3',_4) = 0.0
w_('p2',_'f3',_5) = 0.0
w_('p2',_'f3',_6) = 0.0
w_('p2',_'f3',_7) = 0.0
w_('p2',_'f3',_8) = 0.0
w_('p2',_'fE1',_0) = 0.0
w_('p2',_'fE1',_1) = 0.0
w_('p2',_'fE1',_2) = 0.0
w_('p2',_'fE1',_3) = 0.0
w_('p2',_'fE1',_4) = 1.0
w_('p2',_'fE1',_5) = 0.0
w_('p2',_'fE1',_6) = 0.0
w_('p2',_'fE1',_7) = 0.0
w_('p2',_'fE1',_8) = 0.0
w_('p2',_'logica',_0) = 0.0
w_('p2',_'logica',_1) = 0.0
w_('p2',_'logica',_2) = 1.0
w_('p2',_'logica',_3) = 0.0
w_('p2',_'logica',_4) = 0.0
w_('p2',_'logica',_5) = 0.0
w_('p2',_'logica',_6) = 0.0
w_('p2',_'logica',_7) = 0.0
w_('p2',_'logica',_8) = 0.0
w_('p2',_'tallerine',_0) = 0.0
w_('p2',_'tallerine',_1) = 0.0
w_('p2',_'tallerine',_2) = 0.0
w_('p2',_'tallerine',_3) = 0.0
w_('p2',_'tallerine',_4) = 1.0
w_('p2',_'tallerine',_5) = 0.0
w_('p2',_'tallerine',_6) = 0.0
w_('p2',_'tallerine',_7) = 0.0
w_('p2',_'tallerine',_8) = 0.0
w_('pye',_'cV',_0) = 0.0
w_('pye',_'cV',_1) = 1.0
w_('pye',_'cV',_2) = 0.0
w_('pye',_'cV',_3) = 0.0
w_('pye',_'cV',_4) = 0.0
w_('pye',_'cV',_5) = 0.0
w_('pye',_'cV',_6) = 0.0
w_('pye',_'cV',_7) = 0.0
w_('pye',_'cV',_8) = 0.0
w_('pye',_'disLog',_0) = 0.0
w_('pye',_'disLog',_1) = 1.0
w_('pye',_'disLog',_2) = 0.0
w_('pye',_'disLog',_3) = 0.0
w_('pye',_'disLog',_4) = 0.0
w_('pye',_'disLog',_5) = 0.0
w_('pye',_'disLog',_6) = 0.0
w_('pye',_'disLog',_7) = 0.0
w_('pye',_'disLog',_8) = 0.0
w_('pye',_'f1',_0) = 0.0
w_('pye',_'f1',_1) = 0.0
w_('pye',_'f1',_2) = 0.0
w_('pye',_'f1',_3) = 0.0
w_('pye',_'f1',_4) = 0.0
w_('pye',_'f1',_5) = 1.0
w_('pye',_'f1',_6) = 0.0
w_('pye',_'f1',_7) = 0.0
w_('pye',_'f1',_8) = 0.0
w_('pye',_'f3',_0) = 0.0
w_('pye',_'f3',_1) = 0.0
w_('pye',_'f3',_2) = 0.0
w_('pye',_'f3',_3) = 0.0
w_('pye',_'f3',_4) = 0.0
w_('pye',_'f3',_5) = 1.0
w_('pye',_'f3',_6) = 0.0
w_('pye',_'f3',_7) = 0.0
w_('pye',_'f3',_8) = 0.0
w_('pye',_'fE1',_0) = 0.0
w_('pye',_'fE1',_1) = 0.0
w_('pye',_'fE1',_2) = 0.0
w_('pye',_'fE1',_3) = 0.0
w_('pye',_'fE1',_4) = 0.0
w_('pye',_'fE1',_5) = 0.0
w_('pye',_'fE1',_6) = 0.0
w_('pye',_'fE1',_7) = 1.0
w_('pye',_'fE1',_8) = 0.0
w_('pye',_'logica',_0) = 0.0
w_('pye',_'logica',_1) = 1.0
w_('pye',_'logica',_2) = 0.0
w_('pye',_'logica',_3) = 0.0
w_('pye',_'logica',_4) = 0.0
w_('pye',_'logica',_5) = 0.0
w_('pye',_'logica',_6) = 0.0
w_('pye',_'logica',_7) = 0.0
w_('pye',_'logica',_8) = 0.0
w_('pye',_'p1',_0) = 0.0
w_('pye',_'p1',_1) = 0.0
w_('pye',_'p1',_2) = 0.0
w_('pye',_'p1',_3) = 1.0
w_('pye',_'p1',_4) = 0.0
w_('pye',_'p1',_5) = 0.0
w_('pye',_'p1',_6) = 0.0
w_('pye',_'p1',_7) = 0.0
w_('pye',_'p1',_8) = 0.0
w_('pye',_'p2',_0) = 0.0
w_('pye',_'p2',_1) = 0.0
w_('pye',_'p2',_2) = 0.0
w_('pye',_'p2',_3) = 1.0
w_('pye',_'p2',_4) = 0.0
w_('pye',_'p2',_5) = 0.0
w_('pye',_'p2',_6) = 0.0
w_('pye',_'p2',_7) = 0.0
w_('pye',_'p2',_8) = 0.0
w_('pye',_'tallerine',_0) = 0.0
w_('pye',_'tallerine',_1) = 1.0
w_('pye',_'tallerine',_2) = 0.0
w_('pye',_'tallerine',_3) = 0.0
w_('pye',_'tallerine',_4) = 0.0
w_('pye',_'tallerine',_5) = 0.0
w_('pye',_'tallerine',_6) = 0.0
w_('pye',_'tallerine',_7) = 0.0
w_('pye',_'tallerine',_8) = 0.0
w_('tallerine',_'cV',_0) = 1.0
w_('tallerine',_'cV',_1) = 0.0
w_('tallerine',_'cV',_2) = 0.0
w_('tallerine',_'cV',_3) = 0.0
w_('tallerine',_'cV',_4) = 0.0
w_('tallerine',_'cV',_5) = 0.0
w_('tallerine',_'cV',_6) = 0.0
w_('tallerine',_'cV',_7) = 0.0
w_('tallerine',_'cV',_8) = 0.0
w_('tallerine',_'disLog',_0) = 0.0
w_('tallerine',_'disLog',_1) = 0.0
w_('tallerine',_'disLog',_2) = 1.0
w_('tallerine',_'disLog',_3) = 0.0
w_('tallerine',_'disLog',_4) = 0.0
w_('tallerine',_'disLog',_5) = 0.0
w_('tallerine',_'disLog',_6) = 0.0
w_('tallerine',_'disLog',_7) = 0.0
w_('tallerine',_'disLog',_8) = 0.0
w_('tallerine',_'f3',_0) = 0.0
w_('tallerine',_'f3',_1) = 0.0
w_('tallerine',_'f3',_2) = 0.0
w_('tallerine',_'f3',_3) = 0.0
w_('tallerine',_'f3',_4) = 0.0
w_('tallerine',_'f3',_5) = 0.0
w_('tallerine',_'f3',_6) = 1.0
w_('tallerine',_'f3',_7) = 0.0
w_('tallerine',_'f3',_8) = 0.0
w_('tallerine',_'fE1',_0) = 0.0
w_('tallerine',_'fE1',_1) = 0.0
w_('tallerine',_'fE1',_2) = 0.0
w_('tallerine',_'fE1',_3) = 0.0
w_('tallerine',_'fE1',_4) = 0.0
w_('tallerine',_'fE1',_5) = 0.0
w_('tallerine',_'fE1',_6) = 0.0
w_('tallerine',_'fE1',_7) = 0.0
w_('tallerine',_'fE1',_8) = 1.0
x_cDiv_1_1 = 0.0
x_cDiv_1_2 = 0.0
x_cDiv_1_3 = 0.0
x_cDiv_2_1 = 1.0
x_cDiv_2_2 = 0.0
x_cDiv_2_3 = 0.0
x_cDiv_3_1 = 0.0
x_cDiv_3_2 = 0.0
x_cDiv_5_1 = 0.0
x_cDiv_5_2 = 0.0
x_cDiv_5_3 = 0.0
x_cDiv_6_1 = 0.0
x_cDiv_6_2 = 0.0
x_cDiv_6_3 = 0.0
x_cDiv_7_1 = 0.0
x_cDiv_7_2 = 0.0
x_cDiv_9_1 = 0.0
x_cDiv_9_2 = 0.0
x_cDiv_9_3 = 0.0
x_cDivv_1_1 = 0.0
x_cDivv_1_2 = 1.0
x_cDivv_1_3 = 0.0
x_cDivv_2_1 = 0.0
x_cDivv_2_2 = 0.0
x_cDivv_2_3 = 0.0
x_cDivv_3_1 = 0.0
x_cDivv_3_2 = 0.0
x_cDivv_5_1 = 0.0
x_cDivv_5_2 = 0.0
x_cDivv_5_3 = 0.0
x_cDivv_6_1 = 0.0
x_cDivv_6_2 = 0.0
x_cDivv_6_3 = 0.0
x_cDivv_7_1 = 0.0
x_cDivv_7_2 = 0.0
x_cDivv_9_1 = 0.0
x_cDivv_9_2 = 0.0
x_cDivv_9_3 = 0.0
x_cV_1_1 = 1.0
x_cV_1_2 = 0.0
x_cV_1_3 = 0.0
x_cV_2_1 = 0.0
x_cV_2_2 = 0.0
x_cV_2_3 = 0.0
x_cV_3_1 = 0.0
x_cV_3_2 = 0.0
x_cV_5_1 = 0.0
x_cV_5_2 = 0.0
x_cV_5_3 = 0.0
x_cV_6_1 = 0.0
x_cV_6_2 = 0.0
x_cV_6_3 = 0.0
x_cV_7_1 = 0.0
x_cV_7_2 = 0.0
x_cV_9_1 = 0.0
x_cV_9_2 = 0.0
x_cV_9_3 = 0.0
x_disLog_1_1 = 0.0
x_disLog_1_2 = 0.0
x_disLog_1_3 = 0.0
x_disLog_2_1 = 0.0
x_disLog_2_2 = 0.0
x_disLog_2_3 = 0.0
x_disLog_3_1 = 0.0
x_disLog_3_2 = 1.0
x_disLog_5_1 = 0.0
x_disLog_5_2 = 0.0
x_disLog_5_3 = 0.0
x_disLog_6_1 = 0.0
x_disLog_6_2 = 0.0
x_disLog_6_3 = 0.0
x_disLog_7_1 = 0.0
x_disLog_7_2 = 0.0
x_disLog_9_1 = 0.0
x_disLog_9_2 = 0.0
x_disLog_9_3 = 0.0
x_f1_1_1 = 0.0
x_f1_1_2 = 0.0
x_f1_1_3 = 0.0
x_f1_2_1 = 0.0
x_f1_2_2 = 0.0
x_f1_2_3 = 0.0
x_f1_3_1 = 0.0
x_f1_3_2 = 0.0
x_f1_5_1 = 0.0
x_f1_5_2 = 0.0
x_f1_5_3 = 0.0
x_f1_6_1 = 0.0
x_f1_6_2 = 0.0
x_f1_6_3 = 0.0
x_f1_7_1 = 1.0
x_f1_7_2 = 0.0
x_f1_9_1 = 0.0
x_f1_9_2 = 0.0
x_f1_9_3 = 0.0
x_f3_1_1 = 0.0
x_f3_1_2 = 0.0
x_f3_1_3 = 0.0
x_f3_2_1 = 0.0
x_f3_2_2 = 0.0
x_f3_2_3 = 0.0
x_f3_3_1 = 0.0
x_f3_3_2 = 0.0
x_f3_5_1 = 0.0
x_f3_5_2 = 0.0
x_f3_5_3 = 0.0
x_f3_6_1 = 0.0
x_f3_6_2 = 0.0
x_f3_6_3 = 0.0
x_f3_7_1 = 1.0
x_f3_7_2 = 0.0
x_f3_9_1 = 0.0
x_f3_9_2 = 0.0
x_f3_9_3 = 0.0
x_fE1_1_1 = 0.0
x_fE1_1_2 = 0.0
x_fE1_1_3 = 0.0
x_fE1_2_1 = 0.0
x_fE1_2_2 = 0.0
x_fE1_2_3 = 0.0
x_fE1_3_1 = 0.0
x_fE1_3_2 = 0.0
x_fE1_5_1 = 0.0
x_fE1_5_2 = 0.0
x_fE1_5_3 = 0.0
x_fE1_6_1 = 0.0
x_fE1_6_2 = 0.0
x_fE1_6_3 = 0.0
x_fE1_7_1 = 0.0
x_fE1_7_2 = 0.0
x_fE1_9_1 = 0.0
x_fE1_9_2 = 1.0
x_fE1_9_3 = 0.0
x_gal1_1_1 = 0.0
x_gal1_1_2 = 0.0
x_gal1_1_3 = 0.0
x_gal1_2_1 = 0.0
x_gal1_2_2 = 0.0
x_gal1_2_3 = 0.0
x_gal1_3_1 = 0.0
x_gal1_3_2 = 0.0
x_gal1_5_1 = 0.0
x_gal1_5_2 = 0.0
x_gal1_5_3 = 0.0
x_gal1_6_1 = 0.0
x_gal1_6_2 = 0.0
x_gal1_6_3 = 0.0
x_gal1_7_1 = 0.0
x_gal1_7_2 = 0.0
x_gal1_9_1 = 1.0
x_gal1_9_2 = 0.0
x_gal1_9_3 = 0.0
x_gal2_1_1 = 0.0
x_gal2_1_2 = 0.0
x_gal2_1_3 = 0.0
x_gal2_2_1 = 0.0
x_gal2_2_2 = 0.0
x_gal2_2_3 = 0.0
x_gal2_3_1 = 0.0
x_gal2_3_2 = 0.0
x_gal2_5_1 = 0.0
x_gal2_5_2 = 0.0
x_gal2_5_3 = 0.0
x_gal2_6_1 = 0.0
x_gal2_6_2 = 0.0
x_gal2_6_3 = 0.0
x_gal2_7_1 = 0.0
x_gal2_7_2 = 0.0
x_gal2_9_1 = 0.0
x_gal2_9_2 = 0.0
x_gal2_9_3 = 1.0
x_logica_1_1 = 0.0
x_logica_1_2 = 0.0
x_logica_1_3 = 0.0
x_logica_2_1 = 0.0
x_logica_2_2 = 0.0
x_logica_2_3 = 0.0
x_logica_3_1 = 0.0
x_logica_3_2 = 1.0
x_logica_5_1 = 0.0
x_logica_5_2 = 0.0
x_logica_5_3 = 0.0
x_logica_6_1 = 0.0
x_logica_6_2 = 0.0
x_logica_6_3 = 0.0
x_logica_7_1 = 0.0
x_logica_7_2 = 0.0
x_logica_9_1 = 0.0
x_logica_9_2 = 0.0
x_logica_9_3 = 0.0
x_md1_1_1 = 0.0
x_md1_1_2 = 0.0
x_md1_1_3 = 0.0
x_md1_2_1 = 0.0
x_md1_2_2 = 0.0
x_md1_2_3 = 0.0
x_md1_3_1 = 0.0
x_md1_3_2 = 0.0
x_md1_5_1 = 0.0
x_md1_5_2 = 0.0
x_md1_5_3 = 0.0
x_md1_6_1 = 0.0
x_md1_6_2 = 1.0
x_md1_6_3 = 0.0
x_md1_7_1 = 0.0
x_md1_7_2 = 0.0
x_md1_9_1 = 0.0
x_md1_9_2 = 0.0
x_md1_9_3 = 0.0
x_md2_1_1 = 0.0
x_md2_1_2 = 0.0
x_md2_1_3 = 0.0
x_md2_2_1 = 0.0
x_md2_2_2 = 0.0
x_md2_2_3 = 0.0
x_md2_3_1 = 0.0
x_md2_3_2 = 0.0
x_md2_5_1 = 0.0
x_md2_5_2 = 0.0
x_md2_5_3 = 0.0
x_md2_6_1 = 0.0
x_md2_6_2 = 1.0
x_md2_6_3 = 0.0
x_md2_7_1 = 0.0
x_md2_7_2 = 0.0
x_md2_9_1 = 0.0
x_md2_9_2 = 0.0
x_md2_9_3 = 0.0
x_p1_1_1 = 0.0
x_p1_1_2 = 0.0
x_p1_1_3 = 0.0
x_p1_2_1 = 0.0
x_p1_2_2 = 0.0
x_p1_2_3 = 0.0
x_p1_3_1 = 0.0
x_p1_3_2 = 0.0
x_p1_5_1 = 1.0
x_p1_5_2 = 0.0
x_p1_5_3 = 0.0
x_p1_6_1 = 0.0
x_p1_6_2 = 0.0
x_p1_6_3 = 0.0
x_p1_7_1 = 0.0
x_p1_7_2 = 0.0
x_p1_9_1 = 0.0
x_p1_9_2 = 0.0
x_p1_9_3 = 0.0
x_p2_1_1 = 0.0
x_p2_1_2 = 0.0
x_p2_1_3 = 0.0
x_p2_2_1 = 0.0
x_p2_2_2 = 0.0
x_p2_2_3 = 0.0
x_p2_3_1 = 0.0
x_p2_3_2 = 0.0
x_p2_5_1 = 0.0
x_p2_5_2 = 0.0
x_p2_5_3 = 1.0
x_p2_6_1 = 0.0
x_p2_6_2 = 0.0
x_p2_6_3 = 0.0
x_p2_7_1 = 0.0
x_p2_7_2 = 0.0
x_p2_9_1 = 0.0
x_p2_9_2 = 0.0
x_p2_9_3 = 0.0
x_pye_1_1 = 0.0
x_pye_1_2 = 0.0
x_pye_1_3 = 0.0
x_pye_2_1 = 0.0
x_pye_2_2 = 1.0
x_pye_2_3 = 0.0
x_pye_3_1 = 0.0
x_pye_3_2 = 0.0
x_pye_5_1 = 0.0
x_pye_5_2 = 0.0
x_pye_5_3 = 0.0
x_pye_6_1 = 0.0
x_pye_6_2 = 0.0
x_pye_6_3 = 0.0
x_pye_7_1 = 0.0
x_pye_7_2 = 0.0
x_pye_9_1 = 0.0
x_pye_9_2 = 0.0
x_pye_9_3 = 0.0
x_tallerine_1_1 = 1.0
x_tallerine_1_2 = 0.0
x_tallerine_1_3 = 0.0
x_tallerine_2_1 = 0.0
x_tallerine_2_2 = 0.0
x_tallerine_2_3 = 0.0
x_tallerine_3_1 = 0.0
x_tallerine_3_2 = 0.0
x_tallerine_5_1 = 0.0
x_tallerine_5_2 = 0.0
x_tallerine_5_3 = 0.0
x_tallerine_6_1 = 0.0
x_tallerine_6_2 = 0.0
x_tallerine_6_3 = 0.0
x_tallerine_7_1 = 0.0
x_tallerine_7_2 = 0.0
x_tallerine_9_1 = 0.0
x_tallerine_9_2 = 0.0
x_tallerine_9_3 = 0.0
y_('cDiv',_'cDivv') = 1.0
y_('cDiv',_'cV') = 1.0
y_('cDiv',_'disLog') = 0.0
y_('cDiv',_'f1') = 0.0
y_('cDiv',_'f3') = 0.0
y_('cDiv',_'fE1') = 0.0
y_('cDiv',_'gal1') = 0.0
y_('cDiv',_'gal2') = 0.0
y_('cDiv',_'logica') = 0.0
y_('cDiv',_'md1') = 0.0
y_('cDiv',_'md2') = 0.0
y_('cDiv',_'p1') = 0.0
y_('cDiv',_'p2') = 0.0
y_('cDiv',_'pye') = 1.0
y_('cDiv',_'tallerine') = 1.0
y_('cDivv',_'cV') = 0.0
y_('cDivv',_'disLog') = 0.0
y_('cDivv',_'f1') = 0.0
y_('cDivv',_'f3') = 0.0
y_('cDivv',_'fE1') = 0.0
y_('cDivv',_'gal1') = 0.0
y_('cDivv',_'gal2') = 0.0
y_('cDivv',_'logica') = 0.0
y_('cDivv',_'md1') = 0.0
y_('cDivv',_'md2') = 0.0
y_('cDivv',_'p1') = 0.0
y_('cDivv',_'p2') = 0.0
y_('cDivv',_'pye') = 0.0
y_('cDivv',_'tallerine') = 1.0
y_('cV',_'f3') = 0.0
y_('cV',_'fE1') = 0.0
y_('disLog',_'cV') = 1.0
y_('disLog',_'f3') = 0.0
y_('disLog',_'fE1') = 0.0
y_('f1',_'cV') = 1.0
y_('f1',_'disLog') = 1.0
y_('f1',_'f3') = 1.0
y_('f1',_'fE1') = 0.0
y_('f1',_'logica') = 1.0
y_('f1',_'p2') = 1.0
y_('f1',_'tallerine') = 1.0
y_('f3',_'fE1') = 0.0
y_('gal1',_'cV') = 1.0
y_('gal1',_'disLog') = 1.0
y_('gal1',_'f1') = 1.0
y_('gal1',_'f3') = 1.0
y_('gal1',_'fE1') = 0.0
y_('gal1',_'gal2') = 0.0
y_('gal1',_'logica') = 1.0
y_('gal1',_'md1') = 1.0
y_('gal1',_'md2') = 1.0
y_('gal1',_'p1') = 1.0
y_('gal1',_'p2') = 1.0
y_('gal1',_'pye') = 1.0
y_('gal1',_'tallerine') = 1.0
y_('gal2',_'cV') = 1.0
y_('gal2',_'disLog') = 1.0
y_('gal2',_'f1') = 1.0
y_('gal2',_'f3') = 1.0
y_('gal2',_'fE1') = 0.0
y_('gal2',_'logica') = 1.0
y_('gal2',_'md1') = 1.0
y_('gal2',_'md2') = 1.0
y_('gal2',_'p1') = 1.0
y_('gal2',_'p2') = 1.0
y_('gal2',_'pye') = 1.0
y_('gal2',_'tallerine') = 1.0
y_('logica',_'cV') = 1.0
y_('logica',_'disLog') = 0.0
y_('logica',_'f3') = 0.0
y_('logica',_'fE1') = 0.0
y_('logica',_'tallerine') = 1.0
y_('md1',_'cV') = 1.0
y_('md1',_'disLog') = 1.0
y_('md1',_'f1') = 0.0
y_('md1',_'f3') = 0.0
y_('md1',_'fE1') = 0.0
y_('md1',_'logica') = 1.0
y_('md1',_'md2') = 1.0
y_('md1',_'p1') = 1.0
y_('md1',_'p2') = 1.0
y_('md1',_'pye') = 1.0
y_('md1',_'tallerine') = 1.0
y_('md2',_'cV') = 1.0
y_('md2',_'disLog') = 1.0
y_('md2',_'f1') = 0.0
y_('md2',_'f3') = 0.0
y_('md2',_'fE1') = 0.0
y_('md2',_'logica') = 1.0
y_('md2',_'p1') = 1.0
y_('md2',_'p2') = 1.0
y_('md2',_'pye') = 1.0
y_('md2',_'tallerine') = 1.0
y_('p1',_'cV') = 1.0
y_('p1',_'disLog') = 1.0
y_('p1',_'f1') = 0.0
y_('p1',_'f3') = 0.0
y_('p1',_'fE1') = 0.0
y_('p1',_'logica') = 1.0
y_('p1',_'p2') = 0.0
y_('p1',_'tallerine') = 1.0
y_('p2',_'cV') = 1.0
y_('p2',_'disLog') = 1.0
y_('p2',_'f3') = 0.0
y_('p2',_'fE1') = 0.0
y_('p2',_'logica') = 1.0
y_('p2',_'tallerine') = 1.0
y_('pye',_'cV') = 1.0
y_('pye',_'disLog') = 0.0
y_('pye',_'f1') = 0.0
y_('pye',_'f3') = 0.0
y_('pye',_'fE1') = 0.0
y_('pye',_'logica') = 0.0
y_('pye',_'p1') = 0.0
y_('pye',_'p2') = 0.0
y_('pye',_'tallerine') = 1.0
y_('tallerine',_'cV') = 0.0
y_('tallerine',_'disLog') = 0.0
y_('tallerine',_'f3') = 0.0
y_('tallerine',_'fE1') = 0.0
z_('cDiv',_'cDivv') = 1.0
z_('cDiv',_'cV') = 1.0
z_('cDiv',_'disLog') = 1.0
z_('cDiv',_'f1') = 5.0
z_('cDiv',_'f3') = 5.0
z_('cDiv',_'fE1') = 7.0
z_('cDiv',_'gal1') = 7.0
z_('cDiv',_'gal2') = 7.0
z_('cDiv',_'logica') = 1.0
z_('cDiv',_'md1') = 4.0
z_('cDiv',_'md2') = 4.0
z_('cDiv',_'p1') = 3.0
z_('cDiv',_'p2') = 3.0
z_('cDiv',_'pye') = 0.0
z_('cDiv',_'tallerine') = 1.0
z_('cDivv',_'cV') = 0.0
z_('cDivv',_'disLog') = 2.0
z_('cDivv',_'f1') = 6.0
z_('cDivv',_'f3') = 6.0
z_('cDivv',_'fE1') = 8.0
z_('cDivv',_'gal1') = 8.0
z_('cDivv',_'gal2') = 8.0
z_('cDivv',_'logica') = 2.0
z_('cDivv',_'md1') = 5.0
z_('cDivv',_'md2') = 5.0
z_('cDivv',_'p1') = 4.0
z_('cDivv',_'p2') = 4.0
z_('cDivv',_'pye') = 1.0
z_('cDivv',_'tallerine') = 0.0
z_('cV',_'f3') = 6.0
z_('cV',_'fE1') = 8.0
z_('disLog',_'cV') = 2.0
z_('disLog',_'f3') = 4.0
z_('disLog',_'fE1') = 6.0
z_('f1',_'cV') = 6.0
z_('f1',_'disLog') = 4.0
z_('f1',_'f3') = 0.0
z_('f1',_'fE1') = 2.0
z_('f1',_'logica') = 4.0
z_('f1',_'p2') = 2.0
z_('f1',_'tallerine') = 6.0
z_('f3',_'fE1') = 2.0
z_('gal1',_'cV') = 8.0
z_('gal1',_'disLog') = 6.0
z_('gal1',_'f1') = 2.0
z_('gal1',_'f3') = 2.0
z_('gal1',_'fE1') = 0.0
z_('gal1',_'gal2') = 0.0
z_('gal1',_'logica') = 6.0
z_('gal1',_'md1') = 3.0
z_('gal1',_'md2') = 3.0
z_('gal1',_'p1') = 4.0
z_('gal1',_'p2') = 4.0
z_('gal1',_'pye') = 7.0
z_('gal1',_'tallerine') = 8.0
z_('gal2',_'cV') = 8.0
z_('gal2',_'disLog') = 6.0
z_('gal2',_'f1') = 2.0
z_('gal2',_'f3') = 2.0
z_('gal2',_'fE1') = 0.0
z_('gal2',_'logica') = 6.0
z_('gal2',_'md1') = 3.0
z_('gal2',_'md2') = 3.0
z_('gal2',_'p1') = 4.0
z_('gal2',_'p2') = 4.0
z_('gal2',_'pye') = 7.0
z_('gal2',_'tallerine') = 8.0
z_('logica',_'cV') = 2.0
z_('logica',_'disLog') = 0.0
z_('logica',_'f3') = 4.0
z_('logica',_'fE1') = 6.0
z_('logica',_'tallerine') = 2.0
z_('md1',_'cV') = 5.0
z_('md1',_'disLog') = 3.0
z_('md1',_'f1') = 1.0
z_('md1',_'f3') = 1.0
z_('md1',_'fE1') = 3.0
z_('md1',_'logica') = 3.0
z_('md1',_'md2') = 0.0
z_('md1',_'p1') = 1.0
z_('md1',_'p2') = 1.0
z_('md1',_'pye') = 4.0
z_('md1',_'tallerine') = 5.0
z_('md2',_'cV') = 5.0
z_('md2',_'disLog') = 3.0
z_('md2',_'f1') = 1.0
z_('md2',_'f3') = 1.0
z_('md2',_'fE1') = 3.0
z_('md2',_'logica') = 3.0
z_('md2',_'p1') = 1.0
z_('md2',_'p2') = 1.0
z_('md2',_'pye') = 4.0
z_('md2',_'tallerine') = 5.0
z_('p1',_'cV') = 4.0
z_('p1',_'disLog') = 2.0
z_('p1',_'f1') = 2.0
z_('p1',_'f3') = 2.0
z_('p1',_'fE1') = 4.0
z_('p1',_'logica') = 2.0
z_('p1',_'p2') = 0.0
z_('p1',_'tallerine') = 4.0
z_('p2',_'cV') = 4.0
z_('p2',_'disLog') = 2.0
z_('p2',_'f3') = 2.0
z_('p2',_'fE1') = 4.0
z_('p2',_'logica') = 2.0
z_('p2',_'tallerine') = 4.0
z_('pye',_'cV') = 1.0
z_('pye',_'disLog') = 1.0
z_('pye',_'f1') = 5.0
z_('pye',_'f3') = 5.0
z_('pye',_'fE1') = 7.0
z_('pye',_'logica') = 1.0
z_('pye',_'p1') = 3.0
z_('pye',_'p2') = 3.0
z_('pye',_'tallerine') = 1.0
z_('tallerine',_'cV') = 0.0
z_('tallerine',_'disLog') = 2.0
z_('tallerine',_'f3') = 6.0
z_('tallerine',_'fE1') = 8.0
z_minus_('cDiv',_'cDivv') = 0.0
z_minus_('cDiv',_'cV') = 0.0
z_minus_('cDiv',_'disLog') = 1.0
z_minus_('cDiv',_'f1') = 5.0
z_minus_('cDiv',_'f3') = 5.0
z_minus_('cDiv',_'fE1') = 7.0
z_minus_('cDiv',_'gal1') = 7.0
z_minus_('cDiv',_'gal2') = 7.0
z_minus_('cDiv',_'logica') = 1.0
z_minus_('cDiv',_'md1') = 4.0
z_minus_('cDiv',_'md2') = 4.0
z_minus_('cDiv',_'p1') = 3.0
z_minus_('cDiv',_'p2') = 3.0
z_minus_('cDiv',_'pye') = 0.0
z_minus_('cDiv',_'tallerine') = 0.0
z_minus_('cDivv',_'cV') = 0.0
z_minus_('cDivv',_'disLog') = 2.0
z_minus_('cDivv',_'f1') = 6.0
z_minus_('cDivv',_'f3') = 6.0
z_minus_('cDivv',_'fE1') = 8.0
z_minus_('cDivv',_'gal1') = 8.0
z_minus_('cDivv',_'gal2') = 8.0
z_minus_('cDivv',_'logica') = 2.0
z_minus_('cDivv',_'md1') = 5.0
z_minus_('cDivv',_'md2') = 5.0
z_minus_('cDivv',_'p1') = 4.0
z_minus_('cDivv',_'p2') = 4.0
z_minus_('cDivv',_'pye') = 1.0
z_minus_('cDivv',_'tallerine') = 0.0
z_minus_('cV',_'f3') = 6.0
z_minus_('cV',_'fE1') = 8.0
z_minus_('disLog',_'cV') = 0.0
z_minus_('disLog',_'f3') = 4.0
z_minus_('disLog',_'fE1') = 6.0
z_minus_('f1',_'cV') = 0.0
z_minus_('f1',_'disLog') = 0.0
z_minus_('f1',_'f3') = 0.0
z_minus_('f1',_'fE1') = 2.0
z_minus_('f1',_'logica') = 0.0
z_minus_('f1',_'p2') = 0.0
z_minus_('f1',_'tallerine') = 0.0
z_minus_('f3',_'fE1') = 2.0
z_minus_('gal1',_'cV') = 0.0
z_minus_('gal1',_'disLog') = 0.0
z_minus_('gal1',_'f1') = 0.0
z_minus_('gal1',_'f3') = 0.0
z_minus_('gal1',_'fE1') = 0.0
z_minus_('gal1',_'gal2') = 0.0
z_minus_('gal1',_'logica') = 0.0
z_minus_('gal1',_'md1') = 0.0
z_minus_('gal1',_'md2') = 0.0
z_minus_('gal1',_'p1') = 0.0
z_minus_('gal1',_'p2') = 0.0
z_minus_('gal1',_'pye') = 0.0
z_minus_('gal1',_'tallerine') = 0.0
z_minus_('gal2',_'cV') = 0.0
z_minus_('gal2',_'disLog') = 0.0
z_minus_('gal2',_'f1') = 0.0
z_minus_('gal2',_'f3') = 0.0
z_minus_('gal2',_'fE1') = 0.0
z_minus_('gal2',_'logica') = 0.0
z_minus_('gal2',_'md1') = 0.0
z_minus_('gal2',_'md2') = 0.0
z_minus_('gal2',_'p1') = 0.0
z_minus_('gal2',_'p2') = 0.0
z_minus_('gal2',_'pye') = 0.0
z_minus_('gal2',_'tallerine') = 0.0
z_minus_('logica',_'cV') = 0.0
z_minus_('logica',_'disLog') = 0.0
z_minus_('logica',_'f3') = 4.0
z_minus_('logica',_'fE1') = 6.0
z_minus_('logica',_'tallerine') = 0.0
z_minus_('md1',_'cV') = 0.0
z_minus_('md1',_'disLog') = 0.0
z_minus_('md1',_'f1') = 1.0
z_minus_('md1',_'f3') = 1.0
z_minus_('md1',_'fE1') = 3.0
z_minus_('md1',_'logica') = 0.0
z_minus_('md1',_'md2') = 0.0
z_minus_('md1',_'p1') = 0.0
z_minus_('md1',_'p2') = 0.0
z_minus_('md1',_'pye') = 0.0
z_minus_('md1',_'tallerine') = 0.0
z_minus_('md2',_'cV') = 0.0
z_minus_('md2',_'disLog') = 0.0
z_minus_('md2',_'f1') = 1.0
z_minus_('md2',_'f3') = 1.0
z_minus_('md2',_'fE1') = 3.0
z_minus_('md2',_'logica') = 0.0
z_minus_('md2',_'p1') = 0.0
z_minus_('md2',_'p2') = 0.0
z_minus_('md2',_'pye') = 0.0
z_minus_('md2',_'tallerine') = 0.0
z_minus_('p1',_'cV') = 0.0
z_minus_('p1',_'disLog') = 0.0
z_minus_('p1',_'f1') = 2.0
z_minus_('p1',_'f3') = 2.0
z_minus_('p1',_'fE1') = 4.0
z_minus_('p1',_'logica') = 0.0
z_minus_('p1',_'p2') = 0.0
z_minus_('p1',_'tallerine') = 0.0
z_minus_('p2',_'cV') = 0.0
z_minus_('p2',_'disLog') = 0.0
z_minus_('p2',_'f3') = 2.0
z_minus_('p2',_'fE1') = 4.0
z_minus_('p2',_'logica') = 0.0
z_minus_('p2',_'tallerine') = 0.0
z_minus_('pye',_'cV') = 0.0
z_minus_('pye',_'disLog') = 1.0
z_minus_('pye',_'f1') = 5.0
z_minus_('pye',_'f3') = 5.0
z_minus_('pye',_'fE1') = 7.0
z_minus_('pye',_'logica') = 1.0
z_minus_('pye',_'p1') = 3.0
z_minus_('pye',_'p2') = 3.0
z_minus_('pye',_'tallerine') = 0.0
z_minus_('tallerine',_'cV') = 0.0
z_minus_('tallerine',_'disLog') = 2.0
z_minus_('tallerine',_'f3') = 6.0
z_minus_('tallerine',_'fE1') = 8.0
z_plus_('cDiv',_'cDivv') = 1.0
z_plus_('cDiv',_'cV') = 1.0
z_plus_('cDiv',_'disLog') = 0.0
z_plus_('cDiv',_'f1') = 0.0
z_plus_('cDiv',_'f3') = 0.0
z_plus_('cDiv',_'fE1') = 0.0
z_plus_('cDiv',_'gal1') = 0.0
z_plus_('cDiv',_'gal2') = 0.0
z_plus_('cDiv',_'logica') = 0.0
z_plus_('cDiv',_'md1') = 0.0
z_plus_('cDiv',_'md2') = 0.0
z_plus_('cDiv',_'p1') = 0.0
z_plus_('cDiv',_'p2') = 0.0
z_plus_('cDiv',_'pye') = 0.0
z_plus_('cDiv',_'tallerine') = 1.0
z_plus_('cDivv',_'cV') = 0.0
z_plus_('cDivv',_'disLog') = 0.0
z_plus_('cDivv',_'f1') = 0.0
z_plus_('cDivv',_'f3') = 0.0
z_plus_('cDivv',_'fE1') = 0.0
z_plus_('cDivv',_'gal1') = 0.0
z_plus_('cDivv',_'gal2') = 0.0
z_plus_('cDivv',_'logica') = 0.0
z_plus_('cDivv',_'md1') = 0.0
z_plus_('cDivv',_'md2') = 0.0
z_plus_('cDivv',_'p1') = 0.0
z_plus_('cDivv',_'p2') = 0.0
z_plus_('cDivv',_'pye') = 0.0
z_plus_('cDivv',_'tallerine') = 0.0
z_plus_('cV',_'f3') = 0.0
z_plus_('cV',_'fE1') = 0.0
z_plus_('disLog',_'cV') = 2.0
z_plus_('disLog',_'f3') = 0.0
z_plus_('disLog',_'fE1') = 0.0
z_plus_('f1',_'cV') = 6.0
z_plus_('f1',_'disLog') = 4.0
z_plus_('f1',_'f3') = 0.0
z_plus_('f1',_'fE1') = 0.0
z_plus_('f1',_'logica') = 4.0
z_plus_('f1',_'p2') = 2.0
z_plus_('f1',_'tallerine') = 6.0
z_plus_('f3',_'fE1') = 0.0
z_plus_('gal1',_'cV') = 8.0
z_plus_('gal1',_'disLog') = 6.0
z_plus_('gal1',_'f1') = 2.0
z_plus_('gal1',_'f3') = 2.0
z_plus_('gal1',_'fE1') = 0.0
z_plus_('gal1',_'gal2') = 0.0
z_plus_('gal1',_'logica') = 6.0
z_plus_('gal1',_'md1') = 3.0
z_plus_('gal1',_'md2') = 3.0
z_plus_('gal1',_'p1') = 4.0
z_plus_('gal1',_'p2') = 4.0
z_plus_('gal1',_'pye') = 7.0
z_plus_('gal1',_'tallerine') = 8.0
z_plus_('gal2',_'cV') = 8.0
z_plus_('gal2',_'disLog') = 6.0
z_plus_('gal2',_'f1') = 2.0
z_plus_('gal2',_'f3') = 2.0
z_plus_('gal2',_'fE1') = 0.0
z_plus_('gal2',_'logica') = 6.0
z_plus_('gal2',_'md1') = 3.0
z_plus_('gal2',_'md2') = 3.0
z_plus_('gal2',_'p1') = 4.0
z_plus_('gal2',_'p2') = 4.0
z_plus_('gal2',_'pye') = 7.0
z_plus_('gal2',_'tallerine') = 8.0
z_plus_('logica',_'cV') = 2.0
z_plus_('logica',_'disLog') = 0.0
z_plus_('logica',_'f3') = 0.0
z_plus_('logica',_'fE1') = 0.0
z_plus_('logica',_'tallerine') = 2.0
z_plus_('md1',_'cV') = 5.0
z_plus_('md1',_'disLog') = 3.0
z_plus_('md1',_'f1') = 0.0
z_plus_('md1',_'f3') = 0.0
z_plus_('md1',_'fE1') = 0.0
z_plus_('md1',_'logica') = 3.0
z_plus_('md1',_'md2') = 0.0
z_plus_('md1',_'p1') = 1.0
z_plus_('md1',_'p2') = 1.0
z_plus_('md1',_'pye') = 4.0
z_plus_('md1',_'tallerine') = 5.0
z_plus_('md2',_'cV') = 5.0
z_plus_('md2',_'disLog') = 3.0
z_plus_('md2',_'f1') = 0.0
z_plus_('md2',_'f3') = 0.0
z_plus_('md2',_'fE1') = 0.0
z_plus_('md2',_'logica') = 3.0
z_plus_('md2',_'p1') = 1.0
z_plus_('md2',_'p2') = 1.0
z_plus_('md2',_'pye') = 4.0
z_plus_('md2',_'tallerine') = 5.0
z_plus_('p1',_'cV') = 4.0
z_plus_('p1',_'disLog') = 2.0
z_plus_('p1',_'f1') = 0.0
z_plus_('p1',_'f3') = 0.0
z_plus_('p1',_'fE1') = 0.0
z_plus_('p1',_'logica') = 2.0
z_plus_('p1',_'p2') = 0.0
z_plus_('p1',_'tallerine') = 4.0
z_plus_('p2',_'cV') = 4.0
z_plus_('p2',_'disLog') = 2.0
z_plus_('p2',_'f3') = 0.0
z_plus_('p2',_'fE1') = 0.0
z_plus_('p2',_'logica') = 2.0
z_plus_('p2',_'tallerine') = 4.0
z_plus_('pye',_'cV') = 1.0
z_plus_('pye',_'disLog') = 0.0
z_plus_('pye',_'f1') = 0.0
z_plus_('pye',_'f3') = 0.0
z_plus_('pye',_'fE1') = 0.0
z_plus_('pye',_'logica') = 0.0
z_plus_('pye',_'p1') = 0.0
z_plus_('pye',_'p2') = 0.0
z_plus_('pye',_'tallerine') = 1.0
z_plus_('tallerine',_'cV') = 0.0
z_plus_('tallerine',_'disLog') = 0.0
z_plus_('tallerine',_'f3') = 0.0
z_plus_('tallerine',_'fE1') = 0.0
Valor ptimo de la funcin objetivo:  14.258610684417137
Tiempo de ejecucin: 27.52 segundos
                     0.46 minutos
                     0.01 horas
