Set parameter LicenseID to value 2606552
Set parameter TimeLimit to value 10800
Set parameter Heuristics to value 0.5
Set parameter MIPFocus to value 2
Set parameter NoRelHeurWork to value 10
Set parameter SolFiles to value "solutions/solution"
Set parameter VarBranch to value 3
Set parameter Cuts to value 3
Set parameter LogFile to value "gurobi.log"
Set parameter Presolve to value 2
Set parameter Threads to value 8
Using license file /Users/facuspira/gurobi.lic

Gurobi Optimizer version 12.0.0 build v12.0.0rc1 (mac64[arm] - Darwin 24.3.0 24D81)
Copyright (c) 2024, Gurobi Optimization, LLC

Read LP format model from file /var/folders/_g/qmy1pwhn0n38nzvw5fd66fsw0000gn/T/8f0bff3929a54888819ecc4f2bc18a37-pulp.lp
Reading time = 0.15 seconds
OBJ: 15473 rows, 116220 columns, 365726 nonzeros

Using Gurobi shared library /Library/gurobi1200/macos_universal2/lib/libgurobi120.dylib

CPU model: Apple M1
Thread count: 8 physical cores, 8 logical processors, using up to 8 threads

Non-default parameters:
TimeLimit  10800
Heuristics  0.5
MIPFocus  2
NoRelHeurWork  10
VarBranch  3
Cuts  3
Presolve  2
Threads  8

Optimize a model with 15473 rows, 116220 columns and 365726 nonzeros
Model fingerprint: 0x821b6c80
Variable types: 6240 continuous, 109980 integer (109980 binary)
Coefficient statistics:
  Matrix range     [2e-01, 2e+03]
  Objective range  [4e-03, 2e+00]
  Bounds range     [1e+00, 1e+00]
  RHS range        [1e+00, 2e+03]
Presolve removed 4462 rows and 3664 columns
Presolve time: 1.36s
Presolved: 11011 rows, 112556 columns, 346711 nonzeros
Variable types: 4160 continuous, 108396 integer (108322 binary)
Starting NoRel heuristic
Found phase-1 solution: relaxation 17500.2
Found phase-1 solution: relaxation 17049.4
Found phase-1 solution: relaxation 16946.8
Found phase-1 solution: relaxation 14105.1
Found phase-1 solution: relaxation 14013.6
Found phase-1 solution: relaxation 11596.9
Found phase-1 solution: relaxation 11310.2
Found phase-1 solution: relaxation 10730.7
Found phase-1 solution: relaxation 10460
Found phase-1 solution: relaxation 9734.75
Found phase-1 solution: relaxation 9545.88
Found phase-1 solution: relaxation 9457.38
Found phase-1 solution: relaxation 9361.25
Found phase-1 solution: relaxation 8621
Found phase-1 solution: relaxation 8201.88
Found phase-1 solution: relaxation 8126.25
Found phase-1 solution: relaxation 8056.5
Found phase-1 solution: relaxation 7550.5
Found phase-1 solution: relaxation 7517.87
Found phase-1 solution: relaxation 7454.5
Found phase-1 solution: relaxation 7098.25
Found phase-1 solution: relaxation 6835
Found phase-1 solution: relaxation 6604.25
Found phase-1 solution: relaxation 6386.75
Found phase-1 solution: relaxation 6262.88
Found phase-1 solution: relaxation 6244
Found phase-1 solution: relaxation 6239
Found phase-1 solution: relaxation 6071.75
Found phase-1 solution: relaxation 5968.75
Found phase-1 solution: relaxation 5957.25
Found phase-1 solution: relaxation 5932.75
Found phase-1 solution: relaxation 5930
Found phase-1 solution: relaxation 5927.62
Found phase-1 solution: relaxation 5901.5
Found phase-1 solution: relaxation 5850.38
Elapsed time for NoRel heuristic: 5s (best bound 24.8044)
Found phase-1 solution: relaxation 5756.62
Found phase-1 solution: relaxation 5738.25
Found phase-1 solution: relaxation 5732.12
Found phase-1 solution: relaxation 5718.62
Found phase-1 solution: relaxation 5716.62
Found phase-1 solution: relaxation 5715.62
Found phase-1 solution: relaxation 5713.62
Found phase-1 solution: relaxation 5710.62
Found phase-1 solution: relaxation 5700.12
Found phase-1 solution: relaxation 5406.75
Found phase-1 solution: relaxation 5400.25
Found phase-1 solution: relaxation 5399.88
Found phase-1 solution: relaxation 5399.38
Found phase-1 solution: relaxation 5399
Found phase-1 solution: relaxation 5360.88
Found phase-1 solution: relaxation 5360.62
Found phase-1 solution: relaxation 5223.25
Elapsed time for NoRel heuristic: 11s (best bound 25.2311)
Found phase-1 solution: relaxation 4969.62
NoRel heuristic complete
Root relaxation presolve removed 2080 rows and 2080 columns
Root relaxation presolved: 8931 rows, 110476 columns, 342551 nonzeros

Deterministic concurrent LP optimizer: primal and dual simplex
Showing primal log only...


Root simplex log...

Iteration    Objective       Primal Inf.    Dual Inf.      Time
       0    2.2247956e+02   4.474133e+03   3.030509e+10     13s
Concurrent spin time: 0.14s (can be avoided by choosing Method=3)

Solved with dual simplex

Root simplex log...

Iteration    Objective       Primal Inf.    Dual Inf.      Time
    9315    2.5231140e+01   0.000000e+00   0.000000e+00     14s

Root relaxation: objective 2.523114e+01, 9315 iterations, 1.55 seconds (1.99 work units)
Total elapsed time = 15.64s (DegenMoves)

    Nodes    |    Current Node    |     Objective Bounds      |     Work
 Expl Unexpl |  Obj  Depth IntInf | Incumbent    BestBd   Gap | It/Node Time

     0     0   25.23114    0 3038          -   25.23114      -     -   15s
     0     0   27.76942    0 3273          -   27.76942      -     -   23s
     0     0   28.60179    0 3434          -   28.60179      -     -   25s
     0     0   28.69059    0 3578          -   28.69059      -     -   26s
     0     0   28.69226    0 3621          -   28.69226      -     -   26s
     0     0   28.69232    0 3627          -   28.69232      -     -   26s
     0     0   29.39886    0 3539          -   29.39886      -     -   34s
     0     0   29.65112    0 3588          -   29.65112      -     -   36s
     0     0   29.73289    0 3697          -   29.73289      -     -   37s
     0     0   29.77441    0 3816          -   29.77441      -     -   39s
     0     0   29.78038    0 3883          -   29.78038      -     -   41s
     0     0   29.78217    0 3917          -   29.78217      -     -   42s
     0     0   29.78292    0 3925          -   29.78292      -     -   42s
     0     0   30.06367    0 3929          -   30.06367      -     -   54s
     0     0   30.13140    0 4033          -   30.13140      -     -   59s
     0     0   30.16262    0 4155          -   30.16262      -     -   64s
     0     0   30.18329    0 4260          -   30.18329      -     -   68s
     0     0   30.19264    0 4331          -   30.19264      -     -   73s
     0     0   30.19398    0 4356          -   30.19398      -     -   75s
     0     0   30.51838    0 4357          -   30.51838      -     -  109s
     0     0   30.68903    0 4376          -   30.68903      -     -  124s
     0     0   30.74017    0 4504          -   30.74017      -     -  136s
     0     0   30.76832    0 4592          -   30.76832      -     -  147s
     0     0   30.79012    0 4679          -   30.79012      -     -  162s
     0     0   30.80065    0 4821          -   30.80065      -     -  174s
     0     0   30.80711    0 4913          -   30.80711      -     -  186s
     0     0   30.81025    0 5032          -   30.81025      -     -  196s
     0     0   30.81105    0 5094          -   30.81105      -     -  202s
     0     0   31.06130    0 5046          -   31.06130      -     -  275s
     0     0   31.15405    0 5075          -   31.15405      -     -  297s
     0     0   31.23453    0 5135          -   31.23453      -     -  324s
     0     0   31.27684    0 5234          -   31.27684      -     -  344s
     0     0   31.30708    0 5350          -   31.30708      -     -  372s
     0     0   31.32562    0 5422          -   31.32562      -     -  396s
     0     0   31.33824    0 5493          -   31.33824      -     -  411s
     0     0   31.34989    0 5553          -   31.34989      -     -  432s
     0     0   31.35658    0 5637          -   31.35658      -     -  446s
     0     0   31.35984    0 5737          -   31.35984      -     -  461s
     0     0   31.36435    0 5819          -   31.36435      -     -  480s
     0     0   31.36581    0 5893          -   31.36581      -     -  493s
     0     0   31.56869    0 5860          -   31.56869      -     -  616s
     0     0   31.65762    0 5991          -   31.65762      -     -  663s
     0     0   31.69379    0 6035          -   31.69379      -     -  706s
     0     0   31.71296    0 6151          -   31.71296      -     -  734s
     0     0   31.72475    0 6284          -   31.72475      -     -  761s
     0     0   31.73679    0 6410          -   31.73679      -     -  800s
     0     0   31.74161    0 6511          -   31.74161      -     -  825s
     0     0   31.74471    0 6641          -   31.74471      -     -  842s
     0     0   32.20607    0 6404          -   32.20607      -     -  957s
H    0     0                     106.4830852   32.32979  69.6%     -  995s
H    0     0                     106.1540085   32.32979  69.5%     -  995s
H    0     0                     106.1129842   32.32979  69.5%     -  995s
H    0     0                     105.8176491   32.32979  69.4%     -  995s
H    0     0                     105.1962753   32.32979  69.3%     -  995s
H    0     0                     105.1435310   32.32979  69.3%     -  995s
H    0     0                     103.9256856   32.32979  68.9%     -  995s
H    0     0                     103.8525697   32.32979  68.9%     -  995s
H    0     0                     103.7159381   32.32979  68.8%     -  995s
H    0     0                     103.2672090   32.32979  68.7%     -  995s
H    0     0                     103.0381761   32.32979  68.6%     -  995s
     0     0   32.32979    0 6407  103.03818   32.32979  68.6%     -  995s
H    0     0                     103.0253126   32.41615  68.5%     - 1051s
H    0     0                     103.0106139   32.41615  68.5%     - 1051s
H    0     0                     102.8698903   32.41615  68.5%     - 1051s
H    0     0                     102.2876451   32.41615  68.3%     - 1051s
H    0     0                     101.8915805   32.41615  68.2%     - 1051s
H    0     0                     101.7640044   32.41615  68.1%     - 1051s
H    0     0                     101.7524028   32.41615  68.1%     - 1051s
H    0     0                     101.7331440   32.41615  68.1%     - 1051s
H    0     0                     101.7310527   32.41615  68.1%     - 1052s
H    0     0                     101.7200176   32.41615  68.1%     - 1052s
H    0     0                     101.5994682   32.41615  68.1%     - 1052s
H    0     0                     101.5765811   32.41615  68.1%     - 1052s
H    0     0                     101.5665710   32.41615  68.1%     - 1052s
H    0     0                     101.5263107   32.41615  68.1%     - 1052s
H    0     0                     101.4916751   32.41615  68.1%     - 1052s
H    0     0                     101.4751479   32.41615  68.1%     - 1052s
H    0     0                     101.4692719   32.41615  68.1%     - 1052s
H    0     0                     101.4690735   32.41615  68.1%     - 1052s
     0     0   32.41615    0 6367  101.46907   32.41615  68.1%     - 1052s
H    0     0                     101.4475841   32.44105  68.0%     - 1083s
H    0     0                     101.3572720   32.44105  68.0%     - 1083s
H    0     0                     101.2635135   32.44105  68.0%     - 1083s
H    0     0                     101.1432456   32.44105  67.9%     - 1083s
H    0     0                     101.0480900   32.44105  67.9%     - 1083s
H    0     0                     101.0015522   32.44105  67.9%     - 1083s
H    0     0                     100.9334826   32.44105  67.9%     - 1083s
H    0     0                     100.9073684   32.44105  67.9%     - 1083s
H    0     0                     100.4496039   32.44105  67.7%     - 1083s
H    0     0                     100.4483366   32.44105  67.7%     - 1083s
H    0     0                     100.4312296   32.44105  67.7%     - 1083s
     0     0   32.44105    0 6483  100.43123   32.44105  67.7%     - 1083s
H    0     0                     100.4223262   32.46638  67.7%     - 1130s
H    0     0                     100.4198993   32.46638  67.7%     - 1130s
H    0     0                     100.4186483   32.46638  67.7%     - 1130s
H    0     0                     100.2893596   32.46638  67.6%     - 1130s
H    0     0                     100.2621281   32.46638  67.6%     - 1130s
     0     0   32.46638    0 6606  100.26213   32.46638  67.6%     - 1131s
H    0     0                     100.2325446   32.50358  67.6%     - 1175s
H    0     0                     100.2157735   32.50358  67.6%     - 1175s
H    0     0                     100.1491399   32.50358  67.5%     - 1175s
     0     0   32.50358    0 6742  100.14914   32.50358  67.5%     - 1175s
H    0     0                     100.0550827   32.52603  67.5%     - 1210s
H    0     0                     100.0446746   32.52603  67.5%     - 1210s
     0     0   32.52603    0 6864  100.04467   32.52603  67.5%     - 1210s
     0     0   32.55621    0 6916  100.04467   32.55621  67.5%     - 1253s
H    0     0                      99.9933016   32.57028  67.4%     - 1278s
H    0     0                      99.9857453   32.57028  67.4%     - 1278s
H    0     0                      99.9849159   32.57028  67.4%     - 1278s
H    0     0                      99.9781632   32.57028  67.4%     - 1278s
     0     0   32.57028    0 6974   99.97816   32.57028  67.4%     - 1278s
     0     0   32.58712    0 7063   99.97816   32.58712  67.4%     - 1318s
     0     0   32.59878    0 7190   99.97816   32.59878  67.4%     - 1358s
     0     0   32.60903    0 7248   99.97816   32.60903  67.4%     - 1399s
     0     0   32.61491    0 7327   99.97816   32.61491  67.4%     - 1430s
     0     0   32.62132    0 7382   99.97816   32.62132  67.4%     - 1463s
H    0     0                      99.9754357   32.62508  67.4%     - 1483s
H    0     0                      99.9748107   32.62508  67.4%     - 1484s
     0     0   32.62508    0 7490   99.97481   32.62508  67.4%     - 1484s
H    0     0                      99.9509303   32.82546  67.2%     - 1694s
H    0     0                      99.9437552   32.82546  67.2%     - 1694s
H    0     0                      99.9433144   32.82546  67.2%     - 1694s
     0     0   32.82546    0 7205   99.94331   32.82546  67.2%     - 1694s
H    0     0                      99.9106393   32.84523  67.1%     - 1746s
     0     0   32.84523    0 7367   99.91064   32.84523  67.1%     - 1746s
     0     0   32.85704    0 7456   99.91064   32.85704  67.1%     - 1781s
H    0     0                      99.5475088   32.86359  67.0%     - 1810s
H    0     0                      99.5202136   32.86359  67.0%     - 1810s
     0     0   32.86359    0 7523   99.52021   32.86359  67.0%     - 1810s
     0     0   32.86364    0 7522   99.52021   32.86364  67.0%     - 1813s
     0     0   33.16590    0 7096   99.52021   33.16590  66.7%     - 1965s
H    0     0                      99.5056701   33.34944  66.5%     - 2026s
     0     0   33.34944    0 7134   99.50567   33.34944  66.5%     - 2026s
H    0     0                      99.4175911   33.52958  66.3%     - 2078s
H    0     0                      99.3885562   33.52958  66.3%     - 2078s
H    0     0                      99.3296375   33.52958  66.2%     - 2078s
     0     0   33.52958    0 7048   99.32964   33.52958  66.2%     - 2078s
     0     0   33.52959    0 7053   99.32964   33.52959  66.2%     - 2078s
H    0     0                      99.2967635   33.61779  66.1%     - 2126s
     0     0   33.61779    0 7207   99.29676   33.61779  66.1%     - 2126s
H    0     0                      99.2726768   33.68502  66.1%     - 2170s
H    0     0                      99.2726585   33.68502  66.1%     - 2170s
     0     0   33.68502    0 7245   99.27266   33.68502  66.1%     - 2170s
H    0     0                      99.2658819   33.70633  66.0%     - 2205s
     0     0   33.70633    0 7368   99.26588   33.70633  66.0%     - 2205s
     0     0   33.75075    0 7440   99.26588   33.75075  66.0%     - 2247s
     0     0   33.80003    0 7558   99.26588   33.80003  65.9%     - 2309s
H    0     0                      99.2637465   33.81576  65.9%     - 2343s
H    0     0                      99.2637437   33.81576  65.9%     - 2343s
     0     0   33.81576    0 7658   99.26374   33.81576  65.9%     - 2343s
H    0     0                      99.2571691   33.82938  65.9%     - 2375s
     0     0   33.82938    0 7717   99.25717   33.82938  65.9%     - 2375s
H    0     0                      99.2544366   33.85622  65.9%     - 2433s
H    0     0                      99.2523045   33.85622  65.9%     - 2433s
H    0     0                      99.2519753   33.85622  65.9%     - 2433s
     0     0   33.85622    0 7759   99.25198   33.85622  65.9%     - 2433s
H    0     0                      99.1909380   33.86647  65.9%     - 2456s
     0     0   33.86647    0 7828   99.19094   33.86647  65.9%     - 2456s
     0     0   33.87688    0 7871   99.19094   33.87688  65.8%     - 2498s
H    0     0                      99.1770164   33.89136  65.8%     - 2554s
H    0     0                      99.1759061   33.89136  65.8%     - 2554s
     0     0   33.89136    0 7924   99.17591   33.89136  65.8%     - 2554s
     0     0   33.89763    0 8006   99.17591   33.89763  65.8%     - 2584s
H    0     0                      99.1644490   34.06043  65.7%     - 2772s
H    0     0                      99.1641464   34.06043  65.7%     - 2772s
     0     0   34.06043    0 7899   99.16415   34.06043  65.7%     - 2772s
H    0     0                      99.1616021   34.07736  65.6%     - 2819s
H    0     0                      99.1605688   34.07736  65.6%     - 2819s
H    0     0                      99.1599188   34.07736  65.6%     - 2819s
     0     0   34.07736    0 8003   99.15992   34.07736  65.6%     - 2819s
H    0     0                      99.1596902   34.09307  65.6%     - 2870s
H    0     0                      99.0966639   34.09307  65.6%     - 2870s
H    0     0                      99.0937456   34.09307  65.6%     - 2870s
     0     0   34.09307    0 8079   99.09375   34.09307  65.6%     - 2870s
H    0     0                      99.0931427   34.10499  65.6%     - 2914s
H    0     0                      99.0814036   34.10499  65.6%     - 2914s
     0     0   34.10499    0 8142   99.08140   34.10499  65.6%     - 2914s
H    0     0                      99.0814036   34.11342  65.6%     - 2941s
     0     0   34.11342    0 8164   99.08140   34.11342  65.6%     - 2941s
H    0     0                      99.0806742   34.21266  65.5%     - 3102s
     0     0   34.21266    0 8030   99.08067   34.21266  65.5%     - 3102s
     0     0   34.28666    0 7988   99.08067   34.28666  65.4%     - 3198s
     0     0   34.29863    0 8077   99.08067   34.29863  65.4%     - 3234s
     0     0   34.54495    0 7841   99.08067   34.54495  65.1%     - 3313s
H    0     0                      98.8057277   34.58862  65.0%     - 3358s
     0     0   34.58862    0 7939   98.80573   34.58862  65.0%     - 3358s
H    0     0                      98.7745522   34.64191  64.9%     - 3432s
H    0     0                      98.7421049   34.64191  64.9%     - 3433s
     0     0   34.64191    0 7984   98.74210   34.64191  64.9%     - 3433s
     0     0   34.68767    0 8039   98.74210   34.68767  64.9%     - 3499s
     0     0   34.71010    0 8130   98.74210   34.71010  64.8%     - 3551s
     0     0   34.73211    0 8221   98.74210   34.73211  64.8%     - 3625s
H    0     0                      98.7370939   34.76692  64.8%     - 3687s
H    0     0                      98.7169882   34.76692  64.8%     - 3687s
H    0     0                      98.7139785   34.76692  64.8%     - 3687s
     0     0   34.76692    0 8209   98.71398   34.76692  64.8%     - 3687s
H    0     0                      98.6281876   34.78325  64.7%     - 3760s
     0     0   34.78325    0 8252   98.62819   34.78325  64.7%     - 3760s
     0     0   34.79392    0 8382   98.62819   34.79392  64.7%     - 3806s
H    0     0                      98.6224535   34.80665  64.7%     - 3876s
H    0     0                      98.6223294   34.80665  64.7%     - 3876s
     0     0   34.80665    0 8456   98.62233   34.80665  64.7%     - 3876s
     0     0   34.81885    0 8467   98.62233   34.81885  64.7%     - 3930s
     0     0   34.82781    0 8472   98.62233   34.82781  64.7%     - 3978s
     0     0   34.99254    0 8388   98.62233   34.99254  64.5%     - 4192s
     0     0   35.00573    0 8506   98.62233   35.00573  64.5%     - 4246s
     0     0   35.01638    0 8570   98.62233   35.01638  64.5%     - 4293s
     0     0   35.20264    0 8338   98.62233   35.20264  64.3%     - 4493s
     0     0   35.23471    0 8393   98.62233   35.23471  64.3%     - 4592s
     0     0   35.30549    0 8342   98.62233   35.30549  64.2%     - 4679s
     0     0   35.36233    0 8406   98.62233   35.36233  64.1%     - 4773s
     0     0   35.39913    0 8516   98.62233   35.39913  64.1%     - 4867s
     0     0   35.43286    0 8544   98.62233   35.43286  64.1%     - 4963s
     0     0   35.45691    0 8634   98.62233   35.45691  64.0%     - 5058s
     0     0   35.47497    0 8694   98.62233   35.47497  64.0%     - 5159s
     0     0   35.49438    0 8673   98.62233   35.49438  64.0%     - 5235s
     0     0   35.50596    0 8745   98.62233   35.50596  64.0%     - 5300s
     0     0   35.56904    0 8700   98.62233   35.56904  63.9%     - 5532s
     0     0   35.58477    0 8716   98.62233   35.58477  63.9%     - 5587s
     0     0   35.60024    0 8745   98.62233   35.60024  63.9%     - 5646s
     0     0   35.61804    0 8830   98.62233   35.61804  63.9%     - 5734s
     0     0   35.62722    0 8902   98.62233   35.62722  63.9%     - 5817s

Interrupt request received
     0     0   35.72785    0 8816   98.62233   35.72785  63.8%     - 6035s
