Set parameter LicenseID to value 2606552
Set parameter TimeLimit to value 10800
Set parameter Heuristics to value 0.5
Set parameter MIPFocus to value 2
Set parameter NoRelHeurWork to value 10
Set parameter SolFiles to value "solutions/test/solution"
Set parameter VarBranch to value 3
Set parameter Cuts to value 3
Set parameter LogFile to value "gurobi.log"
Set parameter Presolve to value 2
Set parameter Threads to value 8
Using license file /Users/facuspira/gurobi.lic

Gurobi Optimizer version 12.0.0 build v12.0.0rc1 (mac64[arm] - Darwin 24.3.0 24D81)
Copyright (c) 2024, Gurobi Optimization, LLC

Read LP format model from file /var/folders/_g/qmy1pwhn0n38nzvw5fd66fsw0000gn/T/7d821511e91c4dc99388317e2cedbf63-pulp.lp
Reading time = 0.25 seconds
OBJ: 15473 rows, 116220 columns, 365726 nonzeros

Read solution from file solutions/solution_99.sol
Read input file 'solutions/solution_99.sol'


Using Gurobi shared library /Library/gurobi1200/macos_universal2/lib/libgurobi120.dylib

CPU model: Apple M1
Thread count: 8 physical cores, 8 logical processors, using up to 8 threads

Non-default parameters:
TimeLimit  10800
Heuristics  0.5
MIPFocus  2
NoRelHeurWork  10
VarBranch  3
Cuts  3
Presolve  2
Threads  8

Optimize a model with 15473 rows, 116220 columns and 365726 nonzeros
Model fingerprint: 0xb9f88e3d
Variable types: 6240 continuous, 109980 integer (109980 binary)
Coefficient statistics:
  Matrix range     [2e-01, 2e+03]
  Objective range  [4e-03, 2e+00]
  Bounds range     [1e+00, 1e+00]
  RHS range        [1e+00, 2e+03]

Loaded user MIP start with objective 98.6223

Presolve removed 4462 rows and 3664 columns
Presolve time: 2.34s
Presolved: 11011 rows, 112556 columns, 346711 nonzeros
Variable types: 4160 continuous, 108396 integer (108322 binary)
Starting NoRel heuristic
Elapsed time for NoRel heuristic: 5s (best bound 22.4635)
Elapsed time for NoRel heuristic: 10s (best bound 22.4671)
Elapsed time for NoRel heuristic: 17s (best bound 22.6271)
NoRel heuristic complete
Root relaxation presolve removed 2080 rows and 2080 columns
Root relaxation presolved: 8931 rows, 110476 columns, 342551 nonzeros

Deterministic concurrent LP optimizer: primal and dual simplex
Showing primal log only...


Root simplex log...

Iteration    Objective       Primal Inf.    Dual Inf.      Time
       0    2.2247956e+02   4.474133e+03   3.030509e+10     24s
   20094    2.6046545e+01   0.000000e+00   2.957909e+02     25s
Concurrent spin time: 0.16s

Solved with dual simplex

Root simplex log...

Iteration    Objective       Primal Inf.    Dual Inf.      Time
    9315    2.5231140e+01   0.000000e+00   0.000000e+00     26s

Root relaxation: objective 2.523114e+01, 9315 iterations, 1.97 seconds (1.99 work units)

    Nodes    |    Current Node    |     Objective Bounds      |     Work
 Expl Unexpl |  Obj  Depth IntInf | Incumbent    BestBd   Gap | It/Node Time

     0     0   25.23114    0 3038   98.62233   25.23114  74.4%     -   28s
     0     0   27.37140    0 3387   98.62233   27.37140  72.2%     -   36s
     0     0   28.60045    0 3482   98.62233   28.60045  71.0%     -   40s
     0     0   28.69042    0 3592   98.62233   28.69042  70.9%     -   41s
     0     0   28.69224    0 3626   98.62233   28.69224  70.9%     -   42s
     0     0   28.69234    0 3626   98.62233   28.69234  70.9%     -   42s
     0     0   29.06187    0 3660   98.62233   29.06187  70.5%     -   52s
     0     0   29.71853    0 3683   98.62233   29.71853  69.9%     -   57s
     0     0   29.75842    0 3786   98.62233   29.75842  69.8%     -   59s
     0     0   29.76350    0 3842   98.62233   29.76350  69.8%     -   61s
     0     0   29.76531    0 3842   98.62233   29.76531  69.8%     -   61s
     0     0   29.76551    0 3859   98.62233   29.76551  69.8%     -   62s
H    0     0                      98.6115127   29.84091  69.7%     -   75s
     0     0   29.84091    0 3881   98.61151   29.84091  69.7%     -   80s
     0     0   29.97144    0 3965   98.61151   29.97144  69.6%     -   85s
     0     0   30.02136    0 4070   98.61151   30.02136  69.6%     -   90s
     0     0   30.03845    0 4250   98.61151   30.03845  69.5%     -   93s
H    0     0                      98.6111099   30.04606  69.5%     -   96s
     0     0   30.04606    0 4338   98.61111   30.04606  69.5%     -   97s
H    0     0                      98.6083304   30.04930  69.5%     -   99s
     0     0   30.04930    0 4385   98.60833   30.04930  69.5%     -  101s
     0     0   30.05035    0 4456   98.60833   30.05035  69.5%     -  103s
H    0     0                      98.6082617   30.05035  69.5%     -  109s
     0     0   30.27579    0 4434   98.60826   30.27579  69.3%     -  135s
     0     0   30.44004    0 4610   98.60826   30.44004  69.1%     -  147s
H    0     0                      98.5991747   30.48452  69.1%     -  155s
     0     0   30.48452    0 4750   98.59917   30.48452  69.1%     -  157s
     0     0   30.51679    0 4876   98.59917   30.51679  69.0%     -  167s
     0     0   30.53224    0 4931   98.59917   30.53224  69.0%     -  175s
H    0     0                      98.5989137   30.54392  69.0%     -  183s
     0     0   30.54392    0 5030   98.59891   30.54392  69.0%     -  185s
     0     0   30.55242    0 5159   98.59891   30.55242  69.0%     -  199s
     0     0   30.55619    0 5275   98.59891   30.55619  69.0%     -  209s
     0     0   30.55718    0 5344   98.59891   30.55718  69.0%     -  213s
H    0     0                      98.5987531   30.79369  68.8%     -  270s
     0     0   30.79369    0 5148   98.59875   30.79369  68.8%     -  270s
     0     0   30.88116    0 5343   98.59875   30.88116  68.7%     -  303s
H    0     0                      98.5965837   30.96461  68.6%     -  338s
     0     0   30.96461    0 5403   98.59658   30.96461  68.6%     -  338s
H    0     0                      98.2420735   31.00402  68.4%     -  368s
H    0     0                      98.2419637   31.00402  68.4%     -  368s
     0     0   31.00402    0 5595   98.24196   31.00402  68.4%     -  368s
     0     0   31.02973    0 5735   98.24196   31.02973  68.4%     -  388s
H    0     0                      98.2413165   31.04964  68.4%     -  412s
H    0     0                      98.2173441   31.04964  68.4%     -  412s
     0     0   31.04964    0 5813   98.21734   31.04964  68.4%     -  412s
     0     0   31.05728    0 5936   98.21734   31.05728  68.4%     -  431s
H    0     0                      98.2104744   31.06253  68.4%     -  447s
     0     0   31.06253    0 6082   98.21047   31.06253  68.4%     -  447s
     0     0   31.06530    0 6186   98.21047   31.06530  68.4%     -  465s
H    0     0                      98.2099104   31.06602  68.4%     -  473s
H    0     0                      98.2077211   31.06602  68.4%     -  473s
     0     0   31.06602    0 6267   98.20772   31.06602  68.4%     -  473s
H    0     0                      98.1141462   31.23966  68.2%     -  576s
H    0     0                      98.1140035   31.23966  68.2%     -  576s
H    0     0                      98.1135126   31.23966  68.2%     -  576s
H    0     0                      98.1116033   31.23966  68.2%     -  576s
     0     0   31.23966    0 6155   98.11160   31.23966  68.2%     -  576s
     0     0   31.28117    0 6138   98.11160   31.28117  68.1%     -  612s
     0     0   31.40600    0 6138   98.11160   31.40600  68.0%     -  655s
     0     0   31.47707    0 6231   98.11160   31.47707  67.9%     -  696s
     0     0   31.49830    0 6393   98.11160   31.49830  67.9%     -  720s
     0     0   31.52118    0 6461   98.11160   31.52118  67.9%     -  746s
H    0     0                      97.9631773   31.54227  67.8%     -  782s
H    0     0                      97.9624473   31.54227  67.8%     -  782s
     0     0   31.54227    0 6594   97.96245   31.54227  67.8%     -  782s
H    0     0                      97.9598484   31.57273  67.8%     -  835s
H    0     0                      97.9582648   31.57273  67.8%     -  835s
     0     0   31.57273    0 6658   97.95826   31.57273  67.8%     -  835s
H    0     0                      97.9463455   31.59601  67.7%     -  871s
H    0     0                      97.9416481   31.59601  67.7%     -  871s
     0     0   31.59601    0 6758   97.94165   31.59601  67.7%     -  871s
     0     0   31.61079    0 6829   97.94165   31.61079  67.7%     -  898s
     0     0   31.62115    0 6877   97.94165   31.62115  67.7%     -  925s
     0     0   31.63485    0 6964   97.94165   31.63485  67.7%     -  961s
     0     0   31.63974    0 7030   97.94165   31.63974  67.7%     -  982s
     0     0   31.64688    0 7082   97.94165   31.64688  67.7%     - 1007s
     0     0   31.65594    0 7159   97.94165   31.65594  67.7%     - 1039s
     0     0   31.65840    0 7225   97.94165   31.65840  67.7%     - 1056s
H    0     0                      97.9407945   31.65840  67.7%     - 1080s
H    0     0                      97.8955897   31.91482  67.4%     - 1213s
H    0     0                      97.8942933   31.91482  67.4%     - 1213s
H    0     0                      97.8553753   31.91482  67.4%     - 1213s
     0     0   31.91482    0 6952   97.85538   31.91482  67.4%     - 1213s
H    0     0                      97.8522274   31.99218  67.3%     - 1277s
H    0     0                      97.8505628   31.99218  67.3%     - 1277s
     0     0   31.99218    0 6968   97.85056   31.99218  67.3%     - 1277s
H    0     0                      97.8419455   32.02889  67.3%     - 1338s
H    0     0                      97.8415461   32.02889  67.3%     - 1338s
H    0     0                      97.8325019   32.02889  67.3%     - 1338s
     0     0   32.02889    0 7105   97.83250   32.02889  67.3%     - 1338s
     0     0   32.04797    0 7210   97.83250   32.04797  67.2%     - 1369s
H    0     0                      97.8249549   32.05773  67.2%     - 1395s
     0     0   32.05773    0 7315   97.82495   32.05773  67.2%     - 1395s
H    0     0                      97.8137522   32.06473  67.2%     - 1420s
     0     0   32.06473    0 7436   97.81375   32.06473  67.2%     - 1420s
     0     0   32.06835    0 7527   97.81375   32.06835  67.2%     - 1448s
     0     0   32.27850    0 7274   97.81375   32.27850  67.0%     - 1612s
     0     0   32.52614    0 7214   97.81375   32.52614  66.7%     - 1688s
     0     0   32.78339    0 7171   97.81375   32.78339  66.5%     - 1747s
     0     0   32.95119    0 7149   97.81375   32.95119  66.3%     - 1809s
     0     0   32.98762    0 7270   97.81375   32.98762  66.3%     - 1841s
     0     0   33.03285    0 7429   97.81375   33.03285  66.2%     - 1881s
     0     0   33.06369    0 7523   97.81375   33.06369  66.2%     - 1915s
     0     0   33.08878    0 7606   97.81375   33.08878  66.2%     - 1951s
     0     0   33.11244    0 7678   97.81375   33.11244  66.1%     - 1992s
H    0     0                      97.8113529   33.13221  66.1%     - 2035s
     0     0   33.13221    0 7740   97.81135   33.13221  66.1%     - 2035s
     0     0   33.16065    0 7710   97.81135   33.16065  66.1%     - 2089s
H    0     0                      97.8033708   33.17543  66.1%     - 2138s
     0     0   33.17543    0 7824   97.80337   33.17543  66.1%     - 2138s
H    0     0                      97.7759957   33.18726  66.1%     - 2171s
H    0     0                      97.7572230   33.18726  66.1%     - 2171s
     0     0   33.18726    0 7887   97.75722   33.18726  66.1%     - 2171s
H    0     0                      97.7557360   33.19532  66.0%     - 2210s
     0     0   33.19532    0 7974   97.75574   33.19532  66.0%     - 2210s
     0     0   33.20434    0 8050   97.75574   33.20434  66.0%     - 2262s
H    0     0                      97.7557360   33.21859  66.0%     - 2305s
     0     0   33.21859    0 8115   97.75574   33.21859  66.0%     - 2305s
     0     0   33.22307    0 8192   97.75574   33.22307  66.0%     - 2327s
H    0     0                      97.6541310   33.46595  65.7%     - 2515s
     0     0   33.46595    0 7946   97.65413   33.46595  65.7%     - 2515s
     0     0   33.49482    0 8045   97.65413   33.49482  65.7%     - 2559s
H    0     0                      97.6419643   33.51141  65.7%     - 2600s
H    0     0                      97.6411794   33.51141  65.7%     - 2600s
H    0     0                      97.6408671   33.51141  65.7%     - 2600s
H    0     0                      97.6382199   33.51141  65.7%     - 2600s
H    0     0                      97.6236134   33.51141  65.7%     - 2600s
H    0     0                      97.6224352   33.51141  65.7%     - 2600s
     0     0   33.51141    0 8139   97.62244   33.51141  65.7%     - 2600s
H    0     0                      97.5348262   33.52246  65.6%     - 2654s
H    0     0                      97.5321524   33.52246  65.6%     - 2654s
     0     0   33.52246    0 8211   97.53215   33.52246  65.6%     - 2654s
     0     0   33.52853    0 8257   97.53215   33.52853  65.6%     - 2678s
H    0     0                      97.5233616   33.52853  65.6%     - 2713s
H    0     0                      97.5115859   33.52853  65.6%     - 2713s
H    0     0                      97.4999990   33.52853  65.6%     - 2713s
H    0     0                      97.4980393   33.82600  65.3%     - 2867s
H    0     0                      97.4968189   33.82600  65.3%     - 2867s
H    0     0                      97.4749475   33.82600  65.3%     - 2867s
H    0     0                      97.4508529   33.82600  65.3%     - 2867s
H    0     0                      97.4478069   33.82600  65.3%     - 2867s
H    0     0                      97.3739737   33.82600  65.3%     - 2867s
H    0     0                      97.3715406   33.82600  65.3%     - 2867s
     0     0   33.82600    0 7871   97.37154   33.82600  65.3%     - 2867s
     0     0   33.88338    0 7904   97.37154   33.88338  65.2%     - 2934s
     0     0   33.93953    0 7980   97.37154   33.93953  65.1%     - 3000s
     0     0   34.07161    0 7964   97.37154   34.07161  65.0%     - 3086s
     0     0   34.11385    0 8051   97.37154   34.11385  65.0%     - 3146s
     0     0   34.13580    0 8156   97.37154   34.13580  64.9%     - 3193s
     0     0   34.17333    0 8170   97.37154   34.17333  64.9%     - 3257s
     0     0   34.18871    0 8255   97.37154   34.18871  64.9%     - 3302s
     0     0   34.18904    0 8242   97.37154   34.18904  64.9%     - 3306s
H    0     0                      97.3696010   34.20760  64.9%     - 3354s
     0     0   34.20760    0 8271   97.36960   34.20760  64.9%     - 3354s
     0     0   34.22473    0 8319   97.36960   34.22473  64.9%     - 3407s
H    0     0                      97.3696010   34.23852  64.8%     - 3460s
     0     0   34.23852    0 8376   97.36960   34.23852  64.8%     - 3460s
H    0     0                      97.3546201   34.24984  64.8%     - 3510s
H    0     0                      97.3546201   34.24984  64.8%     - 3510s
     0     0   34.24984    0 8397   97.35462   34.24984  64.8%     - 3510s
     0     0   34.26057    0 8464   97.35462   34.26057  64.8%     - 3568s
H    0     0                      97.3538201   34.27316  64.8%     - 3612s
     0     0   34.27316    0 8487   97.35382   34.27316  64.8%     - 3612s
     0     0   34.27921    0 8567   97.35382   34.27921  64.8%     - 3640s
H    0     0                      97.3489231   34.27921  64.8%     - 3669s
     0     0   34.47250    0 8273   97.34892   34.47250  64.6%     - 3830s
     0     0   34.50455    0 8364   97.34892   34.50455  64.6%     - 3880s
