Set parameter LicenseID to value 2606552
Set parameter NodeLimit to value 5000
Set parameter TimeLimit to value 900
Set parameter MIPGap to value 0.1
Set parameter LogFile to value "gurobi.log"
Set parameter Threads to value 12
Using license file /Users/facuspira/gurobi.lic

Gurobi Optimizer version 12.0.0 build v12.0.0rc1 (mac64[arm] - Darwin 24.2.0 24C101)
Copyright (c) 2024, Gurobi Optimization, LLC

Read LP format model from file /var/folders/_g/qmy1pwhn0n38nzvw5fd66fsw0000gn/T/4c0aea195f884fa997f3dfee183c3f03-pulp.lp
Reading time = 0.01 seconds
OBJ: 1294 rows, 1864 columns, 11334 nonzeros

Using Gurobi shared library /Library/gurobi1200/macos_universal2/lib/libgurobi120.dylib

CPU model: Apple M1
Thread count: 8 physical cores, 8 logical processors, using up to 12 threads

Warning: Thread count (12) is larger than processor count (8)
         Reduce the value of the Threads parameter to improve performance


Non-default parameters:
NodeLimit  5000
TimeLimit  900
MIPGap  0.1
Threads  12

Optimize a model with 1294 rows, 1864 columns and 11334 nonzeros
Model fingerprint: 0x27f95a42
Variable types: 360 continuous, 1504 integer (1504 binary)
Coefficient statistics:
  Matrix range     [1e+00, 7e+01]
  Objective range  [3e-02, 2e+00]
  Bounds range     [1e+00, 1e+00]
  RHS range        [1e+00, 1e+02]
Presolve removed 595 rows and 257 columns
Presolve time: 0.02s
Presolved: 699 rows, 1607 columns, 7672 nonzeros
Variable types: 240 continuous, 1367 integer (1367 binary)

Root relaxation: objective 2.407109e+00, 455 iterations, 0.01 seconds (0.01 work units)

    Nodes    |    Current Node    |     Objective Bounds      |     Work
 Expl Unexpl |  Obj  Depth IntInf | Incumbent    BestBd   Gap | It/Node Time

     0     0    2.40711    0  127          -    2.40711      -     -    0s
H    0     0                      23.1923686    2.40711  89.6%     -    0s
     0     0    2.49441    0  173   23.19237    2.49441  89.2%     -    0s
     0     0    2.49639    0  172   23.19237    2.49639  89.2%     -    0s
H    0     0                      16.6587046    2.72750  83.6%     -    0s
     0     0    2.72750    0  164   16.65870    2.72750  83.6%     -    0s
     0     0    2.73412    0  173   16.65870    2.73412  83.6%     -    0s
     0     0    2.82125    0  207   16.65870    2.82125  83.1%     -    0s
     0     0    2.82602    0  214   16.65870    2.82602  83.0%     -    0s
     0     0    2.82602    0  214   16.65870    2.82602  83.0%     -    0s
     0     0    2.95220    0  250   16.65870    2.95220  82.3%     -    0s
     0     0    2.95846    0  246   16.65870    2.95846  82.2%     -    0s
     0     0    2.95908    0  250   16.65870    2.95908  82.2%     -    0s
     0     0    2.95942    0  252   16.65870    2.95942  82.2%     -    0s
     0     0    2.95948    0  254   16.65870    2.95948  82.2%     -    0s
     0     0    2.97865    0  292   16.65870    2.97865  82.1%     -    0s
     0     0    2.98116    0  303   16.65870    2.98116  82.1%     -    0s
     0     0    2.98131    0  303   16.65870    2.98131  82.1%     -    0s
     0     0    3.02502    0  314   16.65870    3.02502  81.8%     -    0s
     0     0    3.02887    0  316   16.65870    3.02887  81.8%     -    0s
     0     0    3.03046    0  322   16.65870    3.03046  81.8%     -    0s
     0     0    3.03207    0  325   16.65870    3.03207  81.8%     -    0s
     0     0    3.03251    0  332   16.65870    3.03251  81.8%     -    0s
     0     0    3.03261    0  339   16.65870    3.03261  81.8%     -    0s
H    0     0                      16.5310612    3.03261  81.7%     -    0s
     0     0    3.07081    0  368   16.53106    3.07081  81.4%     -    0s
     0     0    3.07414    0  378   16.53106    3.07414  81.4%     -    0s
     0     0    3.07504    0  382   16.53106    3.07504  81.4%     -    0s
     0     0    3.07597    0  378   16.53106    3.07597  81.4%     -    0s
     0     0    3.07622    0  385   16.53106    3.07622  81.4%     -    0s
     0     0    3.12009    0  397   16.53106    3.12009  81.1%     -    0s
     0     0    3.12320    0  412   16.53106    3.12320  81.1%     -    0s
     0     0    3.12411    0  416   16.53106    3.12411  81.1%     -    0s
     0     0    3.12449    0  414   16.53106    3.12449  81.1%     -    0s
     0     0    3.15628    0  420   16.53106    3.15628  80.9%     -    0s
     0     0    3.16643    0  435   16.53106    3.16643  80.8%     -    0s
     0     0    3.16702    0  442   16.53106    3.16702  80.8%     -    0s
     0     0    3.16711    0  446   16.53106    3.16711  80.8%     -    0s
     0     0    3.20231    0  433   16.53106    3.20231  80.6%     -    0s
     0     0    3.21091    0  444   16.53106    3.21091  80.6%     -    0s
     0     0    3.21276    0  443   16.53106    3.21276  80.6%     -    0s
     0     0    3.21336    0  449   16.53106    3.21336  80.6%     -    0s
     0     0    3.21366    0  452   16.53106    3.21366  80.6%     -    0s
     0     0    3.25831    0  442   16.53106    3.25831  80.3%     -    0s
     0     0    3.26369    0  449   16.53106    3.26369  80.3%     -    0s
     0     0    3.26457    0  447   16.53106    3.26457  80.3%     -    0s
     0     0    3.26480    0  452   16.53106    3.26480  80.3%     -    0s
     0     0    3.30793    0  446   16.53106    3.30793  80.0%     -    0s
     0     0    3.31152    0  455   16.53106    3.31152  80.0%     -    0s
     0     0    3.31284    0  466   16.53106    3.31284  80.0%     -    0s
     0     0    3.31315    0  463   16.53106    3.31315  80.0%     -    0s
     0     0    3.35249    0  458   16.53106    3.35249  79.7%     -    0s
     0     0    3.36044    0  464   16.53106    3.36044  79.7%     -    0s
     0     0    3.36145    0  470   16.53106    3.36145  79.7%     -    0s
     0     0    3.36169    0  471   16.53106    3.36169  79.7%     -    0s
     0     0    3.41681    0  465   16.53106    3.41681  79.3%     -    0s
     0     0    3.42992    0  475   16.53106    3.42992  79.3%     -    1s
     0     0    3.43309    0  481   16.53106    3.43309  79.2%     -    1s
     0     0    3.43365    0  485   16.53106    3.43365  79.2%     -    1s
     0     0    3.47962    0  482   16.53106    3.47962  79.0%     -    1s
     0     0    3.48394    0  478   16.53106    3.48394  78.9%     -    1s
     0     0    3.48450    0  490   16.53106    3.48450  78.9%     -    1s
     0     0    3.49923    0  504   16.53106    3.49923  78.8%     -    1s
     0     0    3.50231    0  507   16.53106    3.50231  78.8%     -    1s
     0     0    3.50262    0  506   16.53106    3.50262  78.8%     -    1s
     0     0    3.51982    0  498   16.53106    3.51982  78.7%     -    1s
     0     0    3.52449    0  498   16.53106    3.52449  78.7%     -    1s
     0     0    3.52546    0  505   16.53106    3.52546  78.7%     -    1s
     0     0    3.54646    0  498   16.53106    3.54646  78.5%     -    1s
     0     0    3.54908    0  493   16.53106    3.54908  78.5%     -    1s
     0     0    3.54944    0  510   16.53106    3.54944  78.5%     -    1s
     0     0    3.55817    0  502   16.53106    3.55817  78.5%     -    1s
     0     0    3.56077    0  508   16.53106    3.56077  78.5%     -    1s
     0     0    3.56125    0  508   16.53106    3.56125  78.5%     -    1s
     0     0    3.58456    0  497   16.53106    3.58456  78.3%     -    1s
     0     0    3.58712    0  516   16.53106    3.58712  78.3%     -    1s
     0     0    3.58749    0  520   16.53106    3.58749  78.3%     -    1s
     0     0    3.60609    0  524   16.53106    3.60609  78.2%     -    1s
     0     0    3.61091    0  522   16.53106    3.61091  78.2%     -    1s
     0     0    3.61184    0  524   16.53106    3.61184  78.2%     -    1s
     0     0    3.63102    0  516   16.53106    3.63102  78.0%     -    1s
     0     0    3.63479    0  531   16.53106    3.63479  78.0%     -    1s
     0     0    3.63605    0  537   16.53106    3.63605  78.0%     -    1s
     0     0    3.65931    0  530   16.53106    3.65931  77.9%     -    1s
     0     0    3.66356    0  539   16.53106    3.66356  77.8%     -    1s
     0     0    3.66539    0  545   16.53106    3.66539  77.8%     -    1s
     0     0    3.66559    0  548   16.53106    3.66559  77.8%     -    1s
     0     0    3.68735    0  514   16.53106    3.68735  77.7%     -    1s
     0     0    3.69534    0  538   16.53106    3.69534  77.6%     -    1s
     0     0    3.69814    0  546   16.53106    3.69814  77.6%     -    1s
     0     0    3.69860    0  544   16.53106    3.69860  77.6%     -    1s
     0     0    3.71411    0  529   16.53106    3.71411  77.5%     -    1s
H    0     0                      16.5310612    3.71827  77.5%     -    1s
     0     0    3.71827    0  540   16.53106    3.71827  77.5%     -    1s
     0     0    3.71886    0  551   16.53106    3.71886  77.5%     -    1s
     0     0    3.72600    0  546   16.53106    3.72600  77.5%     -    1s
     0     0    3.72790    0  536   16.53106    3.72790  77.4%     -    1s
     0     2    3.72790    0  533   16.53106    3.72790  77.4%     -    2s
H   29    68                      15.9075162    3.78438  76.2%   304    2s
H  305   309                      15.8806345    3.78438  76.2%   154    3s
H  590   553                      15.5866765    3.78438  75.7%   116    3s
  1944  1678    5.42691   50  536   15.58668    3.80909  75.6%  66.0    5s
H 1984  1619                      15.5020865    5.04324  67.5%  64.6    7s
  2043  1659    6.05596   88  692   15.50209    5.16018  66.7%  72.4   10s
  3184  2090    7.71583   62  478   15.50209    5.21984  66.3%   101   15s
H 4032  2261                      15.2339190    5.23360  65.6%  97.7   16s
H 4158  2263                      15.2024866    5.23360  65.6%  96.6   16s
H 4246  2235                      15.0949597    5.23360  65.3%  95.9   16s
H 4902  2338                      14.9014625    5.24612  64.8%  94.3   17s

Cutting planes:
  Gomory: 12
  Cover: 114
  Clique: 19
  MIR: 355
  StrongCG: 27
  Flow cover: 203
  GUB cover: 223
  Inf proof: 1
  Zero half: 45
  RLT: 2
  Relax-and-lift: 2

Explored 5225 nodes (500588 simplex iterations) in 18.15 seconds (25.72 work units)
Thread count was 12 (of 8 available processors)

Solution count 10: 14.9015 15.095 15.2025 ... 15.8806

Node limit reached
Best objective 1.490146249360e+01, best bound 5.246118797573e+00, gap 64.7946%

Wrote result file '/var/folders/_g/qmy1pwhn0n38nzvw5fd66fsw0000gn/T/4c0aea195f884fa997f3dfee183c3f03-pulp.sol'

Valor óptimo de la función objetivo: 14.901462493599592
Tiempo de ejecución: 18.20 segundos
