Set parameter LicenseID to value 2606552
Set parameter TimeLimit to value 900
Set parameter MIPGap to value 0.05
Set parameter Heuristics to value 0.2
Set parameter MIPFocus to value 1
Set parameter VarBranch to value 3
Set parameter Cuts to value 3
Set parameter LogFile to value "gurobi.log"
Set parameter Presolve to value 2
Set parameter Threads to value 8
Using license file /Users/facuspira/gurobi.lic

Gurobi Optimizer version 12.0.0 build v12.0.0rc1 (mac64[arm] - Darwin 24.2.0 24C101)
Copyright (c) 2024, Gurobi Optimization, LLC

Read LP format model from file /var/folders/_g/qmy1pwhn0n38nzvw5fd66fsw0000gn/T/ecc0a72e00e3480ca61c78236b743220-pulp.lp
Reading time = 0.00 seconds
OBJ: 1131 rows, 1240 columns, 6540 nonzeros

Using Gurobi shared library /Library/gurobi1200/macos_universal2/lib/libgurobi120.dylib

CPU model: Apple M1
Thread count: 8 physical cores, 8 logical processors, using up to 8 threads

Non-default parameters:
TimeLimit  900
MIPGap  0.05
Heuristics  0.2
MIPFocus  1
VarBranch  3
Cuts  3
Presolve  2
Threads  8

Optimize a model with 1131 rows, 1240 columns and 6540 nonzeros
Model fingerprint: 0x9008f7da
Variable types: 360 continuous, 880 integer (880 binary)
Coefficient statistics:
  Matrix range     [1e+00, 7e+01]
  Objective range  [5e-02, 2e+00]
  Bounds range     [1e+00, 1e+00]
  RHS range        [1e+00, 7e+01]
Presolve removed 458 rows and 240 columns
Presolve time: 0.01s
Presolved: 673 rows, 1000 columns, 4502 nonzeros
Variable types: 240 continuous, 760 integer (760 binary)
Root relaxation presolve removed 120 rows and 120 columns
Root relaxation presolved: 553 rows, 880 columns, 4262 nonzeros


Root relaxation: objective 1.466613e+01, 319 iterations, 0.01 seconds (0.01 work units)

    Nodes    |    Current Node    |     Objective Bounds      |     Work
 Expl Unexpl |  Obj  Depth IntInf | Incumbent    BestBd   Gap | It/Node Time

     0     0   14.66613    0  122          -   14.66613      -     -    0s
H    0     0                      31.4820341   14.66613  53.4%     -    0s
H    0     0                      31.3447133   14.66613  53.2%     -    0s
     0     0   14.66613    0  161   31.34471   14.66613  53.2%     -    0s
     0     0   14.66613    0  165   31.34471   14.66613  53.2%     -    0s
     0     0   14.66613    0  156   31.34471   14.66613  53.2%     -    0s
     0     0   14.67011    0  180   31.34471   14.67011  53.2%     -    0s
H    0     0                      31.2909498   14.72540  52.9%     -    0s
     0     0   14.72540    0  231   31.29095   14.72540  52.9%     -    0s
     0     0   14.74306    0  235   31.29095   14.74306  52.9%     -    0s
     0     0   14.92086    0  312   31.29095   14.92086  52.3%     -    1s
     0     0   14.94707    0  331   31.29095   14.94707  52.2%     -    1s
     0     0   15.17435    0  361   31.29095   15.17435  51.5%     -    1s
     0     2   15.17435    0  358   31.29095   15.17435  51.5%     -    1s
    57    70   15.94300    7  393   31.29095   15.41113  50.7%   412    5s
   171   181   17.31021   14  344   31.29095   15.41113  50.7%   307   10s
   321   335   20.28945   25  333   31.29095   15.41113  50.7%   242   15s
H  430   415                      31.2909496   15.41113  50.7%   205   17s
   481   480   22.06814   33  313   31.29095   15.41113  50.7%   191   20s
   800   670   27.19521   51  281   31.29095   15.48832  50.5%   145   25s
   928   759   30.44100   65  278   31.29095   15.54404  50.3%   154   30s
  1068   879   16.92204    7  364   31.29095   15.69527  49.8%   169   35s
  1226  1045   18.23478   12  355   31.29095   15.69527  49.8%   177   40s
  1376  1215   20.09725   18  352   31.29095   15.69527  49.8%   176   45s
H 1459  1277                      31.1917563   15.69527  49.7%   176   46s
  1628  1351   19.83987   25  554   31.19176   16.65057  46.6%   169   50s
H 1635  1287                      31.0862007   17.89115  42.4%   168   51s
  1659  1304   20.72928   19  561   31.08620   19.97764  35.7%   173   55s
H 1659  1238                      31.0824821   20.20166  35.0%   173   55s
  1677  1253   21.08475   25  548   31.08248   21.06206  32.2%   177   60s
  1786  1327   22.63261   35  518   31.08248   21.36731  31.3%   188   65s
  1888  1387   23.98178   40  494   31.08248   21.36731  31.3%   194   70s
H 1975  1340                      31.0824815   21.36731  31.3%   195   73s
H 1978  1279                      31.0824792   21.36731  31.3%   195   73s
  2013  1294   25.67362   47  420   31.08248   21.36731  31.3%   194   75s
H 2028  1233                      31.0477599   21.36731  31.2%   194   75s
H 2099  1184                      30.9518369   21.36731  31.0%   193   76s
  2295  1185   22.10859   30  528   30.95184   21.43662  30.7%   186   80s
  2432  1225   22.22479   31  511   30.95184   21.43662  30.7%   189   85s
  2595  1287   23.01617   34  506   30.95184   21.51804  30.5%   188   90s
  2700  1355   23.94474   43  482   30.95184   21.51804  30.5%   191   95s
  2933  1436   22.09832   30  562   30.95184   21.59761  30.2%   189  101s
H 2959  1372                      30.8143369   21.59761  29.9%   188  101s
  3119  1452   27.04366   63  177   30.81434   21.59761  29.9%   188  105s
H 3369  1400                      30.8073925   21.66533  29.7%   185  109s
  3392  1445   22.71690   33  515   30.80739   21.66533  29.7%   186  110s
  3614  1501   23.05287   38  511   30.80739   21.81805  29.2%   185  117s
H 3672  1435                      30.6823925   21.83440  28.8%   184  117s
  3825  1492 infeasible   44        30.68239   21.88843  28.7%   183  121s
  4057  1537   25.45147   52  436   30.68239   21.90440  28.6%   179  125s
H 4071  1489                      30.6685036   21.90440  28.6%   179  125s
  4343  1587   27.57328   54  170   30.66850   21.93303  28.5%   174  130s
  4628  1719   24.35669   49  438   30.66850   21.98214  28.3%   170  135s
  4886  1844   23.89465   36  424   30.66850   22.01431  28.2%   167  141s
  5185  1979   23.41937   38  499   30.66850   22.01431  28.2%   164  148s
  5274  2058   23.31861   39  525   30.66850   22.01431  28.2%   165  151s
  5374  2146   23.78349   43  510   30.66850   22.01431  28.2%   167  155s
H 5669  2179                      30.6685032   22.09579  28.0%   164  159s
  5730  2250   26.31801   55  341   30.66850   22.09579  28.0%   163  163s
  5872  2324   22.54849   35  532   30.66850   22.09579  28.0%   163  166s
  5960  2420   25.18895   47  439   30.66850   22.10231  27.9%   164  170s
  6160  2513   22.99933   39  521   30.66850   22.13263  27.8%   162  175s
  6605  2697   23.96885   40  486   30.66850   22.13263  27.8%   159  184s
  6857  2796   24.62235   46  460   30.66850   22.13263  27.8%   157  188s
  7211  2823   22.82460   32  516   30.66850   22.16372  27.7%   154  194s
H 7225  2823                      30.6685030   22.16372  27.7%   154  194s
H 7229  2823                      30.6685028   22.16372  27.7%   154  194s
  7238  2907   24.35915   45  462   30.66850   22.16372  27.7%   155  199s
  7413  3013   23.25285   36  507   30.66850   22.16372  27.7%   154  204s
  7590  3150   25.30206   51  433   30.66850   22.22979  27.5%   154  209s
  7910  3266   23.13359   36  527   30.66850   22.27584  27.4%   151  215s
  8086  3310   26.29359   51  421   30.66850   22.27584  27.4%   151  221s
  8227  3419   27.92056   64  340   30.66850   22.27753  27.4%   150  227s
  8488  3560   24.42288   43  453   30.66850   22.29935  27.3%   149  233s
  8856  3608   23.32503   37  509   30.66850   22.30199  27.3%   148  240s
H 8868  3608                      30.6685025   22.30199  27.3%   148  240s
  8927  3693   24.42837   45  477   30.66850   22.30199  27.3%   148  246s
  9219  3833   24.66923   48  469   30.66850   22.32961  27.2%   146  253s
  9460  3996   23.37400   41  505   30.66850   22.34343  27.1%   147  260s
  9749  4136   24.68229   50  451   30.66850   22.34343  27.1%   147  267s
 10083  4311   24.01274   36  509   30.66850   22.37227  27.1%   147  274s
 10458  4454   24.29519   35  481   30.66850   22.37409  27.0%   145  282s
 10891  4579   24.10947   40  531   30.66850   22.40164  27.0%   145  290s
 11184  4770   26.18056   48  427   30.66850   22.40164  27.0%   145  299s
 11705  4954   24.65109   46  438   30.66850   22.42905  26.9%   142  308s
 12177  5110   23.13030   35  582   30.66850   22.44158  26.8%   141  317s
 12721  5208   23.34599   34  556   30.66850   22.45755  26.8%   140  327s
 12998  5389 infeasible   36        30.66850   22.46689  26.7%   140  337s
 13486  5505   23.31757   35  532   30.66850   22.47418  26.7%   140  348s
 13929  5712   24.84055   44  453   30.66850   22.49940  26.6%   139  359s
 14510  5932   23.74243   35  526   30.66850   22.54427  26.5%   138  370s
 15218  6123   24.55959   37  509   30.66850   22.57856  26.4%   136  380s
 15794  6293   26.83295   44  402   30.66850   22.58001  26.4%   134  389s
 16410  6438   26.40283   46  332   30.66850   22.62429  26.2%   133  399s
 17021  6621   23.95024   45  485   30.66850   22.62918  26.2%   133  409s
 17582  6822   25.69093   45  416   30.66850   22.64206  26.2%   131  420s
 18165  7008   25.28264   47  475   30.66850   22.64206  26.2%   130  431s
 18807  7197   23.72215   43  512   30.66850   22.66529  26.1%   130  442s
 19485  7396   24.55531   36  514   30.66850   22.69897  26.0%   129  455s
 20320  7582   25.52671   45  435   30.66850   22.70675  26.0%   128  467s
 21004  7796   25.74978   40  302   30.66850   22.71183  25.9%   128  482s
 21552  8046   24.37688   44  467   30.66850   22.74148  25.8%   128  497s
 22279  8309   24.57555   48  489   30.66850   22.74318  25.8%   128  512s
 22990  8558   26.32001   57  419   30.66850   22.75385  25.8%   128  527s
 23740  8797   23.71977   37  551   30.66850   22.77623  25.7%   127  544s
 24525  9061   24.76680   33  529   30.66850   22.80420  25.6%   127  561s
 25139  9315   26.27413   58  449   30.66850   22.81607  25.6%   126  578s
 25940  9577   23.84012   36  558   30.66850   22.83368  25.5%   125  596s
 26632  9837   27.97987   67  163   30.66850   22.84561  25.5%   124  613s
 27406  9918   25.80222   49  408   30.66850   22.85379  25.5%   124  633s
 27599 10194   24.19250   47  534   30.66850   22.85413  25.5%   124  651s
 28324 10457   23.71983   44  523   30.66850   22.87581  25.4%   123  670s
 28988 10735   26.67230   58  386   30.66850   22.88279  25.4%   123  691s
 29948 10966   24.23513   39  537   30.66850   22.90118  25.3%   123  708s
 30836 11207 infeasible   42        30.66850   22.91346  25.3%   122  726s
 31578 11437   23.39405   36  572   30.66850   22.93400  25.2%   121  744s
 32333 11659   26.23831   48  454   30.66850   22.94391  25.2%   121  762s
 33192 11930   28.86940   70  199   30.66850   22.95620  25.1%   121  779s
 33989 12147   25.61065   46  416   30.66850   22.98168  25.1%   120  795s
 34747 12373   25.13542   42  495   30.66850   22.99109  25.0%   120  811s
 35700 12617   24.97016   48  404   30.66850   23.00878  25.0%   120  882s
 36478 12814 infeasible   35        30.66850   23.01967  24.9%   119  894s
 37104 12916   26.23322   51  406   30.66850   23.03315  24.9%   119  900s

Cutting planes:
  Gomory: 3
  Lift-and-project: 367
  Cover: 86
  Clique: 103
  MIR: 995
  Mixing: 3
  StrongCG: 35
  Flow cover: 1168
  GUB cover: 302
  Inf proof: 1
  Zero half: 276
  RLT: 15
  Relax-and-lift: 37

Explored 37525 nodes (4463426 simplex iterations) in 900.01 seconds (1376.18 work units)
Thread count was 8 (of 8 available processors)

Solution count 10: 30.6685 30.6685 30.6685 ... 31.0478

Time limit reached
Best objective 3.066850249446e+01, best bound 2.304221563242e+01, gap 24.8668%

Wrote result file '/var/folders/_g/qmy1pwhn0n38nzvw5fd66fsw0000gn/T/ecc0a72e00e3480ca61c78236b743220-pulp.sol'

Status: Optimal
w_cDiv_cDivv_0 = 0.0
w_cDiv_cDivv_1 = 1.0
w_cDiv_cDivv_2 = 0.0
w_cDiv_cDivv_3 = 0.0
w_cDiv_cDivv_4 = 0.0
w_cDiv_cV_0 = 0.0
w_cDiv_cV_1 = 1.0
w_cDiv_cV_2 = 0.0
w_cDiv_cV_3 = 0.0
w_cDiv_cV_4 = 0.0
w_cDiv_disLog_0 = 0.0
w_cDiv_disLog_1 = 0.0
w_cDiv_disLog_2 = 1.0
w_cDiv_disLog_3 = 0.0
w_cDiv_disLog_4 = 0.0
w_cDiv_f1_0 = 0.0
w_cDiv_f1_1 = 0.0
w_cDiv_f1_2 = 1.0
w_cDiv_f1_3 = 0.0
w_cDiv_f1_4 = 0.0
w_cDiv_f3_0 = 1.0
w_cDiv_f3_1 = 0.0
w_cDiv_f3_2 = 0.0
w_cDiv_f3_3 = 0.0
w_cDiv_f3_4 = 0.0
w_cDiv_fE1_0 = 0.0
w_cDiv_fE1_1 = 0.0
w_cDiv_fE1_2 = 0.0
w_cDiv_fE1_3 = 1.0
w_cDiv_fE1_4 = 0.0
w_cDiv_gal1_0 = 0.0
w_cDiv_gal1_1 = 0.0
w_cDiv_gal1_2 = 0.0
w_cDiv_gal1_3 = 1.0
w_cDiv_gal1_4 = 0.0
w_cDiv_gal2_0 = 0.0
w_cDiv_gal2_1 = 1.0
w_cDiv_gal2_2 = 0.0
w_cDiv_gal2_3 = 0.0
w_cDiv_gal2_4 = 0.0
w_cDiv_logica_0 = 0.0
w_cDiv_logica_1 = 0.0
w_cDiv_logica_2 = 0.0
w_cDiv_logica_3 = 1.0
w_cDiv_logica_4 = 0.0
w_cDiv_md1_0 = 0.0
w_cDiv_md1_1 = 1.0
w_cDiv_md1_2 = 0.0
w_cDiv_md1_3 = 0.0
w_cDiv_md1_4 = 0.0
w_cDiv_md2_0 = 1.0
w_cDiv_md2_1 = 0.0
w_cDiv_md2_2 = 0.0
w_cDiv_md2_3 = 0.0
w_cDiv_md2_4 = 0.0
w_cDiv_p1_0 = 0.0
w_cDiv_p1_1 = 0.0
w_cDiv_p1_2 = 0.0
w_cDiv_p1_3 = 1.0
w_cDiv_p1_4 = 0.0
w_cDiv_p2_0 = 0.0
w_cDiv_p2_1 = 1.0
w_cDiv_p2_2 = 0.0
w_cDiv_p2_3 = 0.0
w_cDiv_p2_4 = 0.0
w_cDiv_pye_0 = 0.0
w_cDiv_pye_1 = 0.0
w_cDiv_pye_2 = 1.0
w_cDiv_pye_3 = 0.0
w_cDiv_pye_4 = 0.0
w_cDiv_tallerine_0 = 0.0
w_cDiv_tallerine_1 = 1.0
w_cDiv_tallerine_2 = 0.0
w_cDiv_tallerine_3 = 0.0
w_cDiv_tallerine_4 = 0.0
w_cDivv_cV_0 = 0.0
w_cDivv_cV_1 = 0.0
w_cDivv_cV_2 = 1.0
w_cDivv_cV_3 = 0.0
w_cDivv_cV_4 = 0.0
w_cDivv_disLog_0 = 0.0
w_cDivv_disLog_1 = 1.0
w_cDivv_disLog_2 = 0.0
w_cDivv_disLog_3 = 0.0
w_cDivv_disLog_4 = 0.0
w_cDivv_f1_0 = 0.0
w_cDivv_f1_1 = 1.0
w_cDivv_f1_2 = 0.0
w_cDivv_f1_3 = 0.0
w_cDivv_f1_4 = 0.0
w_cDivv_f3_0 = 0.0
w_cDivv_f3_1 = 1.0
w_cDivv_f3_2 = 0.0
w_cDivv_f3_3 = 0.0
w_cDivv_f3_4 = 0.0
w_cDivv_fE1_0 = 0.0
w_cDivv_fE1_1 = 0.0
w_cDivv_fE1_2 = 1.0
w_cDivv_fE1_3 = 0.0
w_cDivv_fE1_4 = 0.0
w_cDivv_gal1_0 = 0.0
w_cDivv_gal1_1 = 0.0
w_cDivv_gal1_2 = 1.0
w_cDivv_gal1_3 = 0.0
w_cDivv_gal1_4 = 0.0
w_cDivv_gal2_0 = 0.0
w_cDivv_gal2_1 = 0.0
w_cDivv_gal2_2 = 1.0
w_cDivv_gal2_3 = 0.0
w_cDivv_gal2_4 = 0.0
w_cDivv_logica_0 = 0.0
w_cDivv_logica_1 = 0.0
w_cDivv_logica_2 = 1.0
w_cDivv_logica_3 = 0.0
w_cDivv_logica_4 = 0.0
w_cDivv_md1_0 = 1.0
w_cDivv_md1_1 = 0.0
w_cDivv_md1_2 = 0.0
w_cDivv_md1_3 = 0.0
w_cDivv_md1_4 = 0.0
w_cDivv_md2_0 = 0.0
w_cDivv_md2_1 = 1.0
w_cDivv_md2_2 = 0.0
w_cDivv_md2_3 = 0.0
w_cDivv_md2_4 = 0.0
w_cDivv_p1_0 = 0.0
w_cDivv_p1_1 = 0.0
w_cDivv_p1_2 = 1.0
w_cDivv_p1_3 = 0.0
w_cDivv_p1_4 = 0.0
w_cDivv_p2_0 = 0.0
w_cDivv_p2_1 = 0.0
w_cDivv_p2_2 = 1.0
w_cDivv_p2_3 = 0.0
w_cDivv_p2_4 = 0.0
w_cDivv_pye_0 = 0.0
w_cDivv_pye_1 = 1.0
w_cDivv_pye_2 = 0.0
w_cDivv_pye_3 = 0.0
w_cDivv_pye_4 = 0.0
w_cDivv_tallerine_0 = 0.0
w_cDivv_tallerine_1 = 0.0
w_cDivv_tallerine_2 = 1.0
w_cDivv_tallerine_3 = 0.0
w_cDivv_tallerine_4 = 0.0
w_cV_f3_0 = 0.0
w_cV_f3_1 = 1.0
w_cV_f3_2 = 0.0
w_cV_f3_3 = 0.0
w_cV_f3_4 = 0.0
w_cV_fE1_0 = 0.0
w_cV_fE1_1 = 0.0
w_cV_fE1_2 = 0.0
w_cV_fE1_3 = 0.0
w_cV_fE1_4 = 1.0
w_disLog_cV_0 = 0.0
w_disLog_cV_1 = 0.0
w_disLog_cV_2 = 0.0
w_disLog_cV_3 = 1.0
w_disLog_cV_4 = 0.0
w_disLog_f3_0 = 0.0
w_disLog_f3_1 = 0.0
w_disLog_f3_2 = 1.0
w_disLog_f3_3 = 0.0
w_disLog_f3_4 = 0.0
w_disLog_fE1_0 = 0.0
w_disLog_fE1_1 = 1.0
w_disLog_fE1_2 = 0.0
w_disLog_fE1_3 = 0.0
w_disLog_fE1_4 = 0.0
w_f1_cV_0 = 0.0
w_f1_cV_1 = 0.0
w_f1_cV_2 = 0.0
w_f1_cV_3 = 1.0
w_f1_cV_4 = 0.0
w_f1_disLog_0 = 1.0
w_f1_disLog_1 = 0.0
w_f1_disLog_2 = 0.0
w_f1_disLog_3 = 0.0
w_f1_disLog_4 = 0.0
w_f1_f3_0 = 0.0
w_f1_f3_1 = 0.0
w_f1_f3_2 = 1.0
w_f1_f3_3 = 0.0
w_f1_f3_4 = 0.0
w_f1_fE1_0 = 0.0
w_f1_fE1_1 = 1.0
w_f1_fE1_2 = 0.0
w_f1_fE1_3 = 0.0
w_f1_fE1_4 = 0.0
w_f1_logica_0 = 0.0
w_f1_logica_1 = 1.0
w_f1_logica_2 = 0.0
w_f1_logica_3 = 0.0
w_f1_logica_4 = 0.0
w_f1_p2_0 = 0.0
w_f1_p2_1 = 0.0
w_f1_p2_2 = 0.0
w_f1_p2_3 = 1.0
w_f1_p2_4 = 0.0
w_f1_tallerine_0 = 0.0
w_f1_tallerine_1 = 0.0
w_f1_tallerine_2 = 0.0
w_f1_tallerine_3 = 1.0
w_f1_tallerine_4 = 0.0
w_f3_fE1_0 = 0.0
w_f3_fE1_1 = 0.0
w_f3_fE1_2 = 0.0
w_f3_fE1_3 = 1.0
w_f3_fE1_4 = 0.0
w_gal1_cV_0 = 0.0
w_gal1_cV_1 = 0.0
w_gal1_cV_2 = 0.0
w_gal1_cV_3 = 0.0
w_gal1_cV_4 = 1.0
w_gal1_disLog_0 = 0.0
w_gal1_disLog_1 = 1.0
w_gal1_disLog_2 = 0.0
w_gal1_disLog_3 = 0.0
w_gal1_disLog_4 = 0.0
w_gal1_f1_0 = 0.0
w_gal1_f1_1 = 1.0
w_gal1_f1_2 = 0.0
w_gal1_f1_3 = 0.0
w_gal1_f1_4 = 0.0
w_gal1_f3_0 = 0.0
w_gal1_f3_1 = 0.0
w_gal1_f3_2 = 0.0
w_gal1_f3_3 = 1.0
w_gal1_f3_4 = 0.0
w_gal1_fE1_0 = 1.0
w_gal1_fE1_1 = 0.0
w_gal1_fE1_2 = 0.0
w_gal1_fE1_3 = 0.0
w_gal1_fE1_4 = 0.0
w_gal1_gal2_0 = 0.0
w_gal1_gal2_1 = 0.0
w_gal1_gal2_2 = 0.0
w_gal1_gal2_3 = 0.0
w_gal1_gal2_4 = 1.0
w_gal1_logica_0 = 1.0
w_gal1_logica_1 = 0.0
w_gal1_logica_2 = 0.0
w_gal1_logica_3 = 0.0
w_gal1_logica_4 = 0.0
w_gal1_md1_0 = 0.0
w_gal1_md1_1 = 0.0
w_gal1_md1_2 = 1.0
w_gal1_md1_3 = 0.0
w_gal1_md1_4 = 0.0
w_gal1_md2_0 = 0.0
w_gal1_md2_1 = 0.0
w_gal1_md2_2 = 0.0
w_gal1_md2_3 = 1.0
w_gal1_md2_4 = 0.0
w_gal1_p1_0 = 1.0
w_gal1_p1_1 = 0.0
w_gal1_p1_2 = 0.0
w_gal1_p1_3 = 0.0
w_gal1_p1_4 = 0.0
w_gal1_p2_0 = 0.0
w_gal1_p2_1 = 0.0
w_gal1_p2_2 = 0.0
w_gal1_p2_3 = 0.0
w_gal1_p2_4 = 1.0
w_gal1_pye_0 = 0.0
w_gal1_pye_1 = 1.0
w_gal1_pye_2 = 0.0
w_gal1_pye_3 = 0.0
w_gal1_pye_4 = 0.0
w_gal1_tallerine_0 = 0.0
w_gal1_tallerine_1 = 0.0
w_gal1_tallerine_2 = 0.0
w_gal1_tallerine_3 = 0.0
w_gal1_tallerine_4 = 1.0
w_gal2_cV_0 = 0.9999993340217782
w_gal2_cV_1 = 0.0
w_gal2_cV_2 = 6.652536000509144e-07
w_gal2_cV_3 = 0.0
w_gal2_cV_4 = 0.0
w_gal2_disLog_0 = 0.0
w_gal2_disLog_1 = 0.0
w_gal2_disLog_2 = 0.0
w_gal2_disLog_3 = 1.0
w_gal2_disLog_4 = 0.0
w_gal2_f1_0 = 0.0
w_gal2_f1_1 = 0.0
w_gal2_f1_2 = 0.0
w_gal2_f1_3 = 1.0
w_gal2_f1_4 = 0.0
w_gal2_f3_0 = 0.0
w_gal2_f3_1 = 1.0
w_gal2_f3_2 = 0.0
w_gal2_f3_3 = 0.0
w_gal2_f3_4 = 0.0
w_gal2_fE1_0 = 0.0
w_gal2_fE1_1 = 0.0
w_gal2_fE1_2 = 0.0
w_gal2_fE1_3 = 0.0
w_gal2_fE1_4 = 1.0
w_gal2_logica_0 = 0.0
w_gal2_logica_1 = 0.0
w_gal2_logica_2 = 0.0
w_gal2_logica_3 = 0.0
w_gal2_logica_4 = 1.0
w_gal2_md1_0 = 0.0
w_gal2_md1_1 = 0.0
w_gal2_md1_2 = 1.0
w_gal2_md1_3 = 0.0
w_gal2_md1_4 = 0.0
w_gal2_md2_0 = 0.0
w_gal2_md2_1 = 1.0
w_gal2_md2_2 = 0.0
w_gal2_md2_3 = 0.0
w_gal2_md2_4 = 0.0
w_gal2_p1_0 = 0.0
w_gal2_p1_1 = 0.0
w_gal2_p1_2 = 0.0
w_gal2_p1_3 = 0.0
w_gal2_p1_4 = 1.0
w_gal2_p2_0 = 0.9999993343019654
w_gal2_p2_1 = 0.0
w_gal2_p2_2 = 3.9858692890102145e-07
w_gal2_p2_3 = 2.663864839829733e-07
w_gal2_p2_4 = 0.0
w_gal2_pye_0 = 0.0
w_gal2_pye_1 = 0.0
w_gal2_pye_2 = 0.0
w_gal2_pye_3 = 1.0
w_gal2_pye_4 = 0.0
w_gal2_tallerine_0 = 0.9999992864027274
w_gal2_tallerine_1 = 0.0
w_gal2_tallerine_2 = 7.128726508976224e-07
w_gal2_tallerine_3 = 0.0
w_gal2_tallerine_4 = 0.0
w_logica_cV_0 = 0.0
w_logica_cV_1 = 0.0
w_logica_cV_2 = 0.0
w_logica_cV_3 = 0.0
w_logica_cV_4 = 1.0
w_logica_disLog_0 = 0.0
w_logica_disLog_1 = 1.0
w_logica_disLog_2 = 0.0
w_logica_disLog_3 = 0.0
w_logica_disLog_4 = 0.0
w_logica_f3_0 = 0.0
w_logica_f3_1 = 0.0
w_logica_f3_2 = 0.0
w_logica_f3_3 = 1.0
w_logica_f3_4 = 0.0
w_logica_fE1_0 = 1.0
w_logica_fE1_1 = 0.0
w_logica_fE1_2 = 0.0
w_logica_fE1_3 = 0.0
w_logica_fE1_4 = 0.0
w_logica_tallerine_0 = 0.0
w_logica_tallerine_1 = 0.0
w_logica_tallerine_2 = 0.0
w_logica_tallerine_3 = 0.0
w_logica_tallerine_4 = 1.0
w_md1_cV_0 = 0.0
w_md1_cV_1 = 0.0
w_md1_cV_2 = 1.0
w_md1_cV_3 = 0.0
w_md1_cV_4 = 0.0
w_md1_disLog_0 = 0.0
w_md1_disLog_1 = 1.0
w_md1_disLog_2 = 0.0
w_md1_disLog_3 = 0.0
w_md1_disLog_4 = 0.0
w_md1_f1_0 = 0.0
w_md1_f1_1 = 1.0
w_md1_f1_2 = 0.0
w_md1_f1_3 = 0.0
w_md1_f1_4 = 0.0
w_md1_f3_0 = 0.0
w_md1_f3_1 = 1.0
w_md1_f3_2 = 0.0
w_md1_f3_3 = 0.0
w_md1_f3_4 = 0.0
w_md1_fE1_0 = 0.0
w_md1_fE1_1 = 0.0
w_md1_fE1_2 = 1.0
w_md1_fE1_3 = 0.0
w_md1_fE1_4 = 0.0
w_md1_logica_0 = 0.0
w_md1_logica_1 = 0.0
w_md1_logica_2 = 1.0
w_md1_logica_3 = 0.0
w_md1_logica_4 = 0.0
w_md1_md2_0 = 0.0
w_md1_md2_1 = 1.0
w_md1_md2_2 = 0.0
w_md1_md2_3 = 0.0
w_md1_md2_4 = 0.0
w_md1_p1_0 = 0.0
w_md1_p1_1 = 0.0
w_md1_p1_2 = 1.0
w_md1_p1_3 = 0.0
w_md1_p1_4 = 0.0
w_md1_p2_0 = 0.0
w_md1_p2_1 = 0.0
w_md1_p2_2 = 1.0
w_md1_p2_3 = 0.0
w_md1_p2_4 = 0.0
w_md1_pye_0 = 0.0
w_md1_pye_1 = 1.0
w_md1_pye_2 = 0.0
w_md1_pye_3 = 0.0
w_md1_pye_4 = 0.0
w_md1_tallerine_0 = 0.0
w_md1_tallerine_1 = 0.0
w_md1_tallerine_2 = 1.0
w_md1_tallerine_3 = 0.0
w_md1_tallerine_4 = 0.0
w_md2_cV_0 = 0.0
w_md2_cV_1 = 1.0
w_md2_cV_2 = 0.0
w_md2_cV_3 = 0.0
w_md2_cV_4 = 0.0
w_md2_disLog_0 = 0.0
w_md2_disLog_1 = 0.0
w_md2_disLog_2 = 1.0
w_md2_disLog_3 = 0.0
w_md2_disLog_4 = 0.0
w_md2_f1_0 = 0.0
w_md2_f1_1 = 0.0
w_md2_f1_2 = 1.0
w_md2_f1_3 = 0.0
w_md2_f1_4 = 0.0
w_md2_f3_0 = 1.0
w_md2_f3_1 = 0.0
w_md2_f3_2 = 0.0
w_md2_f3_3 = 0.0
w_md2_f3_4 = 0.0
w_md2_fE1_0 = 0.0
w_md2_fE1_1 = 0.0
w_md2_fE1_2 = 0.0
w_md2_fE1_3 = 1.0
w_md2_fE1_4 = 0.0
w_md2_logica_0 = 0.0
w_md2_logica_1 = 0.0
w_md2_logica_2 = 0.0
w_md2_logica_3 = 1.0
w_md2_logica_4 = 0.0
w_md2_p1_0 = 0.0
w_md2_p1_1 = 0.0
w_md2_p1_2 = 0.0
w_md2_p1_3 = 1.0
w_md2_p1_4 = 0.0
w_md2_p2_0 = 0.0
w_md2_p2_1 = 1.0
w_md2_p2_2 = 0.0
w_md2_p2_3 = 0.0
w_md2_p2_4 = 0.0
w_md2_pye_0 = 0.0
w_md2_pye_1 = 0.0
w_md2_pye_2 = 1.0
w_md2_pye_3 = 0.0
w_md2_pye_4 = 0.0
w_md2_tallerine_0 = 0.0
w_md2_tallerine_1 = 1.0
w_md2_tallerine_2 = 0.0
w_md2_tallerine_3 = 0.0
w_md2_tallerine_4 = 0.0
w_p1_cV_0 = 0.0
w_p1_cV_1 = 0.0
w_p1_cV_2 = 0.0
w_p1_cV_3 = 0.0
w_p1_cV_4 = 1.0
w_p1_disLog_0 = 0.0
w_p1_disLog_1 = 1.0
w_p1_disLog_2 = 0.0
w_p1_disLog_3 = 0.0
w_p1_disLog_4 = 0.0
w_p1_f1_0 = 0.0
w_p1_f1_1 = 1.0
w_p1_f1_2 = 0.0
w_p1_f1_3 = 0.0
w_p1_f1_4 = 0.0
w_p1_f3_0 = 0.0
w_p1_f3_1 = 0.0
w_p1_f3_2 = 0.0
w_p1_f3_3 = 1.0
w_p1_f3_4 = 0.0
w_p1_fE1_0 = 1.0
w_p1_fE1_1 = 0.0
w_p1_fE1_2 = 0.0
w_p1_fE1_3 = 0.0
w_p1_fE1_4 = 0.0
w_p1_logica_0 = 1.0
w_p1_logica_1 = 0.0
w_p1_logica_2 = 0.0
w_p1_logica_3 = 0.0
w_p1_logica_4 = 0.0
w_p1_p2_0 = 0.0
w_p1_p2_1 = 0.0
w_p1_p2_2 = 0.0
w_p1_p2_3 = 0.0
w_p1_p2_4 = 1.0
w_p1_tallerine_0 = 0.0
w_p1_tallerine_1 = 0.0
w_p1_tallerine_2 = 0.0
w_p1_tallerine_3 = 0.0
w_p1_tallerine_4 = 1.0
w_p2_cV_0 = 1.0
w_p2_cV_1 = 0.0
w_p2_cV_2 = 0.0
w_p2_cV_3 = 0.0
w_p2_cV_4 = 0.0
w_p2_disLog_0 = 0.0
w_p2_disLog_1 = 0.0
w_p2_disLog_2 = 0.0
w_p2_disLog_3 = 1.0
w_p2_disLog_4 = 0.0
w_p2_f3_0 = 0.0
w_p2_f3_1 = 1.0
w_p2_f3_2 = 0.0
w_p2_f3_3 = 0.0
w_p2_f3_4 = 0.0
w_p2_fE1_0 = 0.0
w_p2_fE1_1 = 0.0
w_p2_fE1_2 = 0.0
w_p2_fE1_3 = 0.0
w_p2_fE1_4 = 1.0
w_p2_logica_0 = 0.0
w_p2_logica_1 = 0.0
w_p2_logica_2 = 0.0
w_p2_logica_3 = 0.0
w_p2_logica_4 = 1.0
w_p2_tallerine_0 = 1.0
w_p2_tallerine_1 = 0.0
w_p2_tallerine_2 = 0.0
w_p2_tallerine_3 = 0.0
w_p2_tallerine_4 = 0.0
w_pye_cV_0 = 0.0
w_pye_cV_1 = 0.0
w_pye_cV_2 = 0.0
w_pye_cV_3 = 1.0
w_pye_cV_4 = 0.0
w_pye_disLog_0 = 1.0
w_pye_disLog_1 = 0.0
w_pye_disLog_2 = 0.0
w_pye_disLog_3 = 0.0
w_pye_disLog_4 = 0.0
w_pye_f1_0 = 0.9999992864027258
w_pye_f1_1 = 0.0
w_pye_f1_2 = 7.128726524811182e-07
w_pye_f1_3 = 0.0
w_pye_f1_4 = 0.0
w_pye_f3_0 = 0.0
w_pye_f3_1 = 0.0
w_pye_f3_2 = 1.0
w_pye_f3_3 = 0.0
w_pye_f3_4 = 0.0
w_pye_fE1_0 = 0.0
w_pye_fE1_1 = 1.0
w_pye_fE1_2 = 0.0
w_pye_fE1_3 = 0.0
w_pye_fE1_4 = 0.0
w_pye_logica_0 = 0.0
w_pye_logica_1 = 1.0
w_pye_logica_2 = 0.0
w_pye_logica_3 = 0.0
w_pye_logica_4 = 0.0
w_pye_p1_0 = 0.0
w_pye_p1_1 = 1.0
w_pye_p1_2 = 0.0
w_pye_p1_3 = 0.0
w_pye_p1_4 = 0.0
w_pye_p2_0 = 0.0
w_pye_p2_1 = 0.0
w_pye_p2_2 = 0.0
w_pye_p2_3 = 1.0
w_pye_p2_4 = 0.0
w_pye_tallerine_0 = 0.0
w_pye_tallerine_1 = 0.0
w_pye_tallerine_2 = 0.0
w_pye_tallerine_3 = 1.0
w_pye_tallerine_4 = 0.0
w_tallerine_cV_0 = 0.9999992867469526
w_tallerine_cV_1 = 0.0
w_tallerine_cV_2 = 7.126661148486568e-07
w_tallerine_cV_3 = 0.0
w_tallerine_cV_4 = 0.0
w_tallerine_disLog_0 = 0.0
w_tallerine_disLog_1 = 0.0
w_tallerine_disLog_2 = 0.0
w_tallerine_disLog_3 = 1.0
w_tallerine_disLog_4 = 0.0
w_tallerine_f3_0 = 0.0
w_tallerine_f3_1 = 1.0
w_tallerine_f3_2 = 0.0
w_tallerine_f3_3 = 0.0
w_tallerine_f3_4 = 0.0
w_tallerine_fE1_0 = 0.0
w_tallerine_fE1_1 = 0.0
w_tallerine_fE1_2 = 0.0
w_tallerine_fE1_3 = 0.0
w_tallerine_fE1_4 = 1.0
x_cDiv_1_1 = 0.0
x_cDiv_1_2 = 0.0
x_cDiv_2_1 = 0.0
x_cDiv_2_2 = 0.0
x_cDiv_3_1 = 0.0
x_cDiv_3_2 = 0.0
x_cDiv_4_1 = 0.0
x_cDiv_4_2 = 1.0
x_cDiv_5_1 = 0.0
x_cDiv_5_2 = 0.0
x_cDivv_1_1 = 0.0
x_cDivv_1_2 = 0.0
x_cDivv_2_1 = 0.0
x_cDivv_2_2 = 0.0
x_cDivv_3_1 = 1.0
x_cDivv_3_2 = 0.0
x_cDivv_4_1 = 0.0
x_cDivv_4_2 = 0.0
x_cDivv_5_1 = 0.0
x_cDivv_5_2 = 0.0
x_cV_1_1 = 0.0
x_cV_1_2 = 0.0
x_cV_2_1 = 0.0
x_cV_2_2 = 0.0
x_cV_3_1 = 0.0
x_cV_3_2 = 0.0
x_cV_4_1 = 0.0
x_cV_4_2 = 0.0
x_cV_5_1 = 1.0
x_cV_5_2 = 0.0
x_disLog_1_1 = 0.0
x_disLog_1_2 = 0.0
x_disLog_2_1 = 0.9999992866498888
x_disLog_2_2 = 7.12952389569219e-07
x_disLog_3_1 = 0.0
x_disLog_3_2 = 0.0
x_disLog_4_1 = 0.0
x_disLog_4_2 = 0.0
x_disLog_5_1 = 0.0
x_disLog_5_2 = 0.0
x_f1_1_1 = 0.0
x_f1_1_2 = 0.0
x_f1_2_1 = 0.9999992862713896
x_f1_2_2 = 7.135013405063583e-07
x_f1_3_1 = 0.0
x_f1_3_2 = 0.0
x_f1_4_1 = 0.0
x_f1_4_2 = 0.0
x_f1_5_1 = 0.0
x_f1_5_2 = 0.0
x_f3_1_1 = 0.0
x_f3_1_2 = 0.0
x_f3_2_1 = 0.0
x_f3_2_2 = 0.0
x_f3_3_1 = 0.0
x_f3_3_2 = 0.0
x_f3_4_1 = 1.0
x_f3_4_2 = 0.0
x_f3_5_1 = 0.0
x_f3_5_2 = 0.0
x_fE1_1_1 = 0.0
x_fE1_1_2 = 1.0
x_fE1_2_1 = 0.0
x_fE1_2_2 = 0.0
x_fE1_3_1 = 0.0
x_fE1_3_2 = 0.0
x_fE1_4_1 = 0.0
x_fE1_4_2 = 0.0
x_fE1_5_1 = 0.0
x_fE1_5_2 = 0.0
x_gal1_1_1 = 0.0
x_gal1_1_2 = 1.0
x_gal1_2_1 = 0.0
x_gal1_2_2 = 0.0
x_gal1_3_1 = 0.0
x_gal1_3_2 = 0.0
x_gal1_4_1 = 0.0
x_gal1_4_2 = 0.0
x_gal1_5_1 = 0.0
x_gal1_5_2 = 0.0
x_gal2_1_1 = 0.0
x_gal2_1_2 = 0.0
x_gal2_2_1 = 0.0
x_gal2_2_2 = 0.0
x_gal2_3_1 = 0.0
x_gal2_3_2 = 0.0
x_gal2_4_1 = 0.0
x_gal2_4_2 = 0.0
x_gal2_5_1 = 1.0
x_gal2_5_2 = 0.0
x_logica_1_1 = 1.0
x_logica_1_2 = 0.0
x_logica_2_1 = 0.0
x_logica_2_2 = 0.0
x_logica_3_1 = 0.0
x_logica_3_2 = 0.0
x_logica_4_1 = 0.0
x_logica_4_2 = 0.0
x_logica_5_1 = 0.0
x_logica_5_2 = 0.0
x_md1_1_1 = 0.0
x_md1_1_2 = 0.0
x_md1_2_1 = 0.0
x_md1_2_2 = 0.0
x_md1_3_1 = 0.0
x_md1_3_2 = 1.0
x_md1_4_1 = 0.0
x_md1_4_2 = 0.0
x_md1_5_1 = 0.0
x_md1_5_2 = 0.0
x_md2_1_1 = 0.0
x_md2_1_2 = 0.0
x_md2_2_1 = 0.0
x_md2_2_2 = 0.0
x_md2_3_1 = 0.0
x_md2_3_2 = 0.0
x_md2_4_1 = 1.0
x_md2_4_2 = 0.0
x_md2_5_1 = 0.0
x_md2_5_2 = 0.0
x_p1_1_1 = 1.0
x_p1_1_2 = 0.0
x_p1_2_1 = 0.0
x_p1_2_2 = 0.0
x_p1_3_1 = 0.0
x_p1_3_2 = 0.0
x_p1_4_1 = 0.0
x_p1_4_2 = 0.0
x_p1_5_1 = 0.0
x_p1_5_2 = 0.0
x_p2_1_1 = 0.0
x_p2_1_2 = 0.0
x_p2_2_1 = 0.0
x_p2_2_2 = 0.0
x_p2_3_1 = 0.0
x_p2_3_2 = 0.0
x_p2_4_1 = 0.0
x_p2_4_2 = 0.0
x_p2_5_1 = 0.0
x_p2_5_2 = 1.0
x_pye_1_1 = 0.0
x_pye_1_2 = 0.0
x_pye_2_1 = 7.135028916221219e-07
x_pye_2_2 = 0.9999992863266595
x_pye_3_1 = 0.0
x_pye_3_2 = 0.0
x_pye_4_1 = 0.0
x_pye_4_2 = 0.0
x_pye_5_1 = 0.0
x_pye_5_2 = 0.0
x_tallerine_1_1 = 0.0
x_tallerine_1_2 = 0.0
x_tallerine_2_1 = 0.0
x_tallerine_2_2 = 0.0
x_tallerine_3_1 = 0.0
x_tallerine_3_2 = 0.0
x_tallerine_4_1 = 0.0
x_tallerine_4_2 = 0.0
x_tallerine_5_1 = 0.0
x_tallerine_5_2 = 1.0
y_cDiv_cDivv = 1.0
y_cDiv_cV = 0.0
y_cDiv_disLog = 1.0
y_cDiv_f1 = 1.0
y_cDiv_f3 = 0.0
y_cDiv_fE1 = 1.0
y_cDiv_gal1 = 1.0
y_cDiv_gal2 = 0.0
y_cDiv_logica = 1.0
y_cDiv_md1 = 1.0
y_cDiv_md2 = 0.0
y_cDiv_p1 = 1.0
y_cDiv_p2 = 0.0
y_cDiv_pye = 1.0
y_cDiv_tallerine = 0.0
y_cDivv_cV = 0.0
y_cDivv_disLog = 1.0
y_cDivv_f1 = 1.0
y_cDivv_f3 = 0.0
y_cDivv_fE1 = 1.0
y_cDivv_gal1 = 1.0
y_cDivv_gal2 = 0.0
y_cDivv_logica = 1.0
y_cDivv_md1 = 0.0
y_cDivv_md2 = 0.0
y_cDivv_p1 = 1.0
y_cDivv_p2 = 0.0
y_cDivv_pye = 1.0
y_cDivv_tallerine = 0.0
y_cV_f3 = 1.0
y_cV_fE1 = 1.0
y_disLog_cV = 0.0
y_disLog_f3 = 0.0
y_disLog_fE1 = 1.0
y_f1_cV = 0.0
y_f1_disLog = 1.0
y_f1_f3 = 0.0
y_f1_fE1 = 1.0
y_f1_logica = 1.0
y_f1_p2 = 0.0
y_f1_tallerine = 0.0
y_f3_fE1 = 1.0
y_gal1_cV = 0.0
y_gal1_disLog = 0.0
y_gal1_f1 = 0.0
y_gal1_f3 = 0.0
y_gal1_fE1 = 1.0
y_gal1_gal2 = 0.0
y_gal1_logica = 0.0
y_gal1_md1 = 0.0
y_gal1_md2 = 0.0
y_gal1_p1 = 0.0
y_gal1_p2 = 0.0
y_gal1_pye = 0.0
y_gal1_tallerine = 0.0
y_gal2_cV = 0.9999998345833323
y_gal2_disLog = 1.0
y_gal2_f1 = 1.0
y_gal2_f3 = 1.0
y_gal2_fE1 = 1.0
y_gal2_logica = 1.0
y_gal2_md1 = 1.0
y_gal2_md2 = 1.0
y_gal2_p1 = 1.0
y_gal2_p2 = 1.9874999594198067e-07
y_gal2_pye = 1.0
y_gal2_tallerine = 1.7732143024649742e-07
y_logica_cV = 0.0
y_logica_disLog = 0.0
y_logica_f3 = 0.0
y_logica_fE1 = 0.0
y_logica_tallerine = 0.0
y_md1_cV = 0.0
y_md1_disLog = 1.0
y_md1_f1 = 1.0
y_md1_f3 = 0.0
y_md1_fE1 = 1.0
y_md1_logica = 1.0
y_md1_md2 = 0.0
y_md1_p1 = 1.0
y_md1_p2 = 0.0
y_md1_pye = 1.0
y_md1_tallerine = 0.0
y_md2_cV = 0.0
y_md2_disLog = 1.0
y_md2_f1 = 1.0
y_md2_f3 = 0.0
y_md2_fE1 = 1.0
y_md2_logica = 1.0
y_md2_p1 = 1.0
y_md2_p2 = 0.0
y_md2_pye = 1.0
y_md2_tallerine = 0.0
y_p1_cV = 0.0
y_p1_disLog = 0.0
y_p1_f1 = 0.0
y_p1_f3 = 0.0
y_p1_fE1 = 1.0
y_p1_logica = 1.0
y_p1_p2 = 0.0
y_p1_tallerine = 0.0
y_p2_cV = 1.0
y_p2_disLog = 1.0
y_p2_f3 = 1.0
y_p2_fE1 = 1.0
y_p2_logica = 1.0
y_p2_tallerine = 0.0
y_pye_cV = 0.0
y_pye_disLog = 1.0
y_pye_f1 = 1.7732142926847037e-07
y_pye_f3 = 0.0
y_pye_fE1 = 1.0
y_pye_logica = 1.0
y_pye_p1 = 1.0
y_pye_p2 = 0.0
y_pye_tallerine = 0.0
y_tallerine_cV = 1.7732142755281125e-07
y_tallerine_disLog = 1.0
y_tallerine_f3 = 1.0
y_tallerine_fE1 = 1.0
z_cDiv_cDivv = 1.0
z_cDiv_cV = 1.0
z_cDiv_disLog = 2.0
z_cDiv_f1 = 2.0
z_cDiv_f3 = 0.0
z_cDiv_fE1 = 3.0
z_cDiv_gal1 = 3.0
z_cDiv_gal2 = 1.0
z_cDiv_logica = 3.0
z_cDiv_md1 = 1.0
z_cDiv_md2 = 0.0
z_cDiv_p1 = 3.0
z_cDiv_p2 = 1.0
z_cDiv_pye = 2.0
z_cDiv_tallerine = 1.0
z_cDivv_cV = 2.0
z_cDivv_disLog = 1.0
z_cDivv_f1 = 1.0
z_cDivv_f3 = 1.0
z_cDivv_fE1 = 2.0
z_cDivv_gal1 = 2.0
z_cDivv_gal2 = 2.0
z_cDivv_logica = 2.0
z_cDivv_md1 = 0.0
z_cDivv_md2 = 1.0
z_cDivv_p1 = 2.0
z_cDivv_p2 = 2.0
z_cDivv_pye = 1.0
z_cDivv_tallerine = 2.0
z_cV_f3 = 1.0
z_cV_fE1 = 4.0
z_disLog_cV = 3.0
z_disLog_f3 = 2.0
z_disLog_fE1 = 1.0
z_f1_cV = 3.0
z_f1_disLog = 0.0
z_f1_f3 = 2.0
z_f1_fE1 = 1.0
z_f1_logica = 1.0
z_f1_p2 = 3.0
z_f1_tallerine = 3.0
z_f3_fE1 = 3.0
z_gal1_cV = 4.0
z_gal1_disLog = 1.0
z_gal1_f1 = 1.0
z_gal1_f3 = 3.0
z_gal1_fE1 = 0.0
z_gal1_gal2 = 4.0
z_gal1_logica = 0.0
z_gal1_md1 = 2.0
z_gal1_md2 = 3.0
z_gal1_p1 = 0.0
z_gal1_p2 = 4.0
z_gal1_pye = 1.0
z_gal1_tallerine = 4.0
z_gal2_cV = 1.3325072001018288e-06
z_gal2_disLog = 3.0
z_gal2_f1 = 3.0
z_gal2_f3 = 1.0
z_gal2_fE1 = 4.0
z_gal2_logica = 4.0
z_gal2_md1 = 2.0
z_gal2_md2 = 1.0
z_gal2_p1 = 4.0
z_gal2_p2 = 1.598333309750963e-06
z_gal2_pye = 3.0
z_gal2_tallerine = 1.4277453017952447e-06
z_logica_cV = 4.0
z_logica_disLog = 1.0
z_logica_f3 = 3.0
z_logica_fE1 = 0.0
z_logica_tallerine = 4.0
z_md1_cV = 2.0
z_md1_disLog = 1.0
z_md1_f1 = 1.0
z_md1_f3 = 1.0
z_md1_fE1 = 2.0
z_md1_logica = 2.0
z_md1_md2 = 1.0
z_md1_p1 = 2.0
z_md1_p2 = 2.0
z_md1_pye = 1.0
z_md1_tallerine = 2.0
z_md2_cV = 1.0
z_md2_disLog = 2.0
z_md2_f1 = 2.0
z_md2_f3 = 0.0
z_md2_fE1 = 3.0
z_md2_logica = 3.0
z_md2_p1 = 3.0
z_md2_p2 = 1.0
z_md2_pye = 2.0
z_md2_tallerine = 1.0
z_minus_cDiv_cDivv = 0.0
z_minus_cDiv_cV = 1.0
z_minus_cDiv_disLog = 0.0
z_minus_cDiv_f1 = 0.0
z_minus_cDiv_f3 = 0.0
z_minus_cDiv_fE1 = 0.0
z_minus_cDiv_gal1 = 0.0
z_minus_cDiv_gal2 = 1.0
z_minus_cDiv_logica = 0.0
z_minus_cDiv_md1 = 0.0
z_minus_cDiv_md2 = 0.0
z_minus_cDiv_p1 = 0.0
z_minus_cDiv_p2 = 1.0
z_minus_cDiv_pye = 0.0
z_minus_cDiv_tallerine = 1.0
z_minus_cDivv_cV = 2.0
z_minus_cDivv_disLog = 0.0
z_minus_cDivv_f1 = 0.0
z_minus_cDivv_f3 = 1.0
z_minus_cDivv_fE1 = 0.0
z_minus_cDivv_gal1 = 0.0
z_minus_cDivv_gal2 = 2.0
z_minus_cDivv_logica = 0.0
z_minus_cDivv_md1 = 0.0
z_minus_cDivv_md2 = 1.0
z_minus_cDivv_p1 = 0.0
z_minus_cDivv_p2 = 2.0
z_minus_cDivv_pye = 0.0
z_minus_cDivv_tallerine = 2.0
z_minus_cV_f3 = 0.0
z_minus_cV_fE1 = 0.0
z_minus_disLog_cV = 3.0
z_minus_disLog_f3 = 2.0
z_minus_disLog_fE1 = 0.0
z_minus_f1_cV = 3.0
z_minus_f1_disLog = 0.0
z_minus_f1_f3 = 2.0
z_minus_f1_fE1 = 0.0
z_minus_f1_logica = 0.0
z_minus_f1_p2 = 3.0
z_minus_f1_tallerine = 3.0
z_minus_f3_fE1 = 0.0
z_minus_gal1_cV = 4.0
z_minus_gal1_disLog = 1.0
z_minus_gal1_f1 = 1.0
z_minus_gal1_f3 = 3.0
z_minus_gal1_fE1 = 0.0
z_minus_gal1_gal2 = 4.0
z_minus_gal1_logica = 0.0
z_minus_gal1_md1 = 2.0
z_minus_gal1_md2 = 3.0
z_minus_gal1_p1 = 0.0
z_minus_gal1_p2 = 4.0
z_minus_gal1_pye = 1.0
z_minus_gal1_tallerine = 4.0
z_minus_gal2_cV = 6.666666705833709e-07
z_minus_gal2_disLog = 0.0
z_minus_gal2_f1 = 0.0
z_minus_gal2_f3 = 0.0
z_minus_gal2_fE1 = 0.0
z_minus_gal2_logica = 0.0
z_minus_gal2_md1 = 0.0
z_minus_gal2_md2 = 0.0
z_minus_gal2_p1 = 0.0
z_minus_gal2_p2 = 7.999999926497069e-07
z_minus_gal2_pye = 0.0
z_minus_gal2_tallerine = 7.142857156569191e-07
z_minus_logica_cV = 4.0
z_minus_logica_disLog = 1.0
z_minus_logica_f3 = 3.0
z_minus_logica_fE1 = 0.0
z_minus_logica_tallerine = 4.0
z_minus_md1_cV = 2.0
z_minus_md1_disLog = 0.0
z_minus_md1_f1 = 0.0
z_minus_md1_f3 = 1.0
z_minus_md1_fE1 = 0.0
z_minus_md1_logica = 0.0
z_minus_md1_md2 = 1.0
z_minus_md1_p1 = 0.0
z_minus_md1_p2 = 2.0
z_minus_md1_pye = 0.0
z_minus_md1_tallerine = 2.0
z_minus_md2_cV = 1.0
z_minus_md2_disLog = 0.0
z_minus_md2_f1 = 0.0
z_minus_md2_f3 = 0.0
z_minus_md2_fE1 = 0.0
z_minus_md2_logica = 0.0
z_minus_md2_p1 = 0.0
z_minus_md2_p2 = 1.0
z_minus_md2_pye = 0.0
z_minus_md2_tallerine = 1.0
z_minus_p1_cV = 4.0
z_minus_p1_disLog = 1.0
z_minus_p1_f1 = 1.0
z_minus_p1_f3 = 3.0
z_minus_p1_fE1 = 0.0
z_minus_p1_logica = 0.0
z_minus_p1_p2 = 4.0
z_minus_p1_tallerine = 4.0
z_minus_p2_cV = 0.0
z_minus_p2_disLog = 0.0
z_minus_p2_f3 = 0.0
z_minus_p2_fE1 = 0.0
z_minus_p2_logica = 0.0
z_minus_p2_tallerine = 0.0
z_minus_pye_cV = 3.0
z_minus_pye_disLog = 0.0
z_minus_pye_f1 = 7.142857227360189e-07
z_minus_pye_f3 = 2.0
z_minus_pye_fE1 = 0.0
z_minus_pye_logica = 0.0
z_minus_pye_p1 = 0.0
z_minus_pye_p2 = 3.0
z_minus_pye_tallerine = 3.0
z_minus_tallerine_cV = 7.142857217575644e-07
z_minus_tallerine_disLog = 0.0
z_minus_tallerine_f3 = 0.0
z_minus_tallerine_fE1 = 0.0
z_p1_cV = 4.0
z_p1_disLog = 1.0
z_p1_f1 = 1.0
z_p1_f3 = 3.0
z_p1_fE1 = 0.0
z_p1_logica = 0.0
z_p1_p2 = 4.0
z_p1_tallerine = 4.0
z_p2_cV = 0.0
z_p2_disLog = 3.0
z_p2_f3 = 1.0
z_p2_fE1 = 4.0
z_p2_logica = 4.0
z_p2_tallerine = 0.0
z_plus_cDiv_cDivv = 1.0
z_plus_cDiv_cV = 0.0
z_plus_cDiv_disLog = 2.0
z_plus_cDiv_f1 = 2.0
z_plus_cDiv_f3 = 0.0
z_plus_cDiv_fE1 = 3.0
z_plus_cDiv_gal1 = 3.0
z_plus_cDiv_gal2 = 0.0
z_plus_cDiv_logica = 3.0
z_plus_cDiv_md1 = 1.0
z_plus_cDiv_md2 = 0.0
z_plus_cDiv_p1 = 3.0
z_plus_cDiv_p2 = 0.0
z_plus_cDiv_pye = 2.0
z_plus_cDiv_tallerine = 0.0
z_plus_cDivv_cV = 0.0
z_plus_cDivv_disLog = 1.0
z_plus_cDivv_f1 = 1.0
z_plus_cDivv_f3 = 0.0
z_plus_cDivv_fE1 = 2.0
z_plus_cDivv_gal1 = 2.0
z_plus_cDivv_gal2 = 0.0
z_plus_cDivv_logica = 2.0
z_plus_cDivv_md1 = 0.0
z_plus_cDivv_md2 = 0.0
z_plus_cDivv_p1 = 2.0
z_plus_cDivv_p2 = 0.0
z_plus_cDivv_pye = 1.0
z_plus_cDivv_tallerine = 0.0
z_plus_cV_f3 = 1.0
z_plus_cV_fE1 = 4.0
z_plus_disLog_cV = 0.0
z_plus_disLog_f3 = 0.0
z_plus_disLog_fE1 = 1.0
z_plus_f1_cV = 0.0
z_plus_f1_disLog = 0.0
z_plus_f1_f3 = 0.0
z_plus_f1_fE1 = 1.0
z_plus_f1_logica = 1.0
z_plus_f1_p2 = 0.0
z_plus_f1_tallerine = 0.0
z_plus_f3_fE1 = 3.0
z_plus_gal1_cV = 0.0
z_plus_gal1_disLog = 0.0
z_plus_gal1_f1 = 0.0
z_plus_gal1_f3 = 0.0
z_plus_gal1_fE1 = 0.0
z_plus_gal1_gal2 = 0.0
z_plus_gal1_logica = 0.0
z_plus_gal1_md1 = 0.0
z_plus_gal1_md2 = 0.0
z_plus_gal1_p1 = 0.0
z_plus_gal1_p2 = 0.0
z_plus_gal1_pye = 0.0
z_plus_gal1_tallerine = 0.0
z_plus_gal2_cV = 6.666666643661219e-07
z_plus_gal2_disLog = 3.0
z_plus_gal2_f1 = 3.0
z_plus_gal2_f3 = 1.0
z_plus_gal2_fE1 = 4.0
z_plus_gal2_logica = 4.0
z_plus_gal2_md1 = 2.0
z_plus_gal2_md2 = 1.0
z_plus_gal2_p1 = 4.0
z_plus_gal2_p2 = 7.999999837679227e-07
z_plus_gal2_pye = 3.0
z_plus_gal2_tallerine = 7.142857209859896e-07
z_plus_logica_cV = 0.0
z_plus_logica_disLog = 0.0
z_plus_logica_f3 = 0.0
z_plus_logica_fE1 = 0.0
z_plus_logica_tallerine = 0.0
z_plus_md1_cV = 0.0
z_plus_md1_disLog = 1.0
z_plus_md1_f1 = 1.0
z_plus_md1_f3 = 0.0
z_plus_md1_fE1 = 2.0
z_plus_md1_logica = 2.0
z_plus_md1_md2 = 0.0
z_plus_md1_p1 = 2.0
z_plus_md1_p2 = 0.0
z_plus_md1_pye = 1.0
z_plus_md1_tallerine = 0.0
z_plus_md2_cV = 0.0
z_plus_md2_disLog = 2.0
z_plus_md2_f1 = 2.0
z_plus_md2_f3 = 0.0
z_plus_md2_fE1 = 3.0
z_plus_md2_logica = 3.0
z_plus_md2_p1 = 3.0
z_plus_md2_p2 = 0.0
z_plus_md2_pye = 2.0
z_plus_md2_tallerine = 0.0
z_plus_p1_cV = 0.0
z_plus_p1_disLog = 0.0
z_plus_p1_f1 = 0.0
z_plus_p1_f3 = 0.0
z_plus_p1_fE1 = 0.0
z_plus_p1_logica = 0.0
z_plus_p1_p2 = 0.0
z_plus_p1_tallerine = 0.0
z_plus_p2_cV = 0.0
z_plus_p2_disLog = 3.0
z_plus_p2_f3 = 1.0
z_plus_p2_fE1 = 4.0
z_plus_p2_logica = 4.0
z_plus_p2_tallerine = 0.0
z_plus_pye_cV = 0.0
z_plus_pye_disLog = 0.0
z_plus_pye_f1 = 7.142857170738814e-07
z_plus_pye_f3 = 0.0
z_plus_pye_fE1 = 1.0
z_plus_pye_logica = 1.0
z_plus_pye_p1 = 1.0
z_plus_pye_p2 = 0.0
z_plus_pye_tallerine = 0.0
z_plus_tallerine_cV = 7.14285710211245e-07
z_plus_tallerine_disLog = 3.0
z_plus_tallerine_f3 = 1.0
z_plus_tallerine_fE1 = 4.0
z_pye_cV = 3.0
z_pye_disLog = 0.0
z_pye_f1 = 1.4277453049622363e-06
z_pye_f3 = 2.0
z_pye_fE1 = 1.0
z_pye_logica = 1.0
z_pye_p1 = 1.0
z_pye_p2 = 3.0
z_pye_tallerine = 3.0
z_tallerine_cV = 1.4273322296973135e-06
z_tallerine_disLog = 3.0
z_tallerine_f3 = 1.0
z_tallerine_fE1 = 4.0
Valor óptimo de la función objetivo:  30.668502494457375
Tiempo de ejecución: 844.15 segundos
                     14.07 minutos
                     0.23 horas
Valor óptimo de la función objetivo: 30.668502494457375
Tiempo de ejecución: 844.15 segundos
