Set parameter LicenseID to value 2606552
Set parameter TimeLimit to value 900
Set parameter MIPGap to value 0.05
Set parameter BranchDir to value 1
Set parameter VarBranch to value 2
Set parameter LogFile to value "gurobi.log"
Set parameter Presolve to value 2
Set parameter Threads to value 8
Using license file /Users/facuspira/gurobi.lic

Gurobi Optimizer version 12.0.0 build v12.0.0rc1 (mac64[arm] - Darwin 24.2.0 24C101)
Copyright (c) 2024, Gurobi Optimization, LLC

Read LP format model from file /var/folders/_g/qmy1pwhn0n38nzvw5fd66fsw0000gn/T/9eaaba3384704b5ab97734097db86ad6-pulp.lp
Reading time = 0.07 seconds
OBJ: 14662 rows, 35035 columns, 195756 nonzeros

Using Gurobi shared library /Library/gurobi1200/macos_universal2/lib/libgurobi120.dylib

CPU model: Apple M1
Thread count: 8 physical cores, 8 logical processors, using up to 8 threads

Non-default parameters:
TimeLimit  900
MIPGap  0.05
BranchDir  1
VarBranch  2
Presolve  2
Threads  8

Optimize a model with 14662 rows, 35035 columns and 195756 nonzeros
Model fingerprint: 0x26decf08
Variable types: 6240 continuous, 28795 integer (28795 binary)
Coefficient statistics:
  Matrix range     [1e+00, 1e+03]
  Objective range  [7e-03, 2e+00]
  Bounds range     [1e+00, 1e+00]
  RHS range        [1e+00, 2e+03]
Presolve removed 3856 rows and 2080 columns
Presolve time: 0.37s
Presolved: 10806 rows, 32955 columns, 174847 nonzeros
Variable types: 4160 continuous, 28795 integer (28795 binary)
Root relaxation presolve removed 2080 rows and 2080 columns
Root relaxation presolved: 8726 rows, 30875 columns, 170687 nonzeros

Deterministic concurrent LP optimizer: primal and dual simplex
Showing primal log only...

Concurrent spin time: 0.01s

Solved with primal simplex

Root relaxation: objective 3.032343e+01, 10059 iterations, 0.19 seconds (0.20 work units)

    Nodes    |    Current Node    |     Objective Bounds      |     Work
 Expl Unexpl |  Obj  Depth IntInf | Incumbent    BestBd   Gap | It/Node Time

     0     0   30.32343    0 1686          -   30.32343      -     -    1s
     0     0   30.32470    0 2189          -   30.32470      -     -    1s
     0     0   30.32470    0 2182          -   30.32470      -     -    1s
     0     0   30.32727    0 2214          -   30.32727      -     -    2s
     0     0   30.33024    0 2259          -   30.33024      -     -    2s
     0     0   30.34092    0 2254          -   30.34092      -     -    3s
     0     0   30.34092    0 2275          -   30.34092      -     -    3s
     0     0   30.35034    0 2240          -   30.35034      -     -    5s
     0     0   30.35774    0 2277          -   30.35774      -     -    5s
     0     0   30.38059    0 2299          -   30.38059      -     -    5s
H    0     0                     155.9083254   30.38059  80.5%     -    5s
     0     0   30.38059    0 2322  155.90833   30.38059  80.5%     -    5s
     0     0   30.38059    0 2331  155.90833   30.38059  80.5%     -    6s
     0     0   30.38059    0 2356  155.90833   30.38059  80.5%     -    6s
H    0     0                     153.9010054   30.38059  80.3%     -    7s
     0     0   30.38424    0 2383  153.90101   30.38424  80.3%     -    7s
     0     0   30.38424    0 2388  153.90101   30.38424  80.3%     -    7s
H    0     0                     148.2227904   30.38424  79.5%     -    8s
H    0     0                     146.5148639   30.38424  79.3%     -    8s
     0     0   30.38878    0 2430  146.51486   30.38878  79.3%     -    8s
H    0     0                     143.3448476   30.38904  78.8%     -    9s
     0     0   30.39727    0 2456  143.34485   30.39727  78.8%     -    9s
H    0     0                     142.3499332   30.39727  78.6%     -   10s
H    0     0                     142.2746192   30.39727  78.6%     -   10s
H    0     0                     121.5989604   30.39727  75.0%     -   10s
     0     0   30.40988    0 2493  121.59896   30.40988  75.0%     -   10s
     0     0   30.41493    0 2499  121.59896   30.41493  75.0%     -   11s
H    0     0                     120.9546732   30.41493  74.9%     -   11s
     0     0   30.42330    0 2540  120.95467   30.42330  74.8%     -   12s
     0     0   30.44056    0 2597  120.95467   30.44056  74.8%     -   12s
H    0     0                     119.3671525   30.45504  74.5%     -   13s
     0     0   30.45504    0 2627  119.36715   30.45504  74.5%     -   13s
     0     0   30.46177    0 2662  119.36715   30.46177  74.5%     -   14s
     0     0   30.47870    0 2711  119.36715   30.47870  74.5%     -   15s
     0     0   30.48490    0 2763  119.36715   30.48490  74.5%     -   16s
     0     0   30.51903    0 2767  119.36715   30.51903  74.4%     -   18s
     0     0   30.51903    0 2831  119.36715   30.51903  74.4%     -   18s
     0     0   30.52881    0 2851  119.36715   30.52881  74.4%     -   20s
     0     0   30.54653    0 2898  119.36715   30.54653  74.4%     -   20s
     0     0   30.55790    0 2930  119.36715   30.55790  74.4%     -   22s
     0     0   30.57231    0 2976  119.36715   30.57231  74.4%     -   23s
     0     0   30.58739    0 3014  119.36715   30.58739  74.4%     -   24s
     0     0   30.59848    0 3027  119.36715   30.59848  74.4%     -   24s
     0     0   30.61768    0 3051  119.36715   30.61768  74.3%     -   26s
     0     0   30.63076    0 3134  119.36715   30.63076  74.3%     -   27s
     0     0   30.64742    0 3145  119.36715   30.64742  74.3%     -   28s
     0     0   30.67088    0 3213  119.36715   30.67088  74.3%     -   29s
     0     0   30.67955    0 3208  119.36715   30.67955  74.3%     -   30s
H    0     0                     119.2169632   30.69031  74.3%     -   31s
     0     0   30.69031    0 3271  119.21696   30.69031  74.3%     -   31s
H    0     0                     118.3834782   30.70265  74.1%     -   32s
     0     0   30.70265    0 3267  118.38348   30.70265  74.1%     -   32s
     0     0   30.71959    0 3336  118.38348   30.71959  74.1%     -   33s
H    0     0                     116.4958636   30.72883  73.6%     -   34s
H    0     0                     116.4164808   30.72883  73.6%     -   34s
     0     0   30.72883    0 3368  116.41648   30.72883  73.6%     -   34s
     0     0   30.74034    0 3414  116.41648   30.74034  73.6%     -   35s
     0     0   30.76136    0 3430  116.41648   30.76136  73.6%     -   37s
     0     0   30.78322    0 3488  116.41648   30.78322  73.6%     -   38s
     0     0   30.78928    0 3519  116.41648   30.78928  73.6%     -   39s
     0     0   30.79749    0 3553  116.41648   30.79749  73.5%     -   40s
     0     0   30.80176    0 3592  116.41648   30.80176  73.5%     -   40s
     0     0   30.80513    0 3617  116.41648   30.80513  73.5%     -   41s
     0     0   30.80693    0 3676  116.41648   30.80693  73.5%     -   43s
     0     0   30.80815    0 3711  116.41648   30.80815  73.5%     -   44s
     0     0   30.80844    0 3714  116.41648   30.80844  73.5%     -   44s
     0     0   30.80856    0 3722  116.41648   30.80856  73.5%     -   45s
     0     0   30.80867    0 3740  116.41648   30.80867  73.5%     -   45s
     0     0   30.80871    0 3751  116.41648   30.80871  73.5%     -   45s
H    0     0                     112.6396764   30.80871  72.6%     -   46s
H    0     0                     112.6396763   30.80871  72.6%     -   46s
H    0     0                     111.1076130   30.87776  72.2%     -   49s
     0     0   30.87776    0 3746  111.10761   30.87776  72.2%     -   49s
     0     0   30.90267    0 3788  111.10761   30.90267  72.2%     -   51s
     0     0   30.91446    0 3820  111.10761   30.91446  72.2%     -   52s
     0     0   30.93041    0 3961  111.10761   30.93041  72.2%     -   53s
     0     0   30.93718    0 4023  111.10761   30.93718  72.2%     -   54s
     0     0   30.94165    0 4080  111.10761   30.94165  72.2%     -   55s
     0     0   30.94320    0 4125  111.10761   30.94320  72.2%     -   55s
     0     0   30.94422    0 4169  111.10761   30.94422  72.1%     -   56s
     0     0   30.94483    0 4185  111.10761   30.94483  72.1%     -   56s
     0     0   30.94496    0 4207  111.10761   30.94496  72.1%     -   57s
     0     0   31.07301    0 4217  111.10761   31.07301  72.0%     -   61s
     0     0   31.08964    0 4265  111.10761   31.08964  72.0%     -   62s
H    0     0                     110.5056959   31.11508  71.8%     -   64s
     0     0   31.11508    0 4398  110.50570   31.11508  71.8%     -   64s
H    0     0                     110.2476280   31.12641  71.8%     -   65s
H    0     0                     110.1956682   31.12641  71.8%     -   65s
H    0     0                     109.5326440   31.12641  71.6%     -   65s
H    0     0                     109.3540515   31.12641  71.5%     -   65s
     0     0   31.12641    0 4494  109.35405   31.12641  71.5%     -   65s
H    0     0                     108.4445884   31.13988  71.3%     -   67s
H    0     0                     108.1203680   31.13988  71.2%     -   67s
H    0     0                     107.7258504   31.13988  71.1%     -   67s
H    0     0                     107.5926470   31.13988  71.1%     -   67s
H    0     0                     107.5916061   31.13988  71.1%     -   67s
H    0     0                     107.5046946   31.13988  71.0%     -   67s
H    0     0                     107.4475604   31.13988  71.0%     -   67s
H    0     0                     107.3325241   31.13988  71.0%     -   67s
H    0     0                     106.8750852   31.13988  70.9%     -   67s
H    0     0                     106.0445684   31.13988  70.6%     -   67s
H    0     0                     105.6977111   31.13988  70.5%     -   67s
H    0     0                     105.6495336   31.13988  70.5%     -   67s
H    0     0                     105.6466366   31.13988  70.5%     -   67s
H    0     0                     105.6311809   31.13988  70.5%     -   67s
     0     0   31.13988    0 4590  105.63118   31.13988  70.5%     -   67s
H    0     0                     105.5457684   31.14542  70.5%     -   68s
H    0     0                     105.5050423   31.14542  70.5%     -   68s
H    0     0                     105.4415095   31.14542  70.5%     -   68s
H    0     0                     105.4202500   31.14542  70.5%     -   68s
H    0     0                     105.1746218   31.14542  70.4%     -   68s
     0     0   31.14542    0 4705  105.17462   31.14542  70.4%     -   68s
     0     0   31.14924    0 4828  105.17462   31.14924  70.4%     -   70s
     0     0   31.15072    0 4858  105.17462   31.15072  70.4%     -   72s
     0     0   31.15092    0 4900  105.17462   31.15092  70.4%     -   72s
H    0     0                     104.9931518   31.27765  70.2%     -   78s
     0     0   31.27765    0 4925  104.99315   31.27765  70.2%     -   78s
     0     0   31.30161    0 4964  104.99315   31.30161  70.2%     -   80s
     0     0   31.31602    0 5048  104.99315   31.31602  70.2%     -   82s
     0     0   31.33236    0 5126  104.99315   31.33236  70.2%     -   84s
     0     0   31.34097    0 5212  104.99315   31.34097  70.1%     -   86s
     0     0   31.34618    0 5291  104.99315   31.34618  70.1%     -   87s
     0     0   31.34867    0 5364  104.99315   31.34867  70.1%     -   89s
     0     0   31.34992    0 5397  104.99315   31.34992  70.1%     -   90s
     0     0   31.35032    0 5419  104.99315   31.35032  70.1%     -   91s
     0     0   31.35053    0 5446  104.99315   31.35053  70.1%     -   92s
     0     0   31.44796    0 5381  104.99315   31.44796  70.0%     -  102s
     0     0   31.47427    0 5405  104.99315   31.47427  70.0%     -  109s
     0     0   31.49489    0 5518  104.99315   31.49489  70.0%     -  116s
     0     0   31.50363    0 5600  104.99315   31.50363  70.0%     -  121s
     0     0   31.50959    0 5670  104.99315   31.50959  70.0%     -  125s
     0     0   31.51362    0 5736  104.99315   31.51362  70.0%     -  126s
     0     0   31.51537    0 5808  104.99315   31.51537  70.0%     -  128s
     0     0   31.51606    0 5846  104.99315   31.51606  70.0%     -  129s
     0     0   31.51667    0 5868  104.99315   31.51667  70.0%     -  129s
     0     0   31.51686    0 5885  104.99315   31.51686  70.0%     -  130s
H    0     0                     104.9362307   31.62798  69.9%     -  137s
     0     0   31.62798    0 5750  104.93623   31.62798  69.9%     -  137s
     0     0   31.64663    0 5825  104.93623   31.64663  69.8%     -  140s
     0     0   31.65281    0 5911  104.93623   31.65281  69.8%     -  141s
     0     0   31.65501    0 5931  104.93623   31.65501  69.8%     -  142s
     0     0   31.65578    0 5955  104.93623   31.65578  69.8%     -  143s
     0     0   31.65597    0 5973  104.93623   31.65597  69.8%     -  143s
     0     0   31.73316    0 5955  104.93623   31.73316  69.8%     -  150s
     0     0   31.76750    0 6012  104.93623   31.76750  69.7%     -  153s
     0     0   31.78380    0 6100  104.93623   31.78380  69.7%     -  156s
     0     0   31.78899    0 6150  104.93623   31.78899  69.7%     -  159s
     0     0   31.79067    0 6180  104.93623   31.79067  69.7%     -  160s
     0     0   31.79147    0 6212  104.93623   31.79147  69.7%     -  161s
     0     0   31.79177    0 6213  104.93623   31.79177  69.7%     -  162s
     0     0   31.89695    0 6146  104.93623   31.89695  69.6%     -  172s
     0     0   31.92334    0 6209  104.93623   31.92334  69.6%     -  176s
H    0     0                     104.9000009   31.93284  69.6%     -  179s
     0     0   31.93284    0 6283  104.90000   31.93284  69.6%     -  179s
     0     0   31.93642    0 6330  104.90000   31.93642  69.6%     -  181s
     0     0   31.93821    0 6365  104.90000   31.93821  69.6%     -  183s
     0     0   31.93913    0 6404  104.90000   31.93913  69.6%     -  184s
     0     0   31.93953    0 6408  104.90000   31.93953  69.6%     -  185s
H    0     0                     104.8805333   32.05664  69.4%     -  197s
H    0     0                     104.8337211   32.05664  69.4%     -  197s
H    0     0                     104.8055685   32.05664  69.4%     -  197s
     0     0   32.05664    0 6303  104.80557   32.05664  69.4%     -  197s
H    0     0                     104.7466371   32.05664  69.4%     -  197s
H    0     0                     104.3185429   32.07662  69.3%     -  201s
     0     0   32.07662    0 6370  104.31854   32.07662  69.3%     -  201s
     0     0   32.09294    0 6439  104.31854   32.09294  69.2%     -  205s
     0     0   32.09816    0 6485  104.31854   32.09816  69.2%     -  208s
     0     0   32.09999    0 6571  104.31854   32.09999  69.2%     -  210s
     0     0   32.10068    0 6592  104.31854   32.10068  69.2%     -  211s
     0     0   32.21098    0 6475  104.31854   32.21098  69.1%     -  237s
     0     0   32.23655    0 6510  104.31854   32.23655  69.1%     -  246s
     0     0   32.24860    0 6582  104.31854   32.24860  69.1%     -  253s
     0     0   32.25443    0 6668  104.31854   32.25443  69.1%     -  260s
     0     0   32.25590    0 6730  104.31854   32.25590  69.1%     -  264s
     0     0   32.25693    0 6746  104.31854   32.25693  69.1%     -  267s
H    0     0                     104.1593573   32.25693  69.0%     -  268s
H    0     0                     104.1210633   32.33164  68.9%     -  279s
H    0     0                     104.0917726   32.33164  68.9%     -  279s
H    0     0                     104.0881903   32.33164  68.9%     -  279s
H    0     0                     104.0857432   32.33164  68.9%     -  279s
     0     0   32.33164    0 6600  104.08574   32.33164  68.9%     -  279s
     0     0   32.34547    0 6661  104.08574   32.34547  68.9%     -  283s
     0     0   32.35311    0 6738  104.08574   32.35311  68.9%     -  286s
     0     0   32.35790    0 6772  104.08574   32.35790  68.9%     -  289s
H    0     0                     104.0032169   32.35985  68.9%     -  292s
     0     0   32.35985    0 6841  104.00322   32.35985  68.9%     -  292s
     0     0   32.36079    0 6865  104.00322   32.36079  68.9%     -  294s
H    0     0                     103.8177521   32.46177  68.7%     -  309s
     0     0   32.46177    0 6728  103.81775   32.46177  68.7%     -  309s
H    0     0                     103.6924933   32.47872  68.7%     -  314s
     0     0   32.47872    0 6800  103.69249   32.47872  68.7%     -  314s
     0     0   32.48560    0 6882  103.69249   32.48560  68.7%     -  317s
     0     0   32.48881    0 6959  103.69249   32.48881  68.7%     -  319s
     0     0   32.49008    0 6981  103.69249   32.49008  68.7%     -  321s
H    0     0                     103.6348509   32.56913  68.6%     -  335s
H    0     0                     103.5769258   32.56913  68.6%     -  335s
H    0     0                     103.5675770   32.56913  68.6%     -  335s
     0     0   32.56913    0 6883  103.56758   32.56913  68.6%     -  335s
H    0     0                     103.4831167   32.59196  68.5%     -  343s
H    0     0                     103.4448952   32.59196  68.5%     -  343s
     0     0   32.59196    0 6952  103.44490   32.59196  68.5%     -  343s
     0     0   32.59971    0 7036  103.44490   32.59971  68.5%     -  347s
     0     0   32.60319    0 7096  103.44490   32.60319  68.5%     -  351s
     0     0   32.60442    0 7128  103.44490   32.60442  68.5%     -  353s
     0     0   32.69323    0 6974  103.44490   32.69323  68.4%     -  368s
H    0     0                     103.4421419   32.70815  68.4%     -  374s
H    0     0                     103.4404679   32.70815  68.4%     -  374s
     0     0   32.70815    0 7060  103.44047   32.70815  68.4%     -  374s
     0     0   32.71868    0 7138  103.44047   32.71868  68.4%     -  378s
     0     0   32.72169    0 7229  103.44047   32.72169  68.4%     -  381s
     0     0   32.72294    0 7263  103.44047   32.72294  68.4%     -  384s
     0     0   32.79891    0 7137  103.44047   32.79891  68.3%     -  399s
     0     0   32.81812    0 7192  103.44047   32.81812  68.3%     -  404s
     0     0   32.82674    0 7295  103.44047   32.82674  68.3%     -  409s
H    0     0                     103.4139724   32.83027  68.3%     -  412s
     0     0   32.83027    0 7357  103.41397   32.83027  68.3%     -  412s
     0     0   32.83170    0 7396  103.41397   32.83170  68.3%     -  415s
     0     0   32.90308    0 7257  103.41397   32.90308  68.2%     -  429s
     0     0   32.91457    0 7293  103.41397   32.91457  68.2%     -  435s
     0     0   32.91915    0 7400  103.41397   32.91915  68.2%     -  438s
     0     0   32.92137    0 7435  103.41397   32.92137  68.2%     -  440s
     0     0   32.92210    0 7483  103.41397   32.92210  68.2%     -  442s
H    0     0                     103.4087993   32.97374  68.1%     -  458s
H    0     0                     103.4077941   32.97374  68.1%     -  458s
H    0     0                     103.3190220   32.97374  68.1%     -  458s
     0     0   32.97374    0 7326  103.31902   32.97374  68.1%     -  458s
     0     0   32.98538    0 7427  103.31902   32.98538  68.1%     -  464s
     0     0   32.98946    0 7498  103.31902   32.98946  68.1%     -  468s
     0     0   32.99095    0 7572  103.31902   32.99095  68.1%     -  471s
H    0     0                     103.1184062   33.03696  68.0%     -  486s
H    0     0                     103.0007338   33.03696  67.9%     -  486s
H    0     0                     102.9516277   33.03696  67.9%     -  486s
     0     0   33.03696    0 7438  102.95163   33.03696  67.9%     -  486s
     0     0   33.03945    0 7471  102.95163   33.03945  67.9%     -  489s
H    0     0                     102.9409640   33.04009  67.9%     -  490s
     0     0   33.04009    0 7484  102.94096   33.04009  67.9%     -  490s
H    0     0                     102.9205165   33.06535  67.9%     -  498s
H    0     0                     102.9076637   33.06535  67.9%     -  498s
H    0     0                     102.9013312   33.06535  67.9%     -  498s
H    0     0                     102.9002830   33.06535  67.9%     -  498s
     0     0   33.06535    0 7455  102.90028   33.06535  67.9%     -  498s
     0     0   33.07087    0 7502  102.90028   33.07087  67.9%     -  512s
     0     0   33.07197    0 7550  102.90028   33.07197  67.9%     -  517s
     0     0   33.09900    0 7493  102.90028   33.09900  67.8%     -  549s
     0     0   33.10620    0 7601  102.90028   33.10620  67.8%     -  566s
     0     0   33.10802    0 7657  102.90028   33.10802  67.8%     -  575s
H    0     0                     102.8022028   33.10802  67.8%     -  577s
H    0     0                     102.7843894   33.13851  67.8%     -  592s
     0     0   33.13851    0 7555  102.78439   33.13851  67.8%     -  592s
     0     0   33.14277    0 7642  102.78439   33.14277  67.8%     -  597s
     0     0   33.14405    0 7660  102.78439   33.14405  67.8%     -  600s
H    0     0                     102.7730050   33.18487  67.7%     -  617s
H    0     0                     102.7615397   33.18487  67.7%     -  617s
H    0     0                     102.7379689   33.18487  67.7%     -  617s
     0     0   33.18487    0 7529  102.73797   33.18487  67.7%     -  617s
     0     0   33.19174    0 7615  102.73797   33.19174  67.7%     -  622s
     0     0   33.19480    0 7688  102.73797   33.19480  67.7%     -  625s
     0     0   33.19553    0 7743  102.73797   33.19553  67.7%     -  628s
H    0     0                     102.7357532   33.23839  67.6%     -  644s
H    0     0                     102.7357530   33.23839  67.6%     -  644s
H    0     0                     102.7309005   33.23839  67.6%     -  644s
     0     0   33.23839    0 7576  102.73090   33.23839  67.6%     -  644s
H    0     0                     102.7306169   33.23839  67.6%     -  644s
H    0     0                     102.7277602   33.24582  67.6%     -  650s
H    0     0                     102.7258103   33.24582  67.6%     -  650s
     0     0   33.24582    0 7668  102.72581   33.24582  67.6%     -  650s
     0     0   33.24795    0 7747  102.72581   33.24795  67.6%     -  653s
H    0     0                     102.7103903   33.27596  67.6%     -  665s
     0     0   33.27596    0 7704  102.71039   33.27596  67.6%     -  665s
     0     0   33.27965    0 7746  102.71039   33.27965  67.6%     -  670s
     0     0   33.28052    0 7792  102.71039   33.28052  67.6%     -  672s
     0     0   33.31174    0 7697  102.71039   33.31174  67.6%     -  686s
     0     0   33.31937    0 7761  102.71039   33.31937  67.6%     -  693s
     0     0   33.32189    0 7819  102.71039   33.32189  67.6%     -  696s
H    0     0                     102.7046885   33.35553  67.5%     -  712s
     0     0   33.35553    0 7735  102.70469   33.35553  67.5%     -  712s
     0     0   33.36168    0 7817  102.70469   33.36168  67.5%     -  717s
H    0     0                     102.3636225   33.36313  67.4%     -  720s
     0     0   33.36313    0 7871  102.36362   33.36313  67.4%     -  720s
H    0     0                     102.3580919   33.36313  67.4%     -  722s
     0     0   33.38304    0 7786  102.35809   33.38304  67.4%     -  733s
     0     0   33.38304    0 7764  102.35809   33.38304  67.4%     -  734s
     0     2   33.38304    0 7750  102.35809   33.38304  67.4%     -  751s
     3     8   33.39679    2 7806  102.35809   33.38903  67.4%  2590  759s
     7    15   33.40665    3 7896  102.35809   33.39687  67.4%  3972  777s
    14    23   33.42557    4 7940  102.35809   33.40377  67.4%  5606  808s
    22    33   33.44405    5 7944  102.35809   33.40377  67.4%  7413  836s
    32    45   33.47042    6 7908  102.35809   33.40377  67.4%  6571  867s
    44    68   33.48765    7 7874  102.35809   33.40377  67.4%  6109  893s
    67    70   33.54753   10 7506  102.35809   33.40377  67.4%  5335  900s

Cutting planes:
  Gomory: 35
  Cover: 1963
  Clique: 4
  MIR: 4938
  StrongCG: 395
  Flow cover: 455
  GUB cover: 3
  Inf proof: 14
  Relax-and-lift: 2

Explored 69 nodes (970163 simplex iterations) in 900.03 seconds (941.27 work units)
Thread count was 8 (of 8 available processors)

Solution count 10: 102.358 102.364 102.705 ... 102.736

Time limit reached
Best objective 1.023580919415e+02, best bound 3.340377072943e+01, gap 67.3658%

Wrote result file '/var/folders/_g/qmy1pwhn0n38nzvw5fd66fsw0000gn/T/9eaaba3384704b5ab97734097db86ad6-pulp.sol'

Valor óptimo de la función objetivo: 102.35809194155281
Tiempo de ejecución: 900.78 segundos
